<?xml version="1.0" encoding="UTF-8"?>
<testsuite xmlns:xsi="http://www.w3.org/2001/XMLSchema-instance" xsi:noNamespaceSchemaLocation="https://maven.apache.org/surefire/maven-surefire-plugin/xsd/surefire-test-report-3.0.xsd" version="3.0" name="io.quarkus.workshop.superheroes.villain.VillainResourceTest" time="31.377" tests="13" errors="0" skipped="0" failures="0">
  <properties>
    <property name="awt.toolkit" value="sun.awt.X11.XToolkit"/>
    <property name="java.specification.version" value="11"/>
    <property name="sun.cpu.isalist" value=""/>
    <property name="test.url" value="http://0.0.0.0:8081"/>
    <property name="sun.jnu.encoding" value="UTF-8"/>
    <property name="java.class.path" value="/projects/bbva_ninja/chapter_quarkus/lab/quarkus-workshop-super-heroes/super-heroes/rest-villain/target/test-classes:/projects/bbva_ninja/chapter_quarkus/lab/quarkus-workshop-super-heroes/super-heroes/rest-villain/target/classes:/home/user/.m2/repository/io/quarkus/quarkus-resteasy/1.7.2.Final/quarkus-resteasy-1.7.2.Final.jar:/home/user/.m2/repository/io/quarkus/quarkus-vertx-http/1.7.2.Final/quarkus-vertx-http-1.7.2.Final.jar:/home/user/.m2/repository/io/quarkus/quarkus-security-runtime-spi/1.7.2.Final/quarkus-security-runtime-spi-1.7.2.Final.jar:/home/user/.m2/repository/io/quarkus/quarkus-development-mode-spi/1.7.2.Final/quarkus-development-mode-spi-1.7.2.Final.jar:/home/user/.m2/repository/io/quarkus/security/quarkus-security/1.1.2.Final/quarkus-security-1.1.2.Final.jar:/home/user/.m2/repository/io/smallrye/reactive/mutiny/0.7.0/mutiny-0.7.0.jar:/home/user/.m2/repository/org/reactivestreams/reactive-streams/1.0.3/reactive-streams-1.0.3.jar:/home/user/.m2/repository/jakarta/enterprise/jakarta.enterprise.cdi-api/2.0.2/jakarta.enterprise.cdi-api-2.0.2.jar:/home/user/.m2/repository/jakarta/el/jakarta.el-api/3.0.3/jakarta.el-api-3.0.3.jar:/home/user/.m2/repository/jakarta/interceptor/jakarta.interceptor-api/1.2.5/jakarta.interceptor-api-1.2.5.jar:/home/user/.m2/repository/io/quarkus/quarkus-vertx-core/1.7.2.Final/quarkus-vertx-core-1.7.2.Final.jar:/home/user/.m2/repository/io/quarkus/quarkus-netty/1.7.2.Final/quarkus-netty-1.7.2.Final.jar:/home/user/.m2/repository/io/netty/netty-codec/4.1.49.Final/netty-codec-4.1.49.Final.jar:/home/user/.m2/repository/io/netty/netty-handler/4.1.49.Final/netty-handler-4.1.49.Final.jar:/home/user/.m2/repository/io/vertx/vertx-core/3.9.2/vertx-core-3.9.2.jar:/home/user/.m2/repository/io/netty/netty-common/4.1.49.Final/netty-common-4.1.49.Final.jar:/home/user/.m2/repository/io/netty/netty-buffer/4.1.49.Final/netty-buffer-4.1.49.Final.jar:/home/user/.m2/repository/io/netty/netty-transport/4.1.49.Final/netty-transport-4.1.49.Final.jar:/home/user/.m2/repository/io/netty/netty-handler-proxy/4.1.49.Final/netty-handler-proxy-4.1.49.Final.jar:/home/user/.m2/repository/io/netty/netty-codec-socks/4.1.49.Final/netty-codec-socks-4.1.49.Final.jar:/home/user/.m2/repository/io/netty/netty-codec-http/4.1.49.Final/netty-codec-http-4.1.49.Final.jar:/home/user/.m2/repository/io/netty/netty-codec-http2/4.1.49.Final/netty-codec-http2-4.1.49.Final.jar:/home/user/.m2/repository/io/netty/netty-resolver/4.1.49.Final/netty-resolver-4.1.49.Final.jar:/home/user/.m2/repository/io/netty/netty-resolver-dns/4.1.49.Final/netty-resolver-dns-4.1.49.Final.jar:/home/user/.m2/repository/io/netty/netty-codec-dns/4.1.49.Final/netty-codec-dns-4.1.49.Final.jar:/home/user/.m2/repository/io/vertx/vertx-web/3.9.2/vertx-web-3.9.2.jar:/home/user/.m2/repository/io/vertx/vertx-web-common/3.9.2/vertx-web-common-3.9.2.jar:/home/user/.m2/repository/io/vertx/vertx-auth-common/3.9.2/vertx-auth-common-3.9.2.jar:/home/user/.m2/repository/io/vertx/vertx-bridge-common/3.9.2/vertx-bridge-common-3.9.2.jar:/home/user/.m2/repository/io/quarkus/quarkus-resteasy-server-common/1.7.2.Final/quarkus-resteasy-server-common-1.7.2.Final.jar:/home/user/.m2/repository/io/quarkus/quarkus-resteasy-common/1.7.2.Final/quarkus-resteasy-common-1.7.2.Final.jar:/home/user/.m2/repository/org/jboss/resteasy/resteasy-core/4.5.6.Final/resteasy-core-4.5.6.Final.jar:/home/user/.m2/repository/org/jboss/spec/javax/ws/rs/jboss-jaxrs-api_2.1_spec/2.0.1.Final/jboss-jaxrs-api_2.1_spec-2.0.1.Final.jar:/home/user/.m2/repository/org/jboss/resteasy/resteasy-core-spi/4.5.6.Final/resteasy-core-spi-4.5.6.Final.jar:/home/user/.m2/repository/com/ibm/async/asyncutil/0.1.0/asyncutil-0.1.0.jar:/home/user/.m2/repository/com/sun/activation/jakarta.activation/1.2.1/jakarta.activation-1.2.1.jar:/home/user/.m2/repository/jakarta/validation/jakarta.validation-api/2.0.2/jakarta.validation-api-2.0.2.jar:/home/user/.m2/repository/io/quarkus/quarkus-resteasy-jsonb/1.7.2.Final/quarkus-resteasy-jsonb-1.7.2.Final.jar:/home/user/.m2/repository/io/quarkus/quarkus-jsonb/1.7.2.Final/quarkus-jsonb-1.7.2.Final.jar:/home/user/.m2/repository/org/eclipse/yasson/1.0.8/yasson-1.0.8.jar:/home/user/.m2/repository/org/jboss/resteasy/resteasy-json-binding-provider/4.5.6.Final/resteasy-json-binding-provider-4.5.6.Final.jar:/home/user/.m2/repository/org/glassfish/jakarta.json/1.1.6/jakarta.json-1.1.6.jar:/home/user/.m2/repository/jakarta/json/bind/jakarta.json.bind-api/1.0.2/jakarta.json.bind-api-1.0.2.jar:/home/user/.m2/repository/org/jboss/logging/jboss-logging/3.3.2.Final/jboss-logging-3.3.2.Final.jar:/home/user/.m2/repository/org/jboss/resteasy/resteasy-json-p-provider/4.5.6.Final/resteasy-json-p-provider-4.5.6.Final.jar:/home/user/.m2/repository/commons-io/commons-io/2.7/commons-io-2.7.jar:/home/user/.m2/repository/io/quarkus/quarkus-hibernate-orm-panache/1.7.2.Final/quarkus-hibernate-orm-panache-1.7.2.Final.jar:/home/user/.m2/repository/io/quarkus/quarkus-core/1.7.2.Final/quarkus-core-1.7.2.Final.jar:/home/user/.m2/repository/jakarta/annotation/jakarta.annotation-api/1.3.5/jakarta.annotation-api-1.3.5.jar:/home/user/.m2/repository/io/quarkus/quarkus-ide-launcher/1.7.2.Final/quarkus-ide-launcher-1.7.2.Final.jar:/home/user/.m2/repository/io/smallrye/config/smallrye-config/1.8.5/smallrye-config-1.8.5.jar:/home/user/.m2/repository/io/smallrye/common/smallrye-common-annotation/1.1.0/smallrye-common-annotation-1.1.0.jar:/home/user/.m2/repository/io/smallrye/config/smallrye-config-common/1.8.5/smallrye-config-common-1.8.5.jar:/home/user/.m2/repository/io/smallrye/common/smallrye-common-expression/1.1.0/smallrye-common-expression-1.1.0.jar:/home/user/.m2/repository/io/smallrye/common/smallrye-common-function/1.1.0/smallrye-common-function-1.1.0.jar:/home/user/.m2/repository/io/smallrye/common/smallrye-common-constraint/1.1.0/smallrye-common-constraint-1.1.0.jar:/home/user/.m2/repository/org/jboss/logmanager/jboss-logmanager-embedded/1.0.4/jboss-logmanager-embedded-1.0.4.jar:/home/user/.m2/repository/org/jboss/logging/jboss-logging-annotations/2.1.0.Final/jboss-logging-annotations-2.1.0.Final.jar:/home/user/.m2/repository/org/jboss/threads/jboss-threads/3.1.1.Final/jboss-threads-3.1.1.Final.jar:/home/user/.m2/repository/org/slf4j/slf4j-api/1.7.30/slf4j-api-1.7.30.jar:/home/user/.m2/repository/org/jboss/slf4j/slf4j-jboss-logging/1.2.0.Final/slf4j-jboss-logging-1.2.0.Final.jar:/home/user/.m2/repository/org/graalvm/sdk/graal-sdk/20.1.0/graal-sdk-20.1.0.jar:/home/user/.m2/repository/org/wildfly/common/wildfly-common/1.5.4.Final-format-001/wildfly-common-1.5.4.Final-format-001.jar:/home/user/.m2/repository/io/quarkus/quarkus-bootstrap-runner/1.7.2.Final/quarkus-bootstrap-runner-1.7.2.Final.jar:/home/user/.m2/repository/io/quarkus/quarkus-hibernate-orm/1.7.2.Final/quarkus-hibernate-orm-1.7.2.Final.jar:/home/user/.m2/repository/io/quarkus/quarkus-agroal/1.7.2.Final/quarkus-agroal-1.7.2.Final.jar:/home/user/.m2/repository/io/quarkus/quarkus-datasource/1.7.2.Final/quarkus-datasource-1.7.2.Final.jar:/home/user/.m2/repository/io/quarkus/quarkus-datasource-common/1.7.2.Final/quarkus-datasource-common-1.7.2.Final.jar:/home/user/.m2/repository/org/jboss/narayana/jta/narayana-jta/5.10.5.Final/narayana-jta-5.10.5.Final.jar:/home/user/.m2/repository/org/jboss/jboss-transaction-spi/7.6.0.Final/jboss-transaction-spi-7.6.0.Final.jar:/home/user/.m2/repository/org/jboss/spec/javax/resource/jboss-connector-api_1.7_spec/1.0.0.Final/jboss-connector-api_1.7_spec-1.0.0.Final.jar:/home/user/.m2/repository/org/jboss/narayana/jts/narayana-jts-integration/5.10.5.Final/narayana-jts-integration-5.10.5.Final.jar:/home/user/.m2/repository/io/agroal/agroal-api/1.8/agroal-api-1.8.jar:/home/user/.m2/repository/io/agroal/agroal-narayana/1.8/agroal-narayana-1.8.jar:/home/user/.m2/repository/io/agroal/agroal-pool/1.8/agroal-pool-1.8.jar:/home/user/.m2/repository/io/quarkus/quarkus-credentials/1.7.2.Final/quarkus-credentials-1.7.2.Final.jar:/home/user/.m2/repository/io/quarkus/quarkus-narayana-jta/1.7.2.Final/quarkus-narayana-jta-1.7.2.Final.jar:/home/user/.m2/repository/io/quarkus/quarkus-mutiny/1.7.2.Final/quarkus-mutiny-1.7.2.Final.jar:/home/user/.m2/repository/io/quarkus/quarkus-smallrye-context-propagation/1.7.2.Final/quarkus-smallrye-context-propagation-1.7.2.Final.jar:/home/user/.m2/repository/io/smallrye/smallrye-context-propagation/1.0.13/smallrye-context-propagation-1.0.13.jar:/home/user/.m2/repository/io/smallrye/smallrye-context-propagation-api/1.0.13/smallrye-context-propagation-api-1.0.13.jar:/home/user/.m2/repository/io/smallrye/reactive/mutiny-context-propagation/0.7.0/mutiny-context-propagation-0.7.0.jar:/home/user/.m2/repository/io/smallrye/smallrye-context-propagation-jta/1.0.13/smallrye-context-propagation-jta-1.0.13.jar:/home/user/.m2/repository/io/smallrye/reactive/smallrye-reactive-converter-api/1.1.0/smallrye-reactive-converter-api-1.1.0.jar:/home/user/.m2/repository/io/smallrye/reactive/smallrye-reactive-converter-mutiny/1.1.0/smallrye-reactive-converter-mutiny-1.1.0.jar:/home/user/.m2/repository/org/hibernate/hibernate-core/5.4.21.Final/hibernate-core-5.4.21.Final.jar:/home/user/.m2/repository/net/bytebuddy/byte-buddy/1.10.10/byte-buddy-1.10.10.jar:/home/user/.m2/repository/antlr/antlr/2.7.7/antlr-2.7.7.jar:/home/user/.m2/repository/org/dom4j/dom4j/2.1.3/dom4j-2.1.3.jar:/home/user/.m2/repository/org/hibernate/common/hibernate-commons-annotations/5.1.0.Final/hibernate-commons-annotations-5.1.0.Final.jar:/home/user/.m2/repository/org/hibernate/hibernate-graalvm/5.4.21.Final/hibernate-graalvm-5.4.21.Final.jar:/home/user/.m2/repository/org/glassfish/jaxb/jaxb-runtime/2.3.3-b02/jaxb-runtime-2.3.3-b02.jar:/home/user/.m2/repository/org/glassfish/jaxb/txw2/2.3.3-b02/txw2-2.3.3-b02.jar:/home/user/.m2/repository/com/sun/istack/istack-commons-runtime/3.0.10/istack-commons-runtime-3.0.10.jar:/home/user/.m2/repository/org/jboss/spec/javax/xml/bind/jboss-jaxb-api_2.3_spec/2.0.0.Final/jboss-jaxb-api_2.3_spec-2.0.0.Final.jar:/home/user/.m2/repository/jakarta/persistence/jakarta.persistence-api/2.2.3/jakarta.persistence-api-2.2.3.jar:/home/user/.m2/repository/jakarta/transaction/jakarta.transaction-api/1.3.3/jakarta.transaction-api-1.3.3.jar:/home/user/.m2/repository/org/hibernate/quarkus-local-cache/0.1.0/quarkus-local-cache-0.1.0.jar:/home/user/.m2/repository/com/github/ben-manes/caffeine/caffeine/2.8.5/caffeine-2.8.5.jar:/home/user/.m2/repository/com/google/errorprone/error_prone_annotations/2.2.0/error_prone_annotations-2.2.0.jar:/home/user/.m2/repository/io/quarkus/quarkus-caffeine/1.7.2.Final/quarkus-caffeine-1.7.2.Final.jar:/home/user/.m2/repository/io/quarkus/quarkus-hibernate-orm-panache-common/1.7.2.Final/quarkus-hibernate-orm-panache-common-1.7.2.Final.jar:/home/user/.m2/repository/io/quarkus/quarkus-arc/1.7.2.Final/quarkus-arc-1.7.2.Final.jar:/home/user/.m2/repository/io/quarkus/arc/arc/1.7.2.Final/arc-1.7.2.Final.jar:/home/user/.m2/repository/org/eclipse/microprofile/context-propagation/microprofile-context-propagation-api/1.0.1/microprofile-context-propagation-api-1.0.1.jar:/home/user/.m2/repository/io/quarkus/quarkus-panache-common/1.7.2.Final/quarkus-panache-common-1.7.2.Final.jar:/home/user/.m2/repository/io/quarkus/quarkus-jdbc-postgresql/1.7.2.Final/quarkus-jdbc-postgresql-1.7.2.Final.jar:/home/user/.m2/repository/org/postgresql/postgresql/42.2.14/postgresql-42.2.14.jar:/home/user/.m2/repository/io/quarkus/quarkus-hibernate-validator/1.7.2.Final/quarkus-hibernate-validator-1.7.2.Final.jar:/home/user/.m2/repository/org/hibernate/validator/hibernate-validator/6.1.5.Final/hibernate-validator-6.1.5.Final.jar:/home/user/.m2/repository/com/fasterxml/classmate/1.3.4/classmate-1.3.4.jar:/home/user/.m2/repository/org/glassfish/jakarta.el/3.0.3/jakarta.el-3.0.3.jar:/home/user/.m2/repository/io/quarkus/quarkus-smallrye-openapi/1.7.2.Final/quarkus-smallrye-openapi-1.7.2.Final.jar:/home/user/.m2/repository/io/smallrye/smallrye-open-api-core/2.0.7/smallrye-open-api-core-2.0.7.jar:/home/user/.m2/repository/org/eclipse/microprofile/openapi/microprofile-openapi-api/1.1.2/microprofile-openapi-api-1.1.2.jar:/home/user/.m2/repository/com/fasterxml/jackson/dataformat/jackson-dataformat-yaml/2.11.2/jackson-dataformat-yaml-2.11.2.jar:/home/user/.m2/repository/org/yaml/snakeyaml/1.26/snakeyaml-1.26.jar:/home/user/.m2/repository/org/jboss/jandex/2.2.1.Final/jandex-2.2.1.Final.jar:/home/user/.m2/repository/io/quarkus/quarkus-swagger-ui/1.7.2.Final/quarkus-swagger-ui-1.7.2.Final.jar:/home/user/.m2/repository/io/quarkus/quarkus-smallrye-health/1.7.2.Final/quarkus-smallrye-health-1.7.2.Final.jar:/home/user/.m2/repository/io/smallrye/smallrye-health/2.2.3/smallrye-health-2.2.3.jar:/home/user/.m2/repository/org/eclipse/microprofile/health/microprofile-health-api/2.2/microprofile-health-api-2.2.jar:/home/user/.m2/repository/io/smallrye/smallrye-health-api/2.2.3/smallrye-health-api-2.2.3.jar:/home/user/.m2/repository/io/smallrye/smallrye-health-ui/2.2.3/smallrye-health-ui-2.2.3.jar:/home/user/.m2/repository/io/smallrye/smallrye-health-provided-checks/2.2.3/smallrye-health-provided-checks-2.2.3.jar:/home/user/.m2/repository/io/quarkus/quarkus-jsonp/1.7.2.Final/quarkus-jsonp-1.7.2.Final.jar:/home/user/.m2/repository/io/quarkus/quarkus-smallrye-metrics/1.7.2.Final/quarkus-smallrye-metrics-1.7.2.Final.jar:/home/user/.m2/repository/io/smallrye/smallrye-metrics/2.4.3/smallrye-metrics-2.4.3.jar:/home/user/.m2/repository/org/eclipse/microprofile/metrics/microprofile-metrics-api/2.3/microprofile-metrics-api-2.3.jar:/home/user/.m2/repository/io/quarkus/quarkus-junit5/1.7.2.Final/quarkus-junit5-1.7.2.Final.jar:/home/user/.m2/repository/io/quarkus/quarkus-bootstrap-core/1.7.2.Final/quarkus-bootstrap-core-1.7.2.Final.jar:/home/user/.m2/repository/io/quarkus/quarkus-bootstrap-app-model/1.7.2.Final/quarkus-bootstrap-app-model-1.7.2.Final.jar:/home/user/.m2/repository/io/quarkus/quarkus-bootstrap-maven-resolver/1.7.2.Final/quarkus-bootstrap-maven-resolver-1.7.2.Final.jar:/home/user/.m2/repository/org/ow2/asm/asm/8.0.1/asm-8.0.1.jar:/home/user/.m2/repository/org/apache/maven/maven-embedder/3.6.3/maven-embedder-3.6.3.jar:/home/user/.m2/repository/org/apache/maven/maven-settings/3.6.3/maven-settings-3.6.3.jar:/home/user/.m2/repository/org/apache/maven/maven-core/3.6.3/maven-core-3.6.3.jar:/home/user/.m2/repository/org/apache/maven/maven-artifact/3.6.3/maven-artifact-3.6.3.jar:/home/user/.m2/repository/org/codehaus/plexus/plexus-component-annotations/2.1.0/plexus-component-annotations-2.1.0.jar:/home/user/.m2/repository/org/apache/maven/maven-plugin-api/3.6.3/maven-plugin-api-3.6.3.jar:/home/user/.m2/repository/org/apache/maven/maven-model/3.6.3/maven-model-3.6.3.jar:/home/user/.m2/repository/org/apache/maven/maven-model-builder/3.6.3/maven-model-builder-3.6.3.jar:/home/user/.m2/repository/org/apache/maven/maven-builder-support/3.6.3/maven-builder-support-3.6.3.jar:/home/user/.m2/repository/org/apache/maven/resolver/maven-resolver-api/1.4.1/maven-resolver-api-1.4.1.jar:/home/user/.m2/repository/org/apache/maven/resolver/maven-resolver-util/1.4.1/maven-resolver-util-1.4.1.jar:/home/user/.m2/repository/org/apache/maven/shared/maven-shared-utils/3.2.1/maven-shared-utils-3.2.1.jar:/home/user/.m2/repository/com/google/inject/guice/4.2.1/guice-4.2.1-no_aop.jar:/home/user/.m2/repository/com/google/guava/guava/27.0.1-jre/guava-27.0.1-jre.jar:/home/user/.m2/repository/com/google/guava/failureaccess/1.0.1/failureaccess-1.0.1.jar:/home/user/.m2/repository/com/google/guava/listenablefuture/9999.0-empty-to-avoid-conflict-with-guava/listenablefuture-9999.0-empty-to-avoid-conflict-with-guava.jar:/home/user/.m2/repository/org/codehaus/plexus/plexus-utils/3.2.1/plexus-utils-3.2.1.jar:/home/user/.m2/repository/org/codehaus/plexus/plexus-classworlds/2.6.0/plexus-classworlds-2.6.0.jar:/home/user/.m2/repository/commons-cli/commons-cli/1.4/commons-cli-1.4.jar:/home/user/.m2/repository/org/eclipse/sisu/org.eclipse.sisu.plexus/0.3.4/org.eclipse.sisu.plexus-0.3.4.jar:/home/user/.m2/repository/org/apache/maven/maven-settings-builder/3.6.3/maven-settings-builder-3.6.3.jar:/home/user/.m2/repository/org/codehaus/plexus/plexus-interpolation/1.25/plexus-interpolation-1.25.jar:/home/user/.m2/repository/org/sonatype/plexus/plexus-sec-dispatcher/1.4/plexus-sec-dispatcher-1.4.jar:/home/user/.m2/repository/org/sonatype/plexus/plexus-cipher/1.4/plexus-cipher-1.4.jar:/home/user/.m2/repository/org/apache/maven/maven-resolver-provider/3.6.3/maven-resolver-provider-3.6.3.jar:/home/user/.m2/repository/org/apache/maven/maven-repository-metadata/3.6.3/maven-repository-metadata-3.6.3.jar:/home/user/.m2/repository/org/apache/maven/resolver/maven-resolver-spi/1.4.1/maven-resolver-spi-1.4.1.jar:/home/user/.m2/repository/org/apache/maven/resolver/maven-resolver-impl/1.4.1/maven-resolver-impl-1.4.1.jar:/home/user/.m2/repository/org/apache/maven/resolver/maven-resolver-connector-basic/1.4.1/maven-resolver-connector-basic-1.4.1.jar:/home/user/.m2/repository/org/apache/maven/resolver/maven-resolver-transport-wagon/1.4.1/maven-resolver-transport-wagon-1.4.1.jar:/home/user/.m2/repository/org/apache/maven/wagon/wagon-http/3.3.4/wagon-http-3.3.4.jar:/home/user/.m2/repository/org/apache/maven/wagon/wagon-http-shared/3.3.4/wagon-http-shared-3.3.4.jar:/home/user/.m2/repository/org/jsoup/jsoup/1.12.1/jsoup-1.12.1.jar:/home/user/.m2/repository/org/apache/maven/wagon/wagon-provider-api/3.3.4/wagon-provider-api-3.3.4.jar:/home/user/.m2/repository/org/apache/maven/wagon/wagon-file/3.3.4/wagon-file-3.3.4.jar:/home/user/.m2/repository/io/quarkus/quarkus-bootstrap-gradle-resolver/1.7.2.Final/quarkus-bootstrap-gradle-resolver-1.7.2.Final.jar:/home/user/.m2/repository/io/smallrye/common/smallrye-common-io/1.1.0/smallrye-common-io-1.1.0.jar:/home/user/.m2/repository/org/eclipse/sisu/org.eclipse.sisu.inject/0.3.4/org.eclipse.sisu.inject-0.3.4.jar:/home/user/.m2/repository/io/quarkus/quarkus-test-common/1.7.2.Final/quarkus-test-common-1.7.2.Final.jar:/home/user/.m2/repository/io/quarkus/quarkus-core-deployment/1.7.2.Final/quarkus-core-deployment-1.7.2.Final.jar:/home/user/.m2/repository/io/quarkus/gizmo/gizmo/1.0.4.Final/gizmo-1.0.4.Final.jar:/home/user/.m2/repository/org/ow2/asm/asm-util/8.0.1/asm-util-8.0.1.jar:/home/user/.m2/repository/org/ow2/asm/asm-tree/8.0.1/asm-tree-8.0.1.jar:/home/user/.m2/repository/org/ow2/asm/asm-analysis/8.0.1/asm-analysis-8.0.1.jar:/home/user/.m2/repository/io/quarkus/quarkus-devtools-utilities/1.7.2.Final/quarkus-devtools-utilities-1.7.2.Final.jar:/home/user/.m2/repository/io/quarkus/quarkus-builder/1.7.2.Final/quarkus-builder-1.7.2.Final.jar:/home/user/.m2/repository/io/quarkus/quarkus-jsonp-deployment/1.7.2.Final/quarkus-jsonp-deployment-1.7.2.Final.jar:/home/user/.m2/repository/org/jboss/logging/commons-logging-jboss-logging/1.0.0.Final/commons-logging-jboss-logging-1.0.0.Final.jar:/home/user/.m2/repository/org/junit/jupiter/junit-jupiter/5.6.2/junit-jupiter-5.6.2.jar:/home/user/.m2/repository/org/junit/jupiter/junit-jupiter-params/5.6.2/junit-jupiter-params-5.6.2.jar:/home/user/.m2/repository/org/junit/jupiter/junit-jupiter-engine/5.6.2/junit-jupiter-engine-5.6.2.jar:/home/user/.m2/repository/org/junit/platform/junit-platform-engine/1.6.2/junit-platform-engine-1.6.2.jar:/home/user/.m2/repository/com/thoughtworks/xstream/xstream/1.4.11.1/xstream-1.4.11.1.jar:/home/user/.m2/repository/xmlpull/xmlpull/1.1.3.1/xmlpull-1.1.3.1.jar:/home/user/.m2/repository/xpp3/xpp3_min/1.1.4c/xpp3_min-1.1.4c.jar:/home/user/.m2/repository/io/rest-assured/rest-assured/4.3.0/rest-assured-4.3.0.jar:/home/user/.m2/repository/org/codehaus/groovy/groovy/3.0.2/groovy-3.0.2.jar:/home/user/.m2/repository/org/codehaus/groovy/groovy-xml/3.0.2/groovy-xml-3.0.2.jar:/home/user/.m2/repository/org/apache/httpcomponents/httpclient/4.5.12/httpclient-4.5.12.jar:/home/user/.m2/repository/org/apache/httpcomponents/httpcore/4.4.13/httpcore-4.4.13.jar:/home/user/.m2/repository/commons-codec/commons-codec/1.14/commons-codec-1.14.jar:/home/user/.m2/repository/org/apache/httpcomponents/httpmime/4.5.3/httpmime-4.5.3.jar:/home/user/.m2/repository/org/hamcrest/hamcrest/2.1/hamcrest-2.1.jar:/home/user/.m2/repository/org/ccil/cowan/tagsoup/tagsoup/1.2.1/tagsoup-1.2.1.jar:/home/user/.m2/repository/io/rest-assured/json-path/4.3.0/json-path-4.3.0.jar:/home/user/.m2/repository/org/codehaus/groovy/groovy-json/3.0.2/groovy-json-3.0.2.jar:/home/user/.m2/repository/io/rest-assured/rest-assured-common/4.3.0/rest-assured-common-4.3.0.jar:/home/user/.m2/repository/io/rest-assured/xml-path/4.3.0/xml-path-4.3.0.jar:/home/user/.m2/repository/org/apache/commons/commons-lang3/3.9/commons-lang3-3.9.jar:/home/user/.m2/repository/jakarta/xml/bind/jakarta.xml.bind-api/2.3.2/jakarta.xml.bind-api-2.3.2.jar:/home/user/.m2/repository/org/apache/sling/org.apache.sling.javax.activation/0.1.0/org.apache.sling.javax.activation-0.1.0.jar:/home/user/.m2/repository/com/fasterxml/jackson/core/jackson-databind/2.11.2/jackson-databind-2.11.2.jar:/home/user/.m2/repository/com/fasterxml/jackson/core/jackson-annotations/2.11.2/jackson-annotations-2.11.2.jar:/home/user/.m2/repository/com/fasterxml/jackson/core/jackson-core/2.11.2/jackson-core-2.11.2.jar:/home/user/.m2/repository/org/testcontainers/junit-jupiter/1.12.2/junit-jupiter-1.12.2.jar:/home/user/.m2/repository/org/testcontainers/testcontainers/1.12.2/testcontainers-1.12.2.jar:/home/user/.m2/repository/junit/junit/4.12/junit-4.12.jar:/home/user/.m2/repository/org/hamcrest/hamcrest-core/1.3/hamcrest-core-1.3.jar:/home/user/.m2/repository/org/jetbrains/annotations/17.0.0/annotations-17.0.0.jar:/home/user/.m2/repository/javax/annotation/javax.annotation-api/1.3.2/javax.annotation-api-1.3.2.jar:/home/user/.m2/repository/org/apache/commons/commons-compress/1.20/commons-compress-1.20.jar:/home/user/.m2/repository/javax/xml/bind/jaxb-api/2.3.1/jaxb-api-2.3.1.jar:/home/user/.m2/repository/javax/activation/javax.activation-api/1.2.0/javax.activation-api-1.2.0.jar:/home/user/.m2/repository/org/rnorth/duct-tape/duct-tape/1.0.8/duct-tape-1.0.8.jar:/home/user/.m2/repository/org/rnorth/visible-assertions/visible-assertions/2.1.2/visible-assertions-2.1.2.jar:/home/user/.m2/repository/org/rnorth/tcp-unix-socket-proxy/1.0.2/tcp-unix-socket-proxy-1.0.2.jar:/home/user/.m2/repository/com/kohlschutter/junixsocket/junixsocket-native-common/2.0.4/junixsocket-native-common-2.0.4.jar:/home/user/.m2/repository/org/scijava/native-lib-loader/2.0.2/native-lib-loader-2.0.2.jar:/home/user/.m2/repository/com/kohlschutter/junixsocket/junixsocket-common/2.0.4/junixsocket-common-2.0.4.jar:/home/user/.m2/repository/net/java/dev/jna/jna-platform/5.3.1/jna-platform-5.3.1.jar:/home/user/.m2/repository/net/java/dev/jna/jna/5.3.1/jna-5.3.1.jar:/home/user/.m2/repository/org/junit/jupiter/junit-jupiter-api/5.6.2/junit-jupiter-api-5.6.2.jar:/home/user/.m2/repository/org/apiguardian/apiguardian-api/1.1.0/apiguardian-api-1.1.0.jar:/home/user/.m2/repository/org/opentest4j/opentest4j/1.2.0/opentest4j-1.2.0.jar:/home/user/.m2/repository/org/junit/platform/junit-platform-commons/1.6.2/junit-platform-commons-1.6.2.jar:/home/user/.m2/repository/org/testcontainers/postgresql/1.12.2/postgresql-1.12.2.jar:/home/user/.m2/repository/org/testcontainers/jdbc/1.12.2/jdbc-1.12.2.jar:/home/user/.m2/repository/org/testcontainers/database-commons/1.12.2/database-commons-1.12.2.jar:/home/user/.m2/repository/io/quarkus/quarkus-openshift/1.7.2.Final/quarkus-openshift-1.7.2.Final.jar:/home/user/.m2/repository/io/quarkus/quarkus-kubernetes-client-internal/1.7.2.Final/quarkus-kubernetes-client-internal-1.7.2.Final.jar:/home/user/.m2/repository/io/quarkus/quarkus-smallrye-opentracing/1.7.2.Final/quarkus-smallrye-opentracing-1.7.2.Final.jar:/home/user/.m2/repository/org/eclipse/microprofile/config/microprofile-config-api/1.4/microprofile-config-api-1.4.jar:/home/user/.m2/repository/org/eclipse/microprofile/opentracing/microprofile-opentracing-api/1.3.3/microprofile-opentracing-api-1.3.3.jar:/home/user/.m2/repository/io/smallrye/smallrye-opentracing/1.3.4/smallrye-opentracing-1.3.4.jar:/home/user/.m2/repository/org/eclipse/microprofile/rest/client/microprofile-rest-client-api/1.4.1/microprofile-rest-client-api-1.4.1.jar:/home/user/.m2/repository/io/opentracing/opentracing-api/0.31.0/opentracing-api-0.31.0.jar:/home/user/.m2/repository/io/opentracing/contrib/opentracing-jaxrs2/0.4.1/opentracing-jaxrs2-0.4.1.jar:/home/user/.m2/repository/io/opentracing/opentracing-noop/0.31.0/opentracing-noop-0.31.0.jar:/home/user/.m2/repository/io/opentracing/contrib/opentracing-web-servlet-filter/0.2.3/opentracing-web-servlet-filter-0.2.3.jar:/home/user/.m2/repository/io/opentracing/contrib/opentracing-concurrent/0.2.0/opentracing-concurrent-0.2.0.jar:/home/user/.m2/repository/io/opentracing/contrib/opentracing-interceptors/0.0.4/opentracing-interceptors-0.0.4.jar:/home/user/.m2/repository/io/opentracing/contrib/opentracing-tracerresolver/0.1.8/opentracing-tracerresolver-0.1.8.jar:/home/user/.m2/repository/io/smallrye/smallrye-fault-tolerance-tracing-propagation/4.3.0/smallrye-fault-tolerance-tracing-propagation-4.3.0.jar:/home/user/.m2/repository/jakarta/inject/jakarta.inject-api/1.0/jakarta.inject-api-1.0.jar:/home/user/.m2/repository/io/quarkus/quarkus-jaeger/1.7.2.Final/quarkus-jaeger-1.7.2.Final.jar:/home/user/.m2/repository/io/jaegertracing/jaeger-core/0.34.3/jaeger-core-0.34.3.jar:/home/user/.m2/repository/io/opentracing/opentracing-util/0.31.0/opentracing-util-0.31.0.jar:/home/user/.m2/repository/com/google/code/gson/gson/2.8.6/gson-2.8.6.jar:/home/user/.m2/repository/io/jaegertracing/jaeger-thrift/0.34.3/jaeger-thrift-0.34.3.jar:/home/user/.m2/repository/org/apache/thrift/libthrift/0.13.0/libthrift-0.13.0.jar:/home/user/.m2/repository/com/squareup/okhttp3/okhttp/3.14.9/okhttp-3.14.9.jar:/home/user/.m2/repository/com/squareup/okio/okio/1.17.2/okio-1.17.2.jar:/home/user/.m2/repository/jakarta/activation/jakarta.activation-api/1.2.1/jakarta.activation-api-1.2.1.jar:/home/user/.m2/repository/jakarta/servlet/jakarta.servlet-api/4.0.3/jakarta.servlet-api-4.0.3.jar:/home/user/.m2/repository/io/quarkus/quarkus-jdbc-h2/1.7.2.Final/quarkus-jdbc-h2-1.7.2.Final.jar:/home/user/.m2/repository/com/h2database/h2/1.4.197/h2-1.4.197.jar:/home/user/.m2/repository/org/locationtech/jts/jts-core/1.15.0/jts-core-1.15.0.jar:"/>
    <property name="java.vm.vendor" value="GraalVM Community"/>
    <property name="sun.arch.data.model" value="64"/>
    <property name="java.vendor.url" value="https://www.graalvm.org/"/>
    <property name="user.timezone" value="UTC"/>
    <property name="java.vm.specification.version" value="11"/>
    <property name="os.name" value="Linux"/>
    <property name="user.country" value="US"/>
    <property name="sun.java.launcher" value="SUN_STANDARD"/>
    <property name="sun.boot.library.path" value="/opt/graalvm/lib"/>
    <property name="sun.java.command" value="/projects/bbva_ninja/chapter_quarkus/lab/quarkus-workshop-super-heroes/super-heroes/rest-villain/target/surefire/surefirebooter1065489542071057628.jar /projects/bbva_ninja/chapter_quarkus/lab/quarkus-workshop-super-heroes/super-heroes/rest-villain/target/surefire 2020-10-02T20-24-50_616-jvmRun1 surefire2633421231400164120tmp surefire_012004799747222758391tmp"/>
    <property name="jdk.debug" value="release"/>
    <property name="surefire.test.class.path" value="/projects/bbva_ninja/chapter_quarkus/lab/quarkus-workshop-super-heroes/super-heroes/rest-villain/target/test-classes:/projects/bbva_ninja/chapter_quarkus/lab/quarkus-workshop-super-heroes/super-heroes/rest-villain/target/classes:/home/user/.m2/repository/io/quarkus/quarkus-resteasy/1.7.2.Final/quarkus-resteasy-1.7.2.Final.jar:/home/user/.m2/repository/io/quarkus/quarkus-vertx-http/1.7.2.Final/quarkus-vertx-http-1.7.2.Final.jar:/home/user/.m2/repository/io/quarkus/quarkus-security-runtime-spi/1.7.2.Final/quarkus-security-runtime-spi-1.7.2.Final.jar:/home/user/.m2/repository/io/quarkus/quarkus-development-mode-spi/1.7.2.Final/quarkus-development-mode-spi-1.7.2.Final.jar:/home/user/.m2/repository/io/quarkus/security/quarkus-security/1.1.2.Final/quarkus-security-1.1.2.Final.jar:/home/user/.m2/repository/io/smallrye/reactive/mutiny/0.7.0/mutiny-0.7.0.jar:/home/user/.m2/repository/org/reactivestreams/reactive-streams/1.0.3/reactive-streams-1.0.3.jar:/home/user/.m2/repository/jakarta/enterprise/jakarta.enterprise.cdi-api/2.0.2/jakarta.enterprise.cdi-api-2.0.2.jar:/home/user/.m2/repository/jakarta/el/jakarta.el-api/3.0.3/jakarta.el-api-3.0.3.jar:/home/user/.m2/repository/jakarta/interceptor/jakarta.interceptor-api/1.2.5/jakarta.interceptor-api-1.2.5.jar:/home/user/.m2/repository/io/quarkus/quarkus-vertx-core/1.7.2.Final/quarkus-vertx-core-1.7.2.Final.jar:/home/user/.m2/repository/io/quarkus/quarkus-netty/1.7.2.Final/quarkus-netty-1.7.2.Final.jar:/home/user/.m2/repository/io/netty/netty-codec/4.1.49.Final/netty-codec-4.1.49.Final.jar:/home/user/.m2/repository/io/netty/netty-handler/4.1.49.Final/netty-handler-4.1.49.Final.jar:/home/user/.m2/repository/io/vertx/vertx-core/3.9.2/vertx-core-3.9.2.jar:/home/user/.m2/repository/io/netty/netty-common/4.1.49.Final/netty-common-4.1.49.Final.jar:/home/user/.m2/repository/io/netty/netty-buffer/4.1.49.Final/netty-buffer-4.1.49.Final.jar:/home/user/.m2/repository/io/netty/netty-transport/4.1.49.Final/netty-transport-4.1.49.Final.jar:/home/user/.m2/repository/io/netty/netty-handler-proxy/4.1.49.Final/netty-handler-proxy-4.1.49.Final.jar:/home/user/.m2/repository/io/netty/netty-codec-socks/4.1.49.Final/netty-codec-socks-4.1.49.Final.jar:/home/user/.m2/repository/io/netty/netty-codec-http/4.1.49.Final/netty-codec-http-4.1.49.Final.jar:/home/user/.m2/repository/io/netty/netty-codec-http2/4.1.49.Final/netty-codec-http2-4.1.49.Final.jar:/home/user/.m2/repository/io/netty/netty-resolver/4.1.49.Final/netty-resolver-4.1.49.Final.jar:/home/user/.m2/repository/io/netty/netty-resolver-dns/4.1.49.Final/netty-resolver-dns-4.1.49.Final.jar:/home/user/.m2/repository/io/netty/netty-codec-dns/4.1.49.Final/netty-codec-dns-4.1.49.Final.jar:/home/user/.m2/repository/io/vertx/vertx-web/3.9.2/vertx-web-3.9.2.jar:/home/user/.m2/repository/io/vertx/vertx-web-common/3.9.2/vertx-web-common-3.9.2.jar:/home/user/.m2/repository/io/vertx/vertx-auth-common/3.9.2/vertx-auth-common-3.9.2.jar:/home/user/.m2/repository/io/vertx/vertx-bridge-common/3.9.2/vertx-bridge-common-3.9.2.jar:/home/user/.m2/repository/io/quarkus/quarkus-resteasy-server-common/1.7.2.Final/quarkus-resteasy-server-common-1.7.2.Final.jar:/home/user/.m2/repository/io/quarkus/quarkus-resteasy-common/1.7.2.Final/quarkus-resteasy-common-1.7.2.Final.jar:/home/user/.m2/repository/org/jboss/resteasy/resteasy-core/4.5.6.Final/resteasy-core-4.5.6.Final.jar:/home/user/.m2/repository/org/jboss/spec/javax/ws/rs/jboss-jaxrs-api_2.1_spec/2.0.1.Final/jboss-jaxrs-api_2.1_spec-2.0.1.Final.jar:/home/user/.m2/repository/org/jboss/resteasy/resteasy-core-spi/4.5.6.Final/resteasy-core-spi-4.5.6.Final.jar:/home/user/.m2/repository/com/ibm/async/asyncutil/0.1.0/asyncutil-0.1.0.jar:/home/user/.m2/repository/com/sun/activation/jakarta.activation/1.2.1/jakarta.activation-1.2.1.jar:/home/user/.m2/repository/jakarta/validation/jakarta.validation-api/2.0.2/jakarta.validation-api-2.0.2.jar:/home/user/.m2/repository/io/quarkus/quarkus-resteasy-jsonb/1.7.2.Final/quarkus-resteasy-jsonb-1.7.2.Final.jar:/home/user/.m2/repository/io/quarkus/quarkus-jsonb/1.7.2.Final/quarkus-jsonb-1.7.2.Final.jar:/home/user/.m2/repository/org/eclipse/yasson/1.0.8/yasson-1.0.8.jar:/home/user/.m2/repository/org/jboss/resteasy/resteasy-json-binding-provider/4.5.6.Final/resteasy-json-binding-provider-4.5.6.Final.jar:/home/user/.m2/repository/org/glassfish/jakarta.json/1.1.6/jakarta.json-1.1.6.jar:/home/user/.m2/repository/jakarta/json/bind/jakarta.json.bind-api/1.0.2/jakarta.json.bind-api-1.0.2.jar:/home/user/.m2/repository/org/jboss/logging/jboss-logging/3.3.2.Final/jboss-logging-3.3.2.Final.jar:/home/user/.m2/repository/org/jboss/resteasy/resteasy-json-p-provider/4.5.6.Final/resteasy-json-p-provider-4.5.6.Final.jar:/home/user/.m2/repository/commons-io/commons-io/2.7/commons-io-2.7.jar:/home/user/.m2/repository/io/quarkus/quarkus-hibernate-orm-panache/1.7.2.Final/quarkus-hibernate-orm-panache-1.7.2.Final.jar:/home/user/.m2/repository/io/quarkus/quarkus-core/1.7.2.Final/quarkus-core-1.7.2.Final.jar:/home/user/.m2/repository/jakarta/annotation/jakarta.annotation-api/1.3.5/jakarta.annotation-api-1.3.5.jar:/home/user/.m2/repository/io/quarkus/quarkus-ide-launcher/1.7.2.Final/quarkus-ide-launcher-1.7.2.Final.jar:/home/user/.m2/repository/io/smallrye/config/smallrye-config/1.8.5/smallrye-config-1.8.5.jar:/home/user/.m2/repository/io/smallrye/common/smallrye-common-annotation/1.1.0/smallrye-common-annotation-1.1.0.jar:/home/user/.m2/repository/io/smallrye/config/smallrye-config-common/1.8.5/smallrye-config-common-1.8.5.jar:/home/user/.m2/repository/io/smallrye/common/smallrye-common-expression/1.1.0/smallrye-common-expression-1.1.0.jar:/home/user/.m2/repository/io/smallrye/common/smallrye-common-function/1.1.0/smallrye-common-function-1.1.0.jar:/home/user/.m2/repository/io/smallrye/common/smallrye-common-constraint/1.1.0/smallrye-common-constraint-1.1.0.jar:/home/user/.m2/repository/org/jboss/logmanager/jboss-logmanager-embedded/1.0.4/jboss-logmanager-embedded-1.0.4.jar:/home/user/.m2/repository/org/jboss/logging/jboss-logging-annotations/2.1.0.Final/jboss-logging-annotations-2.1.0.Final.jar:/home/user/.m2/repository/org/jboss/threads/jboss-threads/3.1.1.Final/jboss-threads-3.1.1.Final.jar:/home/user/.m2/repository/org/slf4j/slf4j-api/1.7.30/slf4j-api-1.7.30.jar:/home/user/.m2/repository/org/jboss/slf4j/slf4j-jboss-logging/1.2.0.Final/slf4j-jboss-logging-1.2.0.Final.jar:/home/user/.m2/repository/org/graalvm/sdk/graal-sdk/20.1.0/graal-sdk-20.1.0.jar:/home/user/.m2/repository/org/wildfly/common/wildfly-common/1.5.4.Final-format-001/wildfly-common-1.5.4.Final-format-001.jar:/home/user/.m2/repository/io/quarkus/quarkus-bootstrap-runner/1.7.2.Final/quarkus-bootstrap-runner-1.7.2.Final.jar:/home/user/.m2/repository/io/quarkus/quarkus-hibernate-orm/1.7.2.Final/quarkus-hibernate-orm-1.7.2.Final.jar:/home/user/.m2/repository/io/quarkus/quarkus-agroal/1.7.2.Final/quarkus-agroal-1.7.2.Final.jar:/home/user/.m2/repository/io/quarkus/quarkus-datasource/1.7.2.Final/quarkus-datasource-1.7.2.Final.jar:/home/user/.m2/repository/io/quarkus/quarkus-datasource-common/1.7.2.Final/quarkus-datasource-common-1.7.2.Final.jar:/home/user/.m2/repository/org/jboss/narayana/jta/narayana-jta/5.10.5.Final/narayana-jta-5.10.5.Final.jar:/home/user/.m2/repository/org/jboss/jboss-transaction-spi/7.6.0.Final/jboss-transaction-spi-7.6.0.Final.jar:/home/user/.m2/repository/org/jboss/spec/javax/resource/jboss-connector-api_1.7_spec/1.0.0.Final/jboss-connector-api_1.7_spec-1.0.0.Final.jar:/home/user/.m2/repository/org/jboss/narayana/jts/narayana-jts-integration/5.10.5.Final/narayana-jts-integration-5.10.5.Final.jar:/home/user/.m2/repository/io/agroal/agroal-api/1.8/agroal-api-1.8.jar:/home/user/.m2/repository/io/agroal/agroal-narayana/1.8/agroal-narayana-1.8.jar:/home/user/.m2/repository/io/agroal/agroal-pool/1.8/agroal-pool-1.8.jar:/home/user/.m2/repository/io/quarkus/quarkus-credentials/1.7.2.Final/quarkus-credentials-1.7.2.Final.jar:/home/user/.m2/repository/io/quarkus/quarkus-narayana-jta/1.7.2.Final/quarkus-narayana-jta-1.7.2.Final.jar:/home/user/.m2/repository/io/quarkus/quarkus-mutiny/1.7.2.Final/quarkus-mutiny-1.7.2.Final.jar:/home/user/.m2/repository/io/quarkus/quarkus-smallrye-context-propagation/1.7.2.Final/quarkus-smallrye-context-propagation-1.7.2.Final.jar:/home/user/.m2/repository/io/smallrye/smallrye-context-propagation/1.0.13/smallrye-context-propagation-1.0.13.jar:/home/user/.m2/repository/io/smallrye/smallrye-context-propagation-api/1.0.13/smallrye-context-propagation-api-1.0.13.jar:/home/user/.m2/repository/io/smallrye/reactive/mutiny-context-propagation/0.7.0/mutiny-context-propagation-0.7.0.jar:/home/user/.m2/repository/io/smallrye/smallrye-context-propagation-jta/1.0.13/smallrye-context-propagation-jta-1.0.13.jar:/home/user/.m2/repository/io/smallrye/reactive/smallrye-reactive-converter-api/1.1.0/smallrye-reactive-converter-api-1.1.0.jar:/home/user/.m2/repository/io/smallrye/reactive/smallrye-reactive-converter-mutiny/1.1.0/smallrye-reactive-converter-mutiny-1.1.0.jar:/home/user/.m2/repository/org/hibernate/hibernate-core/5.4.21.Final/hibernate-core-5.4.21.Final.jar:/home/user/.m2/repository/net/bytebuddy/byte-buddy/1.10.10/byte-buddy-1.10.10.jar:/home/user/.m2/repository/antlr/antlr/2.7.7/antlr-2.7.7.jar:/home/user/.m2/repository/org/dom4j/dom4j/2.1.3/dom4j-2.1.3.jar:/home/user/.m2/repository/org/hibernate/common/hibernate-commons-annotations/5.1.0.Final/hibernate-commons-annotations-5.1.0.Final.jar:/home/user/.m2/repository/org/hibernate/hibernate-graalvm/5.4.21.Final/hibernate-graalvm-5.4.21.Final.jar:/home/user/.m2/repository/org/glassfish/jaxb/jaxb-runtime/2.3.3-b02/jaxb-runtime-2.3.3-b02.jar:/home/user/.m2/repository/org/glassfish/jaxb/txw2/2.3.3-b02/txw2-2.3.3-b02.jar:/home/user/.m2/repository/com/sun/istack/istack-commons-runtime/3.0.10/istack-commons-runtime-3.0.10.jar:/home/user/.m2/repository/org/jboss/spec/javax/xml/bind/jboss-jaxb-api_2.3_spec/2.0.0.Final/jboss-jaxb-api_2.3_spec-2.0.0.Final.jar:/home/user/.m2/repository/jakarta/persistence/jakarta.persistence-api/2.2.3/jakarta.persistence-api-2.2.3.jar:/home/user/.m2/repository/jakarta/transaction/jakarta.transaction-api/1.3.3/jakarta.transaction-api-1.3.3.jar:/home/user/.m2/repository/org/hibernate/quarkus-local-cache/0.1.0/quarkus-local-cache-0.1.0.jar:/home/user/.m2/repository/com/github/ben-manes/caffeine/caffeine/2.8.5/caffeine-2.8.5.jar:/home/user/.m2/repository/com/google/errorprone/error_prone_annotations/2.2.0/error_prone_annotations-2.2.0.jar:/home/user/.m2/repository/io/quarkus/quarkus-caffeine/1.7.2.Final/quarkus-caffeine-1.7.2.Final.jar:/home/user/.m2/repository/io/quarkus/quarkus-hibernate-orm-panache-common/1.7.2.Final/quarkus-hibernate-orm-panache-common-1.7.2.Final.jar:/home/user/.m2/repository/io/quarkus/quarkus-arc/1.7.2.Final/quarkus-arc-1.7.2.Final.jar:/home/user/.m2/repository/io/quarkus/arc/arc/1.7.2.Final/arc-1.7.2.Final.jar:/home/user/.m2/repository/org/eclipse/microprofile/context-propagation/microprofile-context-propagation-api/1.0.1/microprofile-context-propagation-api-1.0.1.jar:/home/user/.m2/repository/io/quarkus/quarkus-panache-common/1.7.2.Final/quarkus-panache-common-1.7.2.Final.jar:/home/user/.m2/repository/io/quarkus/quarkus-jdbc-postgresql/1.7.2.Final/quarkus-jdbc-postgresql-1.7.2.Final.jar:/home/user/.m2/repository/org/postgresql/postgresql/42.2.14/postgresql-42.2.14.jar:/home/user/.m2/repository/io/quarkus/quarkus-hibernate-validator/1.7.2.Final/quarkus-hibernate-validator-1.7.2.Final.jar:/home/user/.m2/repository/org/hibernate/validator/hibernate-validator/6.1.5.Final/hibernate-validator-6.1.5.Final.jar:/home/user/.m2/repository/com/fasterxml/classmate/1.3.4/classmate-1.3.4.jar:/home/user/.m2/repository/org/glassfish/jakarta.el/3.0.3/jakarta.el-3.0.3.jar:/home/user/.m2/repository/io/quarkus/quarkus-smallrye-openapi/1.7.2.Final/quarkus-smallrye-openapi-1.7.2.Final.jar:/home/user/.m2/repository/io/smallrye/smallrye-open-api-core/2.0.7/smallrye-open-api-core-2.0.7.jar:/home/user/.m2/repository/org/eclipse/microprofile/openapi/microprofile-openapi-api/1.1.2/microprofile-openapi-api-1.1.2.jar:/home/user/.m2/repository/com/fasterxml/jackson/dataformat/jackson-dataformat-yaml/2.11.2/jackson-dataformat-yaml-2.11.2.jar:/home/user/.m2/repository/org/yaml/snakeyaml/1.26/snakeyaml-1.26.jar:/home/user/.m2/repository/org/jboss/jandex/2.2.1.Final/jandex-2.2.1.Final.jar:/home/user/.m2/repository/io/quarkus/quarkus-swagger-ui/1.7.2.Final/quarkus-swagger-ui-1.7.2.Final.jar:/home/user/.m2/repository/io/quarkus/quarkus-smallrye-health/1.7.2.Final/quarkus-smallrye-health-1.7.2.Final.jar:/home/user/.m2/repository/io/smallrye/smallrye-health/2.2.3/smallrye-health-2.2.3.jar:/home/user/.m2/repository/org/eclipse/microprofile/health/microprofile-health-api/2.2/microprofile-health-api-2.2.jar:/home/user/.m2/repository/io/smallrye/smallrye-health-api/2.2.3/smallrye-health-api-2.2.3.jar:/home/user/.m2/repository/io/smallrye/smallrye-health-ui/2.2.3/smallrye-health-ui-2.2.3.jar:/home/user/.m2/repository/io/smallrye/smallrye-health-provided-checks/2.2.3/smallrye-health-provided-checks-2.2.3.jar:/home/user/.m2/repository/io/quarkus/quarkus-jsonp/1.7.2.Final/quarkus-jsonp-1.7.2.Final.jar:/home/user/.m2/repository/io/quarkus/quarkus-smallrye-metrics/1.7.2.Final/quarkus-smallrye-metrics-1.7.2.Final.jar:/home/user/.m2/repository/io/smallrye/smallrye-metrics/2.4.3/smallrye-metrics-2.4.3.jar:/home/user/.m2/repository/org/eclipse/microprofile/metrics/microprofile-metrics-api/2.3/microprofile-metrics-api-2.3.jar:/home/user/.m2/repository/io/quarkus/quarkus-junit5/1.7.2.Final/quarkus-junit5-1.7.2.Final.jar:/home/user/.m2/repository/io/quarkus/quarkus-bootstrap-core/1.7.2.Final/quarkus-bootstrap-core-1.7.2.Final.jar:/home/user/.m2/repository/io/quarkus/quarkus-bootstrap-app-model/1.7.2.Final/quarkus-bootstrap-app-model-1.7.2.Final.jar:/home/user/.m2/repository/io/quarkus/quarkus-bootstrap-maven-resolver/1.7.2.Final/quarkus-bootstrap-maven-resolver-1.7.2.Final.jar:/home/user/.m2/repository/org/ow2/asm/asm/8.0.1/asm-8.0.1.jar:/home/user/.m2/repository/org/apache/maven/maven-embedder/3.6.3/maven-embedder-3.6.3.jar:/home/user/.m2/repository/org/apache/maven/maven-settings/3.6.3/maven-settings-3.6.3.jar:/home/user/.m2/repository/org/apache/maven/maven-core/3.6.3/maven-core-3.6.3.jar:/home/user/.m2/repository/org/apache/maven/maven-artifact/3.6.3/maven-artifact-3.6.3.jar:/home/user/.m2/repository/org/codehaus/plexus/plexus-component-annotations/2.1.0/plexus-component-annotations-2.1.0.jar:/home/user/.m2/repository/org/apache/maven/maven-plugin-api/3.6.3/maven-plugin-api-3.6.3.jar:/home/user/.m2/repository/org/apache/maven/maven-model/3.6.3/maven-model-3.6.3.jar:/home/user/.m2/repository/org/apache/maven/maven-model-builder/3.6.3/maven-model-builder-3.6.3.jar:/home/user/.m2/repository/org/apache/maven/maven-builder-support/3.6.3/maven-builder-support-3.6.3.jar:/home/user/.m2/repository/org/apache/maven/resolver/maven-resolver-api/1.4.1/maven-resolver-api-1.4.1.jar:/home/user/.m2/repository/org/apache/maven/resolver/maven-resolver-util/1.4.1/maven-resolver-util-1.4.1.jar:/home/user/.m2/repository/org/apache/maven/shared/maven-shared-utils/3.2.1/maven-shared-utils-3.2.1.jar:/home/user/.m2/repository/com/google/inject/guice/4.2.1/guice-4.2.1-no_aop.jar:/home/user/.m2/repository/com/google/guava/guava/27.0.1-jre/guava-27.0.1-jre.jar:/home/user/.m2/repository/com/google/guava/failureaccess/1.0.1/failureaccess-1.0.1.jar:/home/user/.m2/repository/com/google/guava/listenablefuture/9999.0-empty-to-avoid-conflict-with-guava/listenablefuture-9999.0-empty-to-avoid-conflict-with-guava.jar:/home/user/.m2/repository/org/codehaus/plexus/plexus-utils/3.2.1/plexus-utils-3.2.1.jar:/home/user/.m2/repository/org/codehaus/plexus/plexus-classworlds/2.6.0/plexus-classworlds-2.6.0.jar:/home/user/.m2/repository/commons-cli/commons-cli/1.4/commons-cli-1.4.jar:/home/user/.m2/repository/org/eclipse/sisu/org.eclipse.sisu.plexus/0.3.4/org.eclipse.sisu.plexus-0.3.4.jar:/home/user/.m2/repository/org/apache/maven/maven-settings-builder/3.6.3/maven-settings-builder-3.6.3.jar:/home/user/.m2/repository/org/codehaus/plexus/plexus-interpolation/1.25/plexus-interpolation-1.25.jar:/home/user/.m2/repository/org/sonatype/plexus/plexus-sec-dispatcher/1.4/plexus-sec-dispatcher-1.4.jar:/home/user/.m2/repository/org/sonatype/plexus/plexus-cipher/1.4/plexus-cipher-1.4.jar:/home/user/.m2/repository/org/apache/maven/maven-resolver-provider/3.6.3/maven-resolver-provider-3.6.3.jar:/home/user/.m2/repository/org/apache/maven/maven-repository-metadata/3.6.3/maven-repository-metadata-3.6.3.jar:/home/user/.m2/repository/org/apache/maven/resolver/maven-resolver-spi/1.4.1/maven-resolver-spi-1.4.1.jar:/home/user/.m2/repository/org/apache/maven/resolver/maven-resolver-impl/1.4.1/maven-resolver-impl-1.4.1.jar:/home/user/.m2/repository/org/apache/maven/resolver/maven-resolver-connector-basic/1.4.1/maven-resolver-connector-basic-1.4.1.jar:/home/user/.m2/repository/org/apache/maven/resolver/maven-resolver-transport-wagon/1.4.1/maven-resolver-transport-wagon-1.4.1.jar:/home/user/.m2/repository/org/apache/maven/wagon/wagon-http/3.3.4/wagon-http-3.3.4.jar:/home/user/.m2/repository/org/apache/maven/wagon/wagon-http-shared/3.3.4/wagon-http-shared-3.3.4.jar:/home/user/.m2/repository/org/jsoup/jsoup/1.12.1/jsoup-1.12.1.jar:/home/user/.m2/repository/org/apache/maven/wagon/wagon-provider-api/3.3.4/wagon-provider-api-3.3.4.jar:/home/user/.m2/repository/org/apache/maven/wagon/wagon-file/3.3.4/wagon-file-3.3.4.jar:/home/user/.m2/repository/io/quarkus/quarkus-bootstrap-gradle-resolver/1.7.2.Final/quarkus-bootstrap-gradle-resolver-1.7.2.Final.jar:/home/user/.m2/repository/io/smallrye/common/smallrye-common-io/1.1.0/smallrye-common-io-1.1.0.jar:/home/user/.m2/repository/org/eclipse/sisu/org.eclipse.sisu.inject/0.3.4/org.eclipse.sisu.inject-0.3.4.jar:/home/user/.m2/repository/io/quarkus/quarkus-test-common/1.7.2.Final/quarkus-test-common-1.7.2.Final.jar:/home/user/.m2/repository/io/quarkus/quarkus-core-deployment/1.7.2.Final/quarkus-core-deployment-1.7.2.Final.jar:/home/user/.m2/repository/io/quarkus/gizmo/gizmo/1.0.4.Final/gizmo-1.0.4.Final.jar:/home/user/.m2/repository/org/ow2/asm/asm-util/8.0.1/asm-util-8.0.1.jar:/home/user/.m2/repository/org/ow2/asm/asm-tree/8.0.1/asm-tree-8.0.1.jar:/home/user/.m2/repository/org/ow2/asm/asm-analysis/8.0.1/asm-analysis-8.0.1.jar:/home/user/.m2/repository/io/quarkus/quarkus-devtools-utilities/1.7.2.Final/quarkus-devtools-utilities-1.7.2.Final.jar:/home/user/.m2/repository/io/quarkus/quarkus-builder/1.7.2.Final/quarkus-builder-1.7.2.Final.jar:/home/user/.m2/repository/io/quarkus/quarkus-jsonp-deployment/1.7.2.Final/quarkus-jsonp-deployment-1.7.2.Final.jar:/home/user/.m2/repository/org/jboss/logging/commons-logging-jboss-logging/1.0.0.Final/commons-logging-jboss-logging-1.0.0.Final.jar:/home/user/.m2/repository/org/junit/jupiter/junit-jupiter/5.6.2/junit-jupiter-5.6.2.jar:/home/user/.m2/repository/org/junit/jupiter/junit-jupiter-params/5.6.2/junit-jupiter-params-5.6.2.jar:/home/user/.m2/repository/org/junit/jupiter/junit-jupiter-engine/5.6.2/junit-jupiter-engine-5.6.2.jar:/home/user/.m2/repository/org/junit/platform/junit-platform-engine/1.6.2/junit-platform-engine-1.6.2.jar:/home/user/.m2/repository/com/thoughtworks/xstream/xstream/1.4.11.1/xstream-1.4.11.1.jar:/home/user/.m2/repository/xmlpull/xmlpull/1.1.3.1/xmlpull-1.1.3.1.jar:/home/user/.m2/repository/xpp3/xpp3_min/1.1.4c/xpp3_min-1.1.4c.jar:/home/user/.m2/repository/io/rest-assured/rest-assured/4.3.0/rest-assured-4.3.0.jar:/home/user/.m2/repository/org/codehaus/groovy/groovy/3.0.2/groovy-3.0.2.jar:/home/user/.m2/repository/org/codehaus/groovy/groovy-xml/3.0.2/groovy-xml-3.0.2.jar:/home/user/.m2/repository/org/apache/httpcomponents/httpclient/4.5.12/httpclient-4.5.12.jar:/home/user/.m2/repository/org/apache/httpcomponents/httpcore/4.4.13/httpcore-4.4.13.jar:/home/user/.m2/repository/commons-codec/commons-codec/1.14/commons-codec-1.14.jar:/home/user/.m2/repository/org/apache/httpcomponents/httpmime/4.5.3/httpmime-4.5.3.jar:/home/user/.m2/repository/org/hamcrest/hamcrest/2.1/hamcrest-2.1.jar:/home/user/.m2/repository/org/ccil/cowan/tagsoup/tagsoup/1.2.1/tagsoup-1.2.1.jar:/home/user/.m2/repository/io/rest-assured/json-path/4.3.0/json-path-4.3.0.jar:/home/user/.m2/repository/org/codehaus/groovy/groovy-json/3.0.2/groovy-json-3.0.2.jar:/home/user/.m2/repository/io/rest-assured/rest-assured-common/4.3.0/rest-assured-common-4.3.0.jar:/home/user/.m2/repository/io/rest-assured/xml-path/4.3.0/xml-path-4.3.0.jar:/home/user/.m2/repository/org/apache/commons/commons-lang3/3.9/commons-lang3-3.9.jar:/home/user/.m2/repository/jakarta/xml/bind/jakarta.xml.bind-api/2.3.2/jakarta.xml.bind-api-2.3.2.jar:/home/user/.m2/repository/org/apache/sling/org.apache.sling.javax.activation/0.1.0/org.apache.sling.javax.activation-0.1.0.jar:/home/user/.m2/repository/com/fasterxml/jackson/core/jackson-databind/2.11.2/jackson-databind-2.11.2.jar:/home/user/.m2/repository/com/fasterxml/jackson/core/jackson-annotations/2.11.2/jackson-annotations-2.11.2.jar:/home/user/.m2/repository/com/fasterxml/jackson/core/jackson-core/2.11.2/jackson-core-2.11.2.jar:/home/user/.m2/repository/org/testcontainers/junit-jupiter/1.12.2/junit-jupiter-1.12.2.jar:/home/user/.m2/repository/org/testcontainers/testcontainers/1.12.2/testcontainers-1.12.2.jar:/home/user/.m2/repository/junit/junit/4.12/junit-4.12.jar:/home/user/.m2/repository/org/hamcrest/hamcrest-core/1.3/hamcrest-core-1.3.jar:/home/user/.m2/repository/org/jetbrains/annotations/17.0.0/annotations-17.0.0.jar:/home/user/.m2/repository/javax/annotation/javax.annotation-api/1.3.2/javax.annotation-api-1.3.2.jar:/home/user/.m2/repository/org/apache/commons/commons-compress/1.20/commons-compress-1.20.jar:/home/user/.m2/repository/javax/xml/bind/jaxb-api/2.3.1/jaxb-api-2.3.1.jar:/home/user/.m2/repository/javax/activation/javax.activation-api/1.2.0/javax.activation-api-1.2.0.jar:/home/user/.m2/repository/org/rnorth/duct-tape/duct-tape/1.0.8/duct-tape-1.0.8.jar:/home/user/.m2/repository/org/rnorth/visible-assertions/visible-assertions/2.1.2/visible-assertions-2.1.2.jar:/home/user/.m2/repository/org/rnorth/tcp-unix-socket-proxy/1.0.2/tcp-unix-socket-proxy-1.0.2.jar:/home/user/.m2/repository/com/kohlschutter/junixsocket/junixsocket-native-common/2.0.4/junixsocket-native-common-2.0.4.jar:/home/user/.m2/repository/org/scijava/native-lib-loader/2.0.2/native-lib-loader-2.0.2.jar:/home/user/.m2/repository/com/kohlschutter/junixsocket/junixsocket-common/2.0.4/junixsocket-common-2.0.4.jar:/home/user/.m2/repository/net/java/dev/jna/jna-platform/5.3.1/jna-platform-5.3.1.jar:/home/user/.m2/repository/net/java/dev/jna/jna/5.3.1/jna-5.3.1.jar:/home/user/.m2/repository/org/junit/jupiter/junit-jupiter-api/5.6.2/junit-jupiter-api-5.6.2.jar:/home/user/.m2/repository/org/apiguardian/apiguardian-api/1.1.0/apiguardian-api-1.1.0.jar:/home/user/.m2/repository/org/opentest4j/opentest4j/1.2.0/opentest4j-1.2.0.jar:/home/user/.m2/repository/org/junit/platform/junit-platform-commons/1.6.2/junit-platform-commons-1.6.2.jar:/home/user/.m2/repository/org/testcontainers/postgresql/1.12.2/postgresql-1.12.2.jar:/home/user/.m2/repository/org/testcontainers/jdbc/1.12.2/jdbc-1.12.2.jar:/home/user/.m2/repository/org/testcontainers/database-commons/1.12.2/database-commons-1.12.2.jar:/home/user/.m2/repository/io/quarkus/quarkus-openshift/1.7.2.Final/quarkus-openshift-1.7.2.Final.jar:/home/user/.m2/repository/io/quarkus/quarkus-kubernetes-client-internal/1.7.2.Final/quarkus-kubernetes-client-internal-1.7.2.Final.jar:/home/user/.m2/repository/io/quarkus/quarkus-smallrye-opentracing/1.7.2.Final/quarkus-smallrye-opentracing-1.7.2.Final.jar:/home/user/.m2/repository/org/eclipse/microprofile/config/microprofile-config-api/1.4/microprofile-config-api-1.4.jar:/home/user/.m2/repository/org/eclipse/microprofile/opentracing/microprofile-opentracing-api/1.3.3/microprofile-opentracing-api-1.3.3.jar:/home/user/.m2/repository/io/smallrye/smallrye-opentracing/1.3.4/smallrye-opentracing-1.3.4.jar:/home/user/.m2/repository/org/eclipse/microprofile/rest/client/microprofile-rest-client-api/1.4.1/microprofile-rest-client-api-1.4.1.jar:/home/user/.m2/repository/io/opentracing/opentracing-api/0.31.0/opentracing-api-0.31.0.jar:/home/user/.m2/repository/io/opentracing/contrib/opentracing-jaxrs2/0.4.1/opentracing-jaxrs2-0.4.1.jar:/home/user/.m2/repository/io/opentracing/opentracing-noop/0.31.0/opentracing-noop-0.31.0.jar:/home/user/.m2/repository/io/opentracing/contrib/opentracing-web-servlet-filter/0.2.3/opentracing-web-servlet-filter-0.2.3.jar:/home/user/.m2/repository/io/opentracing/contrib/opentracing-concurrent/0.2.0/opentracing-concurrent-0.2.0.jar:/home/user/.m2/repository/io/opentracing/contrib/opentracing-interceptors/0.0.4/opentracing-interceptors-0.0.4.jar:/home/user/.m2/repository/io/opentracing/contrib/opentracing-tracerresolver/0.1.8/opentracing-tracerresolver-0.1.8.jar:/home/user/.m2/repository/io/smallrye/smallrye-fault-tolerance-tracing-propagation/4.3.0/smallrye-fault-tolerance-tracing-propagation-4.3.0.jar:/home/user/.m2/repository/jakarta/inject/jakarta.inject-api/1.0/jakarta.inject-api-1.0.jar:/home/user/.m2/repository/io/quarkus/quarkus-jaeger/1.7.2.Final/quarkus-jaeger-1.7.2.Final.jar:/home/user/.m2/repository/io/jaegertracing/jaeger-core/0.34.3/jaeger-core-0.34.3.jar:/home/user/.m2/repository/io/opentracing/opentracing-util/0.31.0/opentracing-util-0.31.0.jar:/home/user/.m2/repository/com/google/code/gson/gson/2.8.6/gson-2.8.6.jar:/home/user/.m2/repository/io/jaegertracing/jaeger-thrift/0.34.3/jaeger-thrift-0.34.3.jar:/home/user/.m2/repository/org/apache/thrift/libthrift/0.13.0/libthrift-0.13.0.jar:/home/user/.m2/repository/com/squareup/okhttp3/okhttp/3.14.9/okhttp-3.14.9.jar:/home/user/.m2/repository/com/squareup/okio/okio/1.17.2/okio-1.17.2.jar:/home/user/.m2/repository/jakarta/activation/jakarta.activation-api/1.2.1/jakarta.activation-api-1.2.1.jar:/home/user/.m2/repository/jakarta/servlet/jakarta.servlet-api/4.0.3/jakarta.servlet-api-4.0.3.jar:/home/user/.m2/repository/io/quarkus/quarkus-jdbc-h2/1.7.2.Final/quarkus-jdbc-h2-1.7.2.Final.jar:/home/user/.m2/repository/com/h2database/h2/1.4.197/h2-1.4.197.jar:/home/user/.m2/repository/org/locationtech/jts/jts-core/1.15.0/jts-core-1.15.0.jar:"/>
    <property name="JAEGER_SERVICE_NAME" value="rest-villain"/>
    <property name="sun.cpu.endian" value="little"/>
    <property name="user.home" value="/home/user"/>
    <property name="user.language" value="en"/>
    <property name="java.specification.vendor" value="Oracle Corporation"/>
    <property name="io.netty.allocator.maxOrder" value="1"/>
    <property name="java.version.date" value="2020-04-14"/>
    <property name="java.home" value="/opt/graalvm"/>
    <property name="file.separator" value="/"/>
    <property name="basedir" value="/projects/bbva_ninja/chapter_quarkus/lab/quarkus-workshop-super-heroes/super-heroes/rest-villain"/>
    <property name="java.vm.compressedOopsMode" value="32-bit"/>
    <property name="line.separator" value="&#10;"/>
    <property name="jdk.internal.vm.ci.enabled" value="true"/>
    <property name="java.specification.name" value="Java Platform API Specification"/>
    <property name="java.vm.specification.vendor" value="Oracle Corporation"/>
    <property name="java.awt.graphicsenv" value="sun.awt.X11GraphicsEnvironment"/>
    <property name="surefire.real.class.path" value="/projects/bbva_ninja/chapter_quarkus/lab/quarkus-workshop-super-heroes/super-heroes/rest-villain/target/surefire/surefirebooter1065489542071057628.jar"/>
    <property name="sun.management.compiler" value="HotSpot 64-Bit Tiered Compilers"/>
    <property name="java.runtime.version" value="11.0.7+10-jvmci-20.1-b02"/>
    <property name="user.name" value="user"/>
    <property name="JAEGER_SAMPLER_PARAM" value="1"/>
    <property name="path.separator" value=":"/>
    <property name="securerandom.source" value="file:/dev/./urandom"/>
    <property name="os.version" value="3.10.0-957.21.3.el7.x86_64"/>
    <property name="java.runtime.name" value="OpenJDK Runtime Environment"/>
    <property name="file.encoding" value="UTF-8"/>
    <property name="sun.nio.ch.bugLevel" value=""/>
    <property name="java.vm.name" value="OpenJDK 64-Bit Server VM"/>
    <property name="java.vendor.version" value="GraalVM CE 20.1.0"/>
    <property name="io.netty.noJdkZlibDecoder" value="false"/>
    <property name="localRepository" value="/home/user/.m2/repository"/>
    <property name="java.vendor.url.bug" value="https://github.com/oracle/graal/issues"/>
    <property name="JAEGER_ENDPOINT" value="http://jaeger-all-in-one-inmemory-collector:14268/api/traces"/>
    <property name="java.io.tmpdir" value="/tmp"/>
    <property name="quarkus.log.file.path" value="target/quarkus.log"/>
    <property name="java.version" value="11.0.7"/>
    <property name="user.dir" value="/projects/bbva_ninja/chapter_quarkus/lab/quarkus-workshop-super-heroes/super-heroes/rest-villain"/>
    <property name="os.arch" value="amd64"/>
    <property name="hibernate.bytecode.provider" value="none"/>
    <property name="java.vm.specification.name" value="Java Virtual Machine Specification"/>
    <property name="vertx.disableDnsResolver" value="true"/>
    <property name="java.awt.printerjob" value="sun.print.PSPrinterJob"/>
    <property name="sun.os.patch.level" value="unknown"/>
    <property name="java.util.logging.manager" value="org.jboss.logmanager.LogManager"/>
    <property name="java.library.path" value="/usr/java/packages/lib:/usr/lib64:/lib64:/lib:/usr/lib"/>
    <property name="java.vendor" value="GraalVM Community"/>
    <property name="java.vm.info" value="mixed mode, sharing"/>
    <property name="java.vm.version" value="11.0.7+10-jvmci-20.1-b02"/>
    <property name="sun.io.unicode.encoding" value="UnicodeLittle"/>
    <property name="JAEGER_SAMPLER_TYPE" value="const"/>
    <property name="io.netty.machineId" value="90:27:83:e2:8a:f8:10:5e"/>
    <property name="java.class.version" value="55.0"/>
  </properties>
  <testcase name="shouldGetInitialItems" classname="io.quarkus.workshop.superheroes.villain.VillainResourceTest" time="2.422">
    <system-out><![CDATA[Downloading from central: https://repo.maven.apache.org/maven2/io/quarkus/quarkus-resteasy-deployment/1.7.2.Final/quarkus-resteasy-deployment-1.7.2.Final.pom
Progress (1): quarkus-resteasy-deployment-1.7.2.Final.pom (2.7/4.0 kB)Progress (1): quarkus-resteasy-deployment-1.7.2.Final.pom (4.0 kB)                                                                      Downloaded from central: https://repo.maven.apache.org/maven2/io/quarkus/quarkus-resteasy-deployment/1.7.2.Final/quarkus-resteasy-deployment-1.7.2.Final.pom (4.0 kB at 7.9 kB/s)
Downloading from central: https://repo.maven.apache.org/maven2/io/quarkus/quarkus-resteasy-server-common-deployment/1.7.2.Final/quarkus-resteasy-server-common-deployment-1.7.2.Final.pom
Progress (1): quarkus-resteasy-server-common-deployment-1.7.2.Final.pom (2.2 kB)                                                                                Downloaded from central: https://repo.maven.apache.org/maven2/io/quarkus/quarkus-resteasy-server-common-deployment/1.7.2.Final/quarkus-resteasy-server-common-deployment-1.7.2.Final.pom (2.2 kB at 27 kB/s)
Downloading from central: https://repo.maven.apache.org/maven2/io/quarkus/quarkus-resteasy-common-deployment/1.7.2.Final/quarkus-resteasy-common-deployment-1.7.2.Final.pom
Progress (1): quarkus-resteasy-common-deployment-1.7.2.Final.pom (2.0 kB)                                                                         Downloaded from central: https://repo.maven.apache.org/maven2/io/quarkus/quarkus-resteasy-common-deployment/1.7.2.Final/quarkus-resteasy-common-deployment-1.7.2.Final.pom (2.0 kB at 24 kB/s)
Downloading from central: https://repo.maven.apache.org/maven2/io/quarkus/quarkus-resteasy-common-spi/1.7.2.Final/quarkus-resteasy-common-spi-1.7.2.Final.pom
Progress (1): quarkus-resteasy-common-spi-1.7.2.Final.pom (817 B)                                                                 Downloaded from central: https://repo.maven.apache.org/maven2/io/quarkus/quarkus-resteasy-common-spi/1.7.2.Final/quarkus-resteasy-common-spi-1.7.2.Final.pom (817 B at 7.9 kB/s)
Downloading from central: https://repo.maven.apache.org/maven2/io/quarkus/quarkus-arc-deployment/1.7.2.Final/quarkus-arc-deployment-1.7.2.Final.pom
Progress (1): quarkus-arc-deployment-1.7.2.Final.pom (1.6 kB)                                                             Downloaded from central: https://repo.maven.apache.org/maven2/io/quarkus/quarkus-arc-deployment/1.7.2.Final/quarkus-arc-deployment-1.7.2.Final.pom (1.6 kB at 16 kB/s)
Downloading from central: https://repo.maven.apache.org/maven2/io/quarkus/arc/arc-processor/1.7.2.Final/arc-processor-1.7.2.Final.pom
Progress (1): arc-processor-1.7.2.Final.pom (1.7 kB)                                                    Downloaded from central: https://repo.maven.apache.org/maven2/io/quarkus/arc/arc-processor/1.7.2.Final/arc-processor-1.7.2.Final.pom (1.7 kB at 21 kB/s)
Downloading from central: https://repo.maven.apache.org/maven2/io/quarkus/quarkus-resteasy-server-common-spi/1.7.2.Final/quarkus-resteasy-server-common-spi-1.7.2.Final.pom
Progress (1): quarkus-resteasy-server-common-spi-1.7.2.Final.pom (889 B)                                                                        Downloaded from central: https://repo.maven.apache.org/maven2/io/quarkus/quarkus-resteasy-server-common-spi/1.7.2.Final/quarkus-resteasy-server-common-spi-1.7.2.Final.pom (889 B at 11 kB/s)
Downloading from central: https://repo.maven.apache.org/maven2/io/quarkus/quarkus-undertow-spi/1.7.2.Final/quarkus-undertow-spi-1.7.2.Final.pom
Progress (1): quarkus-undertow-spi-1.7.2.Final.pom (2.0 kB)                                                           Downloaded from central: https://repo.maven.apache.org/maven2/io/quarkus/quarkus-undertow-spi/1.7.2.Final/quarkus-undertow-spi-1.7.2.Final.pom (2.0 kB at 19 kB/s)
Downloading from central: https://repo.maven.apache.org/maven2/io/quarkus/quarkus-http-parent/1.7.2.Final/quarkus-http-parent-1.7.2.Final.pom
Progress (1): quarkus-http-parent-1.7.2.Final.pom (780 B)                                                         Downloaded from central: https://repo.maven.apache.org/maven2/io/quarkus/quarkus-http-parent/1.7.2.Final/quarkus-http-parent-1.7.2.Final.pom (780 B at 8.7 kB/s)
Downloading from central: https://repo.maven.apache.org/maven2/io/quarkus/quarkus-vertx-http-deployment/1.7.2.Final/quarkus-vertx-http-deployment-1.7.2.Final.pom
Progress (1): quarkus-vertx-http-deployment-1.7.2.Final.pom (2.7/3.0 kB)Progress (1): quarkus-vertx-http-deployment-1.7.2.Final.pom (3.0 kB)                                                                        Downloaded from central: https://repo.maven.apache.org/maven2/io/quarkus/quarkus-vertx-http-deployment/1.7.2.Final/quarkus-vertx-http-deployment-1.7.2.Final.pom (3.0 kB at 34 kB/s)
Downloading from central: https://repo.maven.apache.org/maven2/io/quarkus/quarkus-vertx-core-deployment/1.7.2.Final/quarkus-vertx-core-deployment-1.7.2.Final.pom
Progress (1): quarkus-vertx-core-deployment-1.7.2.Final.pom (2.4 kB)                                                                    Downloaded from central: https://repo.maven.apache.org/maven2/io/quarkus/quarkus-vertx-core-deployment/1.7.2.Final/quarkus-vertx-core-deployment-1.7.2.Final.pom (2.4 kB at 24 kB/s)
Downloading from central: https://repo.maven.apache.org/maven2/io/quarkus/quarkus-netty-deployment/1.7.2.Final/quarkus-netty-deployment-1.7.2.Final.pom
Progress (1): quarkus-netty-deployment-1.7.2.Final.pom (1.6 kB)                                                               Downloaded from central: https://repo.maven.apache.org/maven2/io/quarkus/quarkus-netty-deployment/1.7.2.Final/quarkus-netty-deployment-1.7.2.Final.pom (1.6 kB at 13 kB/s)
Downloading from central: https://repo.maven.apache.org/maven2/io/quarkus/quarkus-kubernetes-spi/1.7.2.Final/quarkus-kubernetes-spi-1.7.2.Final.pom
Progress (1): quarkus-kubernetes-spi-1.7.2.Final.pom (1.2 kB)                                                             Downloaded from central: https://repo.maven.apache.org/maven2/io/quarkus/quarkus-kubernetes-spi/1.7.2.Final/quarkus-kubernetes-spi-1.7.2.Final.pom (1.2 kB at 11 kB/s)
Downloading from central: https://repo.maven.apache.org/maven2/io/quarkus/quarkus-security-spi/1.7.2.Final/quarkus-security-spi-1.7.2.Final.pom
Progress (1): quarkus-security-spi-1.7.2.Final.pom (1.4 kB)                                                           Downloaded from central: https://repo.maven.apache.org/maven2/io/quarkus/quarkus-security-spi/1.7.2.Final/quarkus-security-spi-1.7.2.Final.pom (1.4 kB at 15 kB/s)
Downloading from central: https://repo.maven.apache.org/maven2/io/quarkus/quarkus-resteasy-jsonb-deployment/1.7.2.Final/quarkus-resteasy-jsonb-deployment-1.7.2.Final.pom
Progress (1): quarkus-resteasy-jsonb-deployment-1.7.2.Final.pom (2.3 kB)                                                                        Downloaded from central: https://repo.maven.apache.org/maven2/io/quarkus/quarkus-resteasy-jsonb-deployment/1.7.2.Final/quarkus-resteasy-jsonb-deployment-1.7.2.Final.pom (2.3 kB at 27 kB/s)
Downloading from central: https://repo.maven.apache.org/maven2/io/quarkus/quarkus-jsonb-deployment/1.7.2.Final/quarkus-jsonb-deployment-1.7.2.Final.pom
Progress (1): quarkus-jsonb-deployment-1.7.2.Final.pom (2.0 kB)                                                               Downloaded from central: https://repo.maven.apache.org/maven2/io/quarkus/quarkus-jsonb-deployment/1.7.2.Final/quarkus-jsonb-deployment-1.7.2.Final.pom (2.0 kB at 23 kB/s)
Downloading from central: https://repo.maven.apache.org/maven2/io/quarkus/quarkus-jsonb-spi/1.7.2.Final/quarkus-jsonb-spi-1.7.2.Final.pom
Progress (1): quarkus-jsonb-spi-1.7.2.Final.pom (828 B)                                                       Downloaded from central: https://repo.maven.apache.org/maven2/io/quarkus/quarkus-jsonb-spi/1.7.2.Final/quarkus-jsonb-spi-1.7.2.Final.pom (828 B at 10 kB/s)
Downloading from central: https://repo.maven.apache.org/maven2/io/quarkus/quarkus-hibernate-orm-panache-deployment/1.7.2.Final/quarkus-hibernate-orm-panache-deployment-1.7.2.Final.pom
Progress (1): quarkus-hibernate-orm-panache-deployment-1.7.2.Final.pom (2.7/3.5 kB)Progress (1): quarkus-hibernate-orm-panache-deployment-1.7.2.Final.pom (3.5 kB)                                                                                   Downloaded from central: https://repo.maven.apache.org/maven2/io/quarkus/quarkus-hibernate-orm-panache-deployment/1.7.2.Final/quarkus-hibernate-orm-panache-deployment-1.7.2.Final.pom (3.5 kB at 44 kB/s)
Downloading from central: https://repo.maven.apache.org/maven2/io/quarkus/quarkus-hibernate-orm-deployment/1.7.2.Final/quarkus-hibernate-orm-deployment-1.7.2.Final.pom
Progress (1): quarkus-hibernate-orm-deployment-1.7.2.Final.pom (2.7/3.4 kB)Progress (1): quarkus-hibernate-orm-deployment-1.7.2.Final.pom (3.4 kB)                                                                           Downloaded from central: https://repo.maven.apache.org/maven2/io/quarkus/quarkus-hibernate-orm-deployment/1.7.2.Final/quarkus-hibernate-orm-deployment-1.7.2.Final.pom (3.4 kB at 20 kB/s)
Downloading from central: https://repo.maven.apache.org/maven2/io/quarkus/quarkus-narayana-jta-deployment/1.7.2.Final/quarkus-narayana-jta-deployment-1.7.2.Final.pom
Progress (1): quarkus-narayana-jta-deployment-1.7.2.Final.pom (2.0 kB)                                                                      Downloaded from central: https://repo.maven.apache.org/maven2/io/quarkus/quarkus-narayana-jta-deployment/1.7.2.Final/quarkus-narayana-jta-deployment-1.7.2.Final.pom (2.0 kB at 15 kB/s)
Downloading from central: https://repo.maven.apache.org/maven2/io/quarkus/quarkus-mutiny-deployment/1.7.2.Final/quarkus-mutiny-deployment-1.7.2.Final.pom
Progress (1): quarkus-mutiny-deployment-1.7.2.Final.pom (2.0 kB)                                                                Downloaded from central: https://repo.maven.apache.org/maven2/io/quarkus/quarkus-mutiny-deployment/1.7.2.Final/quarkus-mutiny-deployment-1.7.2.Final.pom (2.0 kB at 22 kB/s)
Downloading from central: https://repo.maven.apache.org/maven2/io/quarkus/quarkus-smallrye-context-propagation-deployment/1.7.2.Final/quarkus-smallrye-context-propagation-deployment-1.7.2.Final.pom
Progress (1): quarkus-smallrye-context-propagation-deployment-1.7.2.Final.pom (1.8 kB)                                                                                      Downloaded from central: https://repo.maven.apache.org/maven2/io/quarkus/quarkus-smallrye-context-propagation-deployment/1.7.2.Final/quarkus-smallrye-context-propagation-deployment-1.7.2.Final.pom (1.8 kB at 21 kB/s)
Downloading from central: https://repo.maven.apache.org/maven2/io/quarkus/quarkus-agroal-deployment/1.7.2.Final/quarkus-agroal-deployment-1.7.2.Final.pom
Progress (1): quarkus-agroal-deployment-1.7.2.Final.pom (2.7/3.8 kB)Progress (1): quarkus-agroal-deployment-1.7.2.Final.pom (3.8 kB)                                                                    Downloaded from central: https://repo.maven.apache.org/maven2/io/quarkus/quarkus-agroal-deployment/1.7.2.Final/quarkus-agroal-deployment-1.7.2.Final.pom (3.8 kB at 31 kB/s)
Downloading from central: https://repo.maven.apache.org/maven2/io/quarkus/quarkus-datasource-deployment/1.7.2.Final/quarkus-datasource-deployment-1.7.2.Final.pom
Progress (1): quarkus-datasource-deployment-1.7.2.Final.pom (1.7 kB)                                                                    Downloaded from central: https://repo.maven.apache.org/maven2/io/quarkus/quarkus-datasource-deployment/1.7.2.Final/quarkus-datasource-deployment-1.7.2.Final.pom (1.7 kB at 18 kB/s)
Downloading from central: https://repo.maven.apache.org/maven2/io/quarkus/quarkus-agroal-spi/1.7.2.Final/quarkus-agroal-spi-1.7.2.Final.pom
Progress (1): quarkus-agroal-spi-1.7.2.Final.pom (1.1 kB)                                                         Downloaded from central: https://repo.maven.apache.org/maven2/io/quarkus/quarkus-agroal-spi/1.7.2.Final/quarkus-agroal-spi-1.7.2.Final.pom (1.1 kB at 13 kB/s)
Downloading from central: https://repo.maven.apache.org/maven2/io/quarkus/quarkus-credentials-deployment/1.7.2.Final/quarkus-credentials-deployment-1.7.2.Final.pom
Progress (1): quarkus-credentials-deployment-1.7.2.Final.pom (1.7 kB)                                                                     Downloaded from central: https://repo.maven.apache.org/maven2/io/quarkus/quarkus-credentials-deployment/1.7.2.Final/quarkus-credentials-deployment-1.7.2.Final.pom (1.7 kB at 18 kB/s)
Downloading from central: https://repo.maven.apache.org/maven2/io/quarkus/quarkus-smallrye-health-spi/1.7.2.Final/quarkus-smallrye-health-spi-1.7.2.Final.pom
Progress (1): quarkus-smallrye-health-spi-1.7.2.Final.pom (816 B)                                                                 Downloaded from central: https://repo.maven.apache.org/maven2/io/quarkus/quarkus-smallrye-health-spi/1.7.2.Final/quarkus-smallrye-health-spi-1.7.2.Final.pom (816 B at 6.1 kB/s)
Downloading from central: https://repo.maven.apache.org/maven2/io/quarkus/quarkus-caffeine-deployment/1.7.2.Final/quarkus-caffeine-deployment-1.7.2.Final.pom
Progress (1): quarkus-caffeine-deployment-1.7.2.Final.pom (1.5 kB)                                                                  Downloaded from central: https://repo.maven.apache.org/maven2/io/quarkus/quarkus-caffeine-deployment/1.7.2.Final/quarkus-caffeine-deployment-1.7.2.Final.pom (1.5 kB at 14 kB/s)
Downloading from central: https://repo.maven.apache.org/maven2/io/quarkus/quarkus-hibernate-orm-panache-common-deployment/1.7.2.Final/quarkus-hibernate-orm-panache-common-deployment-1.7.2.Final.pom
Progress (1): quarkus-hibernate-orm-panache-common-deployment-1.7.2.Final.pom (2.4 kB)                                                                                      Downloaded from central: https://repo.maven.apache.org/maven2/io/quarkus/quarkus-hibernate-orm-panache-common-deployment/1.7.2.Final/quarkus-hibernate-orm-panache-common-deployment-1.7.2.Final.pom (2.4 kB at 29 kB/s)
Downloading from central: https://repo.maven.apache.org/maven2/io/quarkus/quarkus-panache-common-deployment/1.7.2.Final/quarkus-panache-common-deployment-1.7.2.Final.pom
Progress (1): quarkus-panache-common-deployment-1.7.2.Final.pom (1.3 kB)                                                                        Downloaded from central: https://repo.maven.apache.org/maven2/io/quarkus/quarkus-panache-common-deployment/1.7.2.Final/quarkus-panache-common-deployment-1.7.2.Final.pom (1.3 kB at 17 kB/s)
Downloading from central: https://repo.maven.apache.org/maven2/io/quarkus/quarkus-jdbc-postgresql-deployment/1.7.2.Final/quarkus-jdbc-postgresql-deployment-1.7.2.Final.pom
Progress (1): quarkus-jdbc-postgresql-deployment-1.7.2.Final.pom (1.8 kB)                                                                         Downloaded from central: https://repo.maven.apache.org/maven2/io/quarkus/quarkus-jdbc-postgresql-deployment/1.7.2.Final/quarkus-jdbc-postgresql-deployment-1.7.2.Final.pom (1.8 kB at 21 kB/s)
Downloading from central: https://repo.maven.apache.org/maven2/io/quarkus/quarkus-hibernate-validator-deployment/1.7.2.Final/quarkus-hibernate-validator-deployment-1.7.2.Final.pom
Progress (1): quarkus-hibernate-validator-deployment-1.7.2.Final.pom (2.7/2.7 kB)Progress (1): quarkus-hibernate-validator-deployment-1.7.2.Final.pom (2.7 kB)                                                                                 Downloaded from central: https://repo.maven.apache.org/maven2/io/quarkus/quarkus-hibernate-validator-deployment/1.7.2.Final/quarkus-hibernate-validator-deployment-1.7.2.Final.pom (2.7 kB at 34 kB/s)
Downloading from central: https://repo.maven.apache.org/maven2/io/quarkus/quarkus-smallrye-openapi-deployment/1.7.2.Final/quarkus-smallrye-openapi-deployment-1.7.2.Final.pom
Progress (1): quarkus-smallrye-openapi-deployment-1.7.2.Final.pom (2.7/3.3 kB)Progress (1): quarkus-smallrye-openapi-deployment-1.7.2.Final.pom (3.3 kB)                                                                              Downloaded from central: https://repo.maven.apache.org/maven2/io/quarkus/quarkus-smallrye-openapi-deployment/1.7.2.Final/quarkus-smallrye-openapi-deployment-1.7.2.Final.pom (3.3 kB at 43 kB/s)
Downloading from central: https://repo.maven.apache.org/maven2/io/quarkus/quarkus-smallrye-openapi-common-deployment/1.7.2.Final/quarkus-smallrye-openapi-common-deployment-1.7.2.Final.pom
Progress (1): quarkus-smallrye-openapi-common-deployment-1.7.2.Final.pom (1.5 kB)                                                                                 Downloaded from central: https://repo.maven.apache.org/maven2/io/quarkus/quarkus-smallrye-openapi-common-deployment/1.7.2.Final/quarkus-smallrye-openapi-common-deployment-1.7.2.Final.pom (1.5 kB at 17 kB/s)
Downloading from central: https://repo.maven.apache.org/maven2/io/quarkus/quarkus-smallrye-openapi-common-parent/1.7.2.Final/quarkus-smallrye-openapi-common-parent-1.7.2.Final.pom
Progress (1): quarkus-smallrye-openapi-common-parent-1.7.2.Final.pom (754 B)                                                                            Downloaded from central: https://repo.maven.apache.org/maven2/io/quarkus/quarkus-smallrye-openapi-common-parent/1.7.2.Final/quarkus-smallrye-openapi-common-parent-1.7.2.Final.pom (754 B at 8.9 kB/s)
Downloading from central: https://repo.maven.apache.org/maven2/io/quarkus/quarkus-swagger-ui-deployment/1.7.2.Final/quarkus-swagger-ui-deployment-1.7.2.Final.pom
Progress (1): quarkus-swagger-ui-deployment-1.7.2.Final.pom (2.5 kB)                                                                    Downloaded from central: https://repo.maven.apache.org/maven2/io/quarkus/quarkus-swagger-ui-deployment/1.7.2.Final/quarkus-swagger-ui-deployment-1.7.2.Final.pom (2.5 kB at 31 kB/s)
Downloading from central: https://repo.maven.apache.org/maven2/io/quarkus/quarkus-smallrye-health-deployment/1.7.2.Final/quarkus-smallrye-health-deployment-1.7.2.Final.pom
Progress (1): quarkus-smallrye-health-deployment-1.7.2.Final.pom (2.6 kB)                                                                         Downloaded from central: https://repo.maven.apache.org/maven2/io/quarkus/quarkus-smallrye-health-deployment/1.7.2.Final/quarkus-smallrye-health-deployment-1.7.2.Final.pom (2.6 kB at 26 kB/s)
Downloading from central: https://repo.maven.apache.org/maven2/io/quarkus/quarkus-smallrye-metrics-deployment/1.7.2.Final/quarkus-smallrye-metrics-deployment-1.7.2.Final.pom
Progress (1): quarkus-smallrye-metrics-deployment-1.7.2.Final.pom (2.7/3.1 kB)Progress (1): quarkus-smallrye-metrics-deployment-1.7.2.Final.pom (3.1 kB)                                                                              Downloaded from central: https://repo.maven.apache.org/maven2/io/quarkus/quarkus-smallrye-metrics-deployment/1.7.2.Final/quarkus-smallrye-metrics-deployment-1.7.2.Final.pom (3.1 kB at 36 kB/s)
Downloading from central: https://repo.maven.apache.org/maven2/io/quarkus/quarkus-smallrye-metrics-spi/1.7.2.Final/quarkus-smallrye-metrics-spi-1.7.2.Final.pom
Progress (1): quarkus-smallrye-metrics-spi-1.7.2.Final.pom (1.3 kB)                                                                   Downloaded from central: https://repo.maven.apache.org/maven2/io/quarkus/quarkus-smallrye-metrics-spi/1.7.2.Final/quarkus-smallrye-metrics-spi-1.7.2.Final.pom (1.3 kB at 17 kB/s)
Downloading from central: https://repo.maven.apache.org/maven2/io/quarkus/quarkus-openshift-deployment/1.7.2.Final/quarkus-openshift-deployment-1.7.2.Final.pom
Progress (1): quarkus-openshift-deployment-1.7.2.Final.pom (2.4 kB)                                                                   Downloaded from central: https://repo.maven.apache.org/maven2/io/quarkus/quarkus-openshift-deployment/1.7.2.Final/quarkus-openshift-deployment-1.7.2.Final.pom (2.4 kB at 29 kB/s)
Downloading from central: https://repo.maven.apache.org/maven2/io/quarkus/quarkus-container-image-s2i-deployment/1.7.2.Final/quarkus-container-image-s2i-deployment-1.7.2.Final.pom
Progress (1): quarkus-container-image-s2i-deployment-1.7.2.Final.pom (2.7/2.9 kB)Progress (1): quarkus-container-image-s2i-deployment-1.7.2.Final.pom (2.9 kB)                                                                                 Downloaded from central: https://repo.maven.apache.org/maven2/io/quarkus/quarkus-container-image-s2i-deployment/1.7.2.Final/quarkus-container-image-s2i-deployment-1.7.2.Final.pom (2.9 kB at 29 kB/s)
Downloading from central: https://repo.maven.apache.org/maven2/io/quarkus/quarkus-container-image-s2i-parent/1.7.2.Final/quarkus-container-image-s2i-parent-1.7.2.Final.pom
Progress (1): quarkus-container-image-s2i-parent-1.7.2.Final.pom (736 B)                                                                        Downloaded from central: https://repo.maven.apache.org/maven2/io/quarkus/quarkus-container-image-s2i-parent/1.7.2.Final/quarkus-container-image-s2i-parent-1.7.2.Final.pom (736 B at 7.4 kB/s)
Downloading from central: https://repo.maven.apache.org/maven2/io/quarkus/quarkus-container-image-parent/1.7.2.Final/quarkus-container-image-parent-1.7.2.Final.pom
Progress (1): quarkus-container-image-parent-1.7.2.Final.pom (933 B)                                                                    Downloaded from central: https://repo.maven.apache.org/maven2/io/quarkus/quarkus-container-image-parent/1.7.2.Final/quarkus-container-image-parent-1.7.2.Final.pom (933 B at 12 kB/s)
Downloading from central: https://repo.maven.apache.org/maven2/io/quarkus/quarkus-kubernetes-client-deployment-internal/1.7.2.Final/quarkus-kubernetes-client-deployment-internal-1.7.2.Final.pom
Progress (1): quarkus-kubernetes-client-deployment-internal-1.7.2.Final.pom (2.0 kB)                                                                                    Downloaded from central: https://repo.maven.apache.org/maven2/io/quarkus/quarkus-kubernetes-client-deployment-internal/1.7.2.Final/quarkus-kubernetes-client-deployment-internal-1.7.2.Final.pom (2.0 kB at 25 kB/s)
Downloading from central: https://repo.maven.apache.org/maven2/io/quarkus/quarkus-kubernetes-client/1.7.2.Final/quarkus-kubernetes-client-1.7.2.Final.pom
Progress (1): quarkus-kubernetes-client-1.7.2.Final.pom (2.7/3.6 kB)Progress (1): quarkus-kubernetes-client-1.7.2.Final.pom (3.6 kB)                                                                    Downloaded from central: https://repo.maven.apache.org/maven2/io/quarkus/quarkus-kubernetes-client/1.7.2.Final/quarkus-kubernetes-client-1.7.2.Final.pom (3.6 kB at 45 kB/s)
Downloading from central: https://repo.maven.apache.org/maven2/io/quarkus/quarkus-jackson/1.7.2.Final/quarkus-jackson-1.7.2.Final.pom
Progress (1): quarkus-jackson-1.7.2.Final.pom (2.2 kB)                                                      Downloaded from central: https://repo.maven.apache.org/maven2/io/quarkus/quarkus-jackson/1.7.2.Final/quarkus-jackson-1.7.2.Final.pom (2.2 kB at 28 kB/s)
Downloading from central: https://repo.maven.apache.org/maven2/io/quarkus/quarkus-jackson-parent/1.7.2.Final/quarkus-jackson-parent-1.7.2.Final.pom
Progress (1): quarkus-jackson-parent-1.7.2.Final.pom (782 B)                                                            Downloaded from central: https://repo.maven.apache.org/maven2/io/quarkus/quarkus-jackson-parent/1.7.2.Final/quarkus-jackson-parent-1.7.2.Final.pom (782 B at 8.9 kB/s)
Downloading from central: https://repo.maven.apache.org/maven2/com/squareup/okhttp3/logging-interceptor/3.12.12/logging-interceptor-3.12.12.pom
Progress (1): logging-interceptor-3.12.12.pom (2.0 kB)                                                      Downloaded from central: https://repo.maven.apache.org/maven2/com/squareup/okhttp3/logging-interceptor/3.12.12/logging-interceptor-3.12.12.pom (2.0 kB at 24 kB/s)
Downloading from central: https://repo.maven.apache.org/maven2/com/squareup/okhttp3/parent/3.12.12/parent-3.12.12.pom
Progress (1): parent-3.12.12.pom (2.7/21 kB)Progress (1): parent-3.12.12.pom (5.5/21 kB)Progress (1): parent-3.12.12.pom (8.2/21 kB)Progress (1): parent-3.12.12.pom (11/21 kB) Progress (1): parent-3.12.12.pom (14/21 kB)Progress (1): parent-3.12.12.pom (16/21 kB)Progress (1): parent-3.12.12.pom (19/21 kB)Progress (1): parent-3.12.12.pom (21 kB)                                           Downloaded from central: https://repo.maven.apache.org/maven2/com/squareup/okhttp3/parent/3.12.12/parent-3.12.12.pom (21 kB at 260 kB/s)
Downloading from central: https://repo.maven.apache.org/maven2/io/quarkus/quarkus-kubernetes-client-spi/1.7.2.Final/quarkus-kubernetes-client-spi-1.7.2.Final.pom
Progress (1): quarkus-kubernetes-client-spi-1.7.2.Final.pom (2.2 kB)                                                                    Downloaded from central: https://repo.maven.apache.org/maven2/io/quarkus/quarkus-kubernetes-client-spi/1.7.2.Final/quarkus-kubernetes-client-spi-1.7.2.Final.pom (2.2 kB at 28 kB/s)
Downloading from central: https://repo.maven.apache.org/maven2/io/quarkus/quarkus-container-image-s2i/1.7.2.Final/quarkus-container-image-s2i-1.7.2.Final.pom
Progress (1): quarkus-container-image-s2i-1.7.2.Final.pom (1.8 kB)                                                                  Downloaded from central: https://repo.maven.apache.org/maven2/io/quarkus/quarkus-container-image-s2i/1.7.2.Final/quarkus-container-image-s2i-1.7.2.Final.pom (1.8 kB at 12 kB/s)
Downloading from central: https://repo.maven.apache.org/maven2/io/quarkus/quarkus-container-image-deployment/1.7.2.Final/quarkus-container-image-deployment-1.7.2.Final.pom
Progress (1): quarkus-container-image-deployment-1.7.2.Final.pom (1.9 kB)                                                                         Downloaded from central: https://repo.maven.apache.org/maven2/io/quarkus/quarkus-container-image-deployment/1.7.2.Final/quarkus-container-image-deployment-1.7.2.Final.pom (1.9 kB at 16 kB/s)
Downloading from central: https://repo.maven.apache.org/maven2/io/quarkus/quarkus-container-image-spi/1.7.2.Final/quarkus-container-image-spi-1.7.2.Final.pom
Progress (1): quarkus-container-image-spi-1.7.2.Final.pom (871 B)                                                                 Downloaded from central: https://repo.maven.apache.org/maven2/io/quarkus/quarkus-container-image-spi/1.7.2.Final/quarkus-container-image-spi-1.7.2.Final.pom (871 B at 10 kB/s)
Downloading from central: https://repo.maven.apache.org/maven2/io/quarkus/quarkus-container-image-util/1.7.2.Final/quarkus-container-image-util-1.7.2.Final.pom
Progress (1): quarkus-container-image-util-1.7.2.Final.pom (642 B)                                                                  Downloaded from central: https://repo.maven.apache.org/maven2/io/quarkus/quarkus-container-image-util/1.7.2.Final/quarkus-container-image-util-1.7.2.Final.pom (642 B at 7.4 kB/s)
Downloading from central: https://repo.maven.apache.org/maven2/io/quarkus/quarkus-kubernetes-deployment/1.7.2.Final/quarkus-kubernetes-deployment-1.7.2.Final.pom
Progress (1): quarkus-kubernetes-deployment-1.7.2.Final.pom (2.7/3.8 kB)Progress (1): quarkus-kubernetes-deployment-1.7.2.Final.pom (3.8 kB)                                                                        Downloaded from central: https://repo.maven.apache.org/maven2/io/quarkus/quarkus-kubernetes-deployment/1.7.2.Final/quarkus-kubernetes-deployment-1.7.2.Final.pom (3.8 kB at 42 kB/s)
Downloading from central: https://repo.maven.apache.org/maven2/io/quarkus/quarkus-kubernetes-vanilla-parent/1.7.2.Final/quarkus-kubernetes-vanilla-parent-1.7.2.Final.pom
Progress (1): quarkus-kubernetes-vanilla-parent-1.7.2.Final.pom (765 B)                                                                       Downloaded from central: https://repo.maven.apache.org/maven2/io/quarkus/quarkus-kubernetes-vanilla-parent/1.7.2.Final/quarkus-kubernetes-vanilla-parent-1.7.2.Final.pom (765 B at 6.4 kB/s)
Downloading from central: https://repo.maven.apache.org/maven2/io/quarkus/quarkus-kubernetes/1.7.2.Final/quarkus-kubernetes-1.7.2.Final.pom
Progress (1): quarkus-kubernetes-1.7.2.Final.pom (1.7 kB)                                                         Downloaded from central: https://repo.maven.apache.org/maven2/io/quarkus/quarkus-kubernetes/1.7.2.Final/quarkus-kubernetes-1.7.2.Final.pom (1.7 kB at 17 kB/s)
Downloading from central: https://repo.maven.apache.org/maven2/io/quarkus/quarkus-smallrye-opentracing-deployment/1.7.2.Final/quarkus-smallrye-opentracing-deployment-1.7.2.Final.pom
Progress (1): quarkus-smallrye-opentracing-deployment-1.7.2.Final.pom (2.7/4.4 kB)Progress (1): quarkus-smallrye-opentracing-deployment-1.7.2.Final.pom (4.4 kB)                                                                                  Downloaded from central: https://repo.maven.apache.org/maven2/io/quarkus/quarkus-smallrye-opentracing-deployment/1.7.2.Final/quarkus-smallrye-opentracing-deployment-1.7.2.Final.pom (4.4 kB at 52 kB/s)
Downloading from central: https://repo.maven.apache.org/maven2/io/quarkus/quarkus-jaeger-deployment/1.7.2.Final/quarkus-jaeger-deployment-1.7.2.Final.pom
Progress (1): quarkus-jaeger-deployment-1.7.2.Final.pom (2.2 kB)                                                                Downloaded from central: https://repo.maven.apache.org/maven2/io/quarkus/quarkus-jaeger-deployment/1.7.2.Final/quarkus-jaeger-deployment-1.7.2.Final.pom (2.2 kB at 30 kB/s)
Downloading from central: https://repo.maven.apache.org/maven2/io/quarkus/quarkus-jdbc-h2-deployment/1.7.2.Final/quarkus-jdbc-h2-deployment-1.7.2.Final.pom
Progress (1): quarkus-jdbc-h2-deployment-1.7.2.Final.pom (1.8 kB)                                                                 Downloaded from central: https://repo.maven.apache.org/maven2/io/quarkus/quarkus-jdbc-h2-deployment/1.7.2.Final/quarkus-jdbc-h2-deployment-1.7.2.Final.pom (1.8 kB at 8.5 kB/s)
Downloading from central: https://repo.maven.apache.org/maven2/io/quarkus/quarkus-resteasy-common-deployment/1.7.2.Final/quarkus-resteasy-common-deployment-1.7.2.Final.jar
Downloading from central: https://repo.maven.apache.org/maven2/io/quarkus/quarkus-resteasy-server-common-deployment/1.7.2.Final/quarkus-resteasy-server-common-deployment-1.7.2.Final.jar
Downloading from central: https://repo.maven.apache.org/maven2/io/quarkus/quarkus-undertow-spi/1.7.2.Final/quarkus-undertow-spi-1.7.2.Final.jar
Downloading from central: https://repo.maven.apache.org/maven2/io/quarkus/quarkus-netty-deployment/1.7.2.Final/quarkus-netty-deployment-1.7.2.Final.jar
Downloading from central: https://repo.maven.apache.org/maven2/io/quarkus/quarkus-vertx-core-deployment/1.7.2.Final/quarkus-vertx-core-deployment-1.7.2.Final.jar
Progress (1): quarkus-resteasy-server-common-deployment-1.7.2.Final.jar (2.7/30 kB)Progress (1): quarkus-resteasy-server-common-deployment-1.7.2.Final.jar (5.5/30 kB)Progress (1): quarkus-resteasy-server-common-deployment-1.7.2.Final.jar (8.2/30 kB)Progress (1): quarkus-resteasy-server-common-deployment-1.7.2.Final.jar (11/30 kB) Progress (1): quarkus-resteasy-server-common-deployment-1.7.2.Final.jar (14/30 kB)Progress (1): quarkus-resteasy-server-common-deployment-1.7.2.Final.jar (16/30 kB)Progress (1): quarkus-resteasy-server-common-deployment-1.7.2.Final.jar (19/30 kB)Progress (1): quarkus-resteasy-server-common-deployment-1.7.2.Final.jar (22/30 kB)Progress (1): quarkus-resteasy-server-common-deployment-1.7.2.Final.jar (25/30 kB)Progress (1): quarkus-resteasy-server-common-deployment-1.7.2.Final.jar (27/30 kB)Progress (1): quarkus-resteasy-server-common-deployment-1.7.2.Final.jar (30 kB)   Progress (2): quarkus-resteasy-server-common-deployment-1.7.2.Final.jar (30 kB) | quarkus-resteasy-common-deployment-1.7.2.Final.jar (2.7/20 kB)Progress (3): quarkus-resteasy-server-common-deployment-1.7.2.Final.jar (30 kB) | quarkus-resteasy-common-deployment-1.7.2.Final.jar (2.7/20 kB) | quarkus-netty-deployment-1.7.2.Final.jar (2.7/11 kB)Progress (4): quarkus-resteasy-server-common-deployment-1.7.2.Final.jar (30 kB) | quarkus-resteasy-common-deployment-1.7.2.Final.jar (2.7/20 kB) | quarkus-netty-deployment-1.7.2.Final.jar (2.7/11 kB) | quarkus-undertow-spi-1.7.2.Final.jar (2.7/25 kB)Progress (5): quarkus-resteasy-server-common-deployment-1.7.2.Final.jar (30 kB) | quarkus-resteasy-common-deployment-1.7.2.Final.jar (2.7/20 kB) | quarkus-netty-deployment-1.7.2.Final.jar (2.7/11 kB) | quarkus-undertow-spi-1.7.2.Final.jar (2.7/25 kB) | quarkus-vertx-core-deployment-1.7.2.Final.jar (2.7/9.4 kB)Progress (5): quarkus-resteasy-server-common-deployment-1.7.2.Final.jar (30 kB) | quarkus-resteasy-common-deployment-1.7.2.Final.jar (5.5/20 kB) | quarkus-netty-deployment-1.7.2.Final.jar (2.7/11 kB) | quarkus-undertow-spi-1.7.2.Final.jar (2.7/25 kB) | quarkus-vertx-core-deployment-1.7.2.Final.jar (2.7/9.4 kB)Progress (5): quarkus-resteasy-server-common-deployment-1.7.2.Final.jar (30 kB) | quarkus-resteasy-common-deployment-1.7.2.Final.jar (5.5/20 kB) | quarkus-netty-deployment-1.7.2.Final.jar (5.5/11 kB) | quarkus-undertow-spi-1.7.2.Final.jar (2.7/25 kB) | quarkus-vertx-core-deployment-1.7.2.Final.jar (2.7/9.4 kB)Progress (5): quarkus-resteasy-server-common-deployment-1.7.2.Final.jar (30 kB) | quarkus-resteasy-common-deployment-1.7.2.Final.jar (8.2/20 kB) | quarkus-netty-deployment-1.7.2.Final.jar (5.5/11 kB) | quarkus-undertow-spi-1.7.2.Final.jar (2.7/25 kB) | quarkus-vertx-core-deployment-1.7.2.Final.jar (2.7/9.4 kB)Progress (5): quarkus-resteasy-server-common-deployment-1.7.2.Final.jar (30 kB) | quarkus-resteasy-common-deployment-1.7.2.Final.jar (8.2/20 kB) | quarkus-netty-deployment-1.7.2.Final.jar (8.2/11 kB) | quarkus-undertow-spi-1.7.2.Final.jar (2.7/25 kB) | quarkus-vertx-core-deployment-1.7.2.Final.jar (2.7/9.4 kB)Progress (5): quarkus-resteasy-server-common-deployment-1.7.2.Final.jar (30 kB) | quarkus-resteasy-common-deployment-1.7.2.Final.jar (11/20 kB) | quarkus-netty-deployment-1.7.2.Final.jar (8.2/11 kB) | quarkus-undertow-spi-1.7.2.Final.jar (2.7/25 kB) | quarkus-vertx-core-deployment-1.7.2.Final.jar (2.7/9.4 kB) Progress (5): quarkus-resteasy-server-common-deployment-1.7.2.Final.jar (30 kB) | quarkus-resteasy-common-deployment-1.7.2.Final.jar (11/20 kB) | quarkus-netty-deployment-1.7.2.Final.jar (11/11 kB) | quarkus-undertow-spi-1.7.2.Final.jar (2.7/25 kB) | quarkus-vertx-core-deployment-1.7.2.Final.jar (2.7/9.4 kB) Progress (5): quarkus-resteasy-server-common-deployment-1.7.2.Final.jar (30 kB) | quarkus-resteasy-common-deployment-1.7.2.Final.jar (11/20 kB) | quarkus-netty-deployment-1.7.2.Final.jar (11 kB) | quarkus-undertow-spi-1.7.2.Final.jar (2.7/25 kB) | quarkus-vertx-core-deployment-1.7.2.Final.jar (2.7/9.4 kB)   Progress (5): quarkus-resteasy-server-common-deployment-1.7.2.Final.jar (30 kB) | quarkus-resteasy-common-deployment-1.7.2.Final.jar (14/20 kB) | quarkus-netty-deployment-1.7.2.Final.jar (11 kB) | quarkus-undertow-spi-1.7.2.Final.jar (2.7/25 kB) | quarkus-vertx-core-deployment-1.7.2.Final.jar (2.7/9.4 kB)Progress (5): quarkus-resteasy-server-common-deployment-1.7.2.Final.jar (30 kB) | quarkus-resteasy-common-deployment-1.7.2.Final.jar (16/20 kB) | quarkus-netty-deployment-1.7.2.Final.jar (11 kB) | quarkus-undertow-spi-1.7.2.Final.jar (2.7/25 kB) | quarkus-vertx-core-deployment-1.7.2.Final.jar (2.7/9.4 kB)Progress (5): quarkus-resteasy-server-common-deployment-1.7.2.Final.jar (30 kB) | quarkus-resteasy-common-deployment-1.7.2.Final.jar (19/20 kB) | quarkus-netty-deployment-1.7.2.Final.jar (11 kB) | quarkus-undertow-spi-1.7.2.Final.jar (2.7/25 kB) | quarkus-vertx-core-deployment-1.7.2.Final.jar (2.7/9.4 kB)Progress (5): quarkus-resteasy-server-common-deployment-1.7.2.Final.jar (30 kB) | quarkus-resteasy-common-deployment-1.7.2.Final.jar (20 kB) | quarkus-netty-deployment-1.7.2.Final.jar (11 kB) | quarkus-undertow-spi-1.7.2.Final.jar (2.7/25 kB) | quarkus-vertx-core-deployment-1.7.2.Final.jar (2.7/9.4 kB)   Progress (5): quarkus-resteasy-server-common-deployment-1.7.2.Final.jar (30 kB) | quarkus-resteasy-common-deployment-1.7.2.Final.jar (20 kB) | quarkus-netty-deployment-1.7.2.Final.jar (11 kB) | quarkus-undertow-spi-1.7.2.Final.jar (5.5/25 kB) | quarkus-vertx-core-deployment-1.7.2.Final.jar (2.7/9.4 kB)Progress (5): quarkus-resteasy-server-common-deployment-1.7.2.Final.jar (30 kB) | quarkus-resteasy-common-deployment-1.7.2.Final.jar (20 kB) | quarkus-netty-deployment-1.7.2.Final.jar (11 kB) | quarkus-undertow-spi-1.7.2.Final.jar (8.2/25 kB) | quarkus-vertx-core-deployment-1.7.2.Final.jar (2.7/9.4 kB)Progress (5): quarkus-resteasy-server-common-deployment-1.7.2.Final.jar (30 kB) | quarkus-resteasy-common-deployment-1.7.2.Final.jar (20 kB) | quarkus-netty-deployment-1.7.2.Final.jar (11 kB) | quarkus-undertow-spi-1.7.2.Final.jar (11/25 kB) | quarkus-vertx-core-deployment-1.7.2.Final.jar (2.7/9.4 kB) Progress (5): quarkus-resteasy-server-common-deployment-1.7.2.Final.jar (30 kB) | quarkus-resteasy-common-deployment-1.7.2.Final.jar (20 kB) | quarkus-netty-deployment-1.7.2.Final.jar (11 kB) | quarkus-undertow-spi-1.7.2.Final.jar (14/25 kB) | quarkus-vertx-core-deployment-1.7.2.Final.jar (2.7/9.4 kB)Progress (5): quarkus-resteasy-server-common-deployment-1.7.2.Final.jar (30 kB) | quarkus-resteasy-common-deployment-1.7.2.Final.jar (20 kB) | quarkus-netty-deployment-1.7.2.Final.jar (11 kB) | quarkus-undertow-spi-1.7.2.Final.jar (16/25 kB) | quarkus-vertx-core-deployment-1.7.2.Final.jar (2.7/9.4 kB)Progress (5): quarkus-resteasy-server-common-deployment-1.7.2.Final.jar (30 kB) | quarkus-resteasy-common-deployment-1.7.2.Final.jar (20 kB) | quarkus-netty-deployment-1.7.2.Final.jar (11 kB) | quarkus-undertow-spi-1.7.2.Final.jar (19/25 kB) | quarkus-vertx-core-deployment-1.7.2.Final.jar (2.7/9.4 kB)Progress (5): quarkus-resteasy-server-common-deployment-1.7.2.Final.jar (30 kB) | quarkus-resteasy-common-deployment-1.7.2.Final.jar (20 kB) | quarkus-netty-deployment-1.7.2.Final.jar (11 kB) | quarkus-undertow-spi-1.7.2.Final.jar (22/25 kB) | quarkus-vertx-core-deployment-1.7.2.Final.jar (2.7/9.4 kB)Progress (5): quarkus-resteasy-server-common-deployment-1.7.2.Final.jar (30 kB) | quarkus-resteasy-common-deployment-1.7.2.Final.jar (20 kB) | quarkus-netty-deployment-1.7.2.Final.jar (11 kB) | quarkus-undertow-spi-1.7.2.Final.jar (22/25 kB) | quarkus-vertx-core-deployment-1.7.2.Final.jar (5.5/9.4 kB)Progress (5): quarkus-resteasy-server-common-deployment-1.7.2.Final.jar (30 kB) | quarkus-resteasy-common-deployment-1.7.2.Final.jar (20 kB) | quarkus-netty-deployment-1.7.2.Final.jar (11 kB) | quarkus-undertow-spi-1.7.2.Final.jar (22/25 kB) | quarkus-vertx-core-deployment-1.7.2.Final.jar (8.2/9.4 kB)Progress (5): quarkus-resteasy-server-common-deployment-1.7.2.Final.jar (30 kB) | quarkus-resteasy-common-deployment-1.7.2.Final.jar (20 kB) | quarkus-netty-deployment-1.7.2.Final.jar (11 kB) | quarkus-undertow-spi-1.7.2.Final.jar (25 kB) | quarkus-vertx-core-deployment-1.7.2.Final.jar (8.2/9.4 kB)   Progress (5): quarkus-resteasy-server-common-deployment-1.7.2.Final.jar (30 kB) | quarkus-resteasy-common-deployment-1.7.2.Final.jar (20 kB) | quarkus-netty-deployment-1.7.2.Final.jar (11 kB) | quarkus-undertow-spi-1.7.2.Final.jar (25 kB) | quarkus-vertx-core-deployment-1.7.2.Final.jar (9.4 kB)                                                                                                                                                                                                                                                                                                           Downloaded from central: https://repo.maven.apache.org/maven2/io/quarkus/quarkus-resteasy-server-common-deployment/1.7.2.Final/quarkus-resteasy-server-common-deployment-1.7.2.Final.jar (30 kB at 149 kB/s)
Downloading from central: https://repo.maven.apache.org/maven2/io/quarkus/quarkus-kubernetes-spi/1.7.2.Final/quarkus-kubernetes-spi-1.7.2.Final.jar
Progress (5): quarkus-resteasy-common-deployment-1.7.2.Final.jar (20 kB) | quarkus-netty-deployment-1.7.2.Final.jar (11 kB) | quarkus-undertow-spi-1.7.2.Final.jar (25 kB) | quarkus-vertx-core-deployment-1.7.2.Final.jar (9.4 kB) | quarkus-kubernetes-spi-1.7.2.Final.jar (2.7/17 kB)Progress (5): quarkus-resteasy-common-deployment-1.7.2.Final.jar (20 kB) | quarkus-netty-deployment-1.7.2.Final.jar (11 kB) | quarkus-undertow-spi-1.7.2.Final.jar (25 kB) | quarkus-vertx-core-deployment-1.7.2.Final.jar (9.4 kB) | quarkus-kubernetes-spi-1.7.2.Final.jar (5.5/17 kB)Progress (5): quarkus-resteasy-common-deployment-1.7.2.Final.jar (20 kB) | quarkus-netty-deployment-1.7.2.Final.jar (11 kB) | quarkus-undertow-spi-1.7.2.Final.jar (25 kB) | quarkus-vertx-core-deployment-1.7.2.Final.jar (9.4 kB) | quarkus-kubernetes-spi-1.7.2.Final.jar (8.2/17 kB)Progress (5): quarkus-resteasy-common-deployment-1.7.2.Final.jar (20 kB) | quarkus-netty-deployment-1.7.2.Final.jar (11 kB) | quarkus-undertow-spi-1.7.2.Final.jar (25 kB) | quarkus-vertx-core-deployment-1.7.2.Final.jar (9.4 kB) | quarkus-kubernetes-spi-1.7.2.Final.jar (11/17 kB) Progress (5): quarkus-resteasy-common-deployment-1.7.2.Final.jar (20 kB) | quarkus-netty-deployment-1.7.2.Final.jar (11 kB) | quarkus-undertow-spi-1.7.2.Final.jar (25 kB) | quarkus-vertx-core-deployment-1.7.2.Final.jar (9.4 kB) | quarkus-kubernetes-spi-1.7.2.Final.jar (14/17 kB)                                                                                                                                                                                                                                                                                       Downloaded from central: https://repo.maven.apache.org/maven2/io/quarkus/quarkus-resteasy-common-deployment/1.7.2.Final/quarkus-resteasy-common-deployment-1.7.2.Final.jar (20 kB at 55 kB/s)
Downloading from central: https://repo.maven.apache.org/maven2/io/quarkus/quarkus-vertx-http-deployment/1.7.2.Final/quarkus-vertx-http-deployment-1.7.2.Final.jar
Progress (4): quarkus-netty-deployment-1.7.2.Final.jar (11 kB) | quarkus-undertow-spi-1.7.2.Final.jar (25 kB) | quarkus-vertx-core-deployment-1.7.2.Final.jar (9.4 kB) | quarkus-kubernetes-spi-1.7.2.Final.jar (16/17 kB)Progress (4): quarkus-netty-deployment-1.7.2.Final.jar (11 kB) | quarkus-undertow-spi-1.7.2.Final.jar (25 kB) | quarkus-vertx-core-deployment-1.7.2.Final.jar (9.4 kB) | quarkus-kubernetes-spi-1.7.2.Final.jar (17 kB)                                                                                                                                                                                                                          Downloaded from central: https://repo.maven.apache.org/maven2/io/quarkus/quarkus-netty-deployment/1.7.2.Final/quarkus-netty-deployment-1.7.2.Final.jar (11 kB at 30 kB/s)
Downloading from central: https://repo.maven.apache.org/maven2/io/quarkus/arc/arc-processor/1.7.2.Final/arc-processor-1.7.2.Final.jar
Downloaded from central: https://repo.maven.apache.org/maven2/io/quarkus/quarkus-vertx-core-deployment/1.7.2.Final/quarkus-vertx-core-deployment-1.7.2.Final.jar (9.4 kB at 24 kB/s)
Downloading from central: https://repo.maven.apache.org/maven2/io/quarkus/quarkus-arc-deployment/1.7.2.Final/quarkus-arc-deployment-1.7.2.Final.jar
Downloaded from central: https://repo.maven.apache.org/maven2/io/quarkus/quarkus-undertow-spi/1.7.2.Final/quarkus-undertow-spi-1.7.2.Final.jar (25 kB at 62 kB/s)
Downloading from central: https://repo.maven.apache.org/maven2/io/quarkus/quarkus-security-spi/1.7.2.Final/quarkus-security-spi-1.7.2.Final.jar
Progress (2): quarkus-kubernetes-spi-1.7.2.Final.jar (17 kB) | quarkus-security-spi-1.7.2.Final.jar (2.7/3.3 kB)Progress (3): quarkus-kubernetes-spi-1.7.2.Final.jar (17 kB) | quarkus-security-spi-1.7.2.Final.jar (2.7/3.3 kB) | arc-processor-1.7.2.Final.jar (2.7/319 kB)Progress (4): quarkus-kubernetes-spi-1.7.2.Final.jar (17 kB) | quarkus-security-spi-1.7.2.Final.jar (2.7/3.3 kB) | arc-processor-1.7.2.Final.jar (2.7/319 kB) | quarkus-arc-deployment-1.7.2.Final.jar (4.1/166 kB)Progress (5): quarkus-kubernetes-spi-1.7.2.Final.jar (17 kB) | quarkus-security-spi-1.7.2.Final.jar (2.7/3.3 kB) | arc-processor-1.7.2.Final.jar (2.7/319 kB) | quarkus-arc-deployment-1.7.2.Final.jar (4.1/166 kB) | quarkus-vertx-http-deployment-1.7.2.Final.jar (2.7/38 kB)Progress (5): quarkus-kubernetes-spi-1.7.2.Final.jar (17 kB) | quarkus-security-spi-1.7.2.Final.jar (3.3 kB) | arc-processor-1.7.2.Final.jar (2.7/319 kB) | quarkus-arc-deployment-1.7.2.Final.jar (4.1/166 kB) | quarkus-vertx-http-deployment-1.7.2.Final.jar (2.7/38 kB)    Progress (5): quarkus-kubernetes-spi-1.7.2.Final.jar (17 kB) | quarkus-security-spi-1.7.2.Final.jar (3.3 kB) | arc-processor-1.7.2.Final.jar (5.5/319 kB) | quarkus-arc-deployment-1.7.2.Final.jar (4.1/166 kB) | quarkus-vertx-http-deployment-1.7.2.Final.jar (2.7/38 kB)Progress (5): quarkus-kubernetes-spi-1.7.2.Final.jar (17 kB) | quarkus-security-spi-1.7.2.Final.jar (3.3 kB) | arc-processor-1.7.2.Final.jar (5.5/319 kB) | quarkus-arc-deployment-1.7.2.Final.jar (8.2/166 kB) | quarkus-vertx-http-deployment-1.7.2.Final.jar (2.7/38 kB)Progress (5): quarkus-kubernetes-spi-1.7.2.Final.jar (17 kB) | quarkus-security-spi-1.7.2.Final.jar (3.3 kB) | arc-processor-1.7.2.Final.jar (5.5/319 kB) | quarkus-arc-deployment-1.7.2.Final.jar (12/166 kB) | quarkus-vertx-http-deployment-1.7.2.Final.jar (2.7/38 kB) Progress (5): quarkus-kubernetes-spi-1.7.2.Final.jar (17 kB) | quarkus-security-spi-1.7.2.Final.jar (3.3 kB) | arc-processor-1.7.2.Final.jar (8.2/319 kB) | quarkus-arc-deployment-1.7.2.Final.jar (12/166 kB) | quarkus-vertx-http-deployment-1.7.2.Final.jar (2.7/38 kB)Progress (5): quarkus-kubernetes-spi-1.7.2.Final.jar (17 kB) | quarkus-security-spi-1.7.2.Final.jar (3.3 kB) | arc-processor-1.7.2.Final.jar (8.2/319 kB) | quarkus-arc-deployment-1.7.2.Final.jar (12/166 kB) | quarkus-vertx-http-deployment-1.7.2.Final.jar (5.5/38 kB)Progress (5): quarkus-kubernetes-spi-1.7.2.Final.jar (17 kB) | quarkus-security-spi-1.7.2.Final.jar (3.3 kB) | arc-processor-1.7.2.Final.jar (8.2/319 kB) | quarkus-arc-deployment-1.7.2.Final.jar (16/166 kB) | quarkus-vertx-http-deployment-1.7.2.Final.jar (5.5/38 kB)Progress (5): quarkus-kubernetes-spi-1.7.2.Final.jar (17 kB) | quarkus-security-spi-1.7.2.Final.jar (3.3 kB) | arc-processor-1.7.2.Final.jar (11/319 kB) | quarkus-arc-deployment-1.7.2.Final.jar (16/166 kB) | quarkus-vertx-http-deployment-1.7.2.Final.jar (5.5/38 kB) Progress (5): quarkus-kubernetes-spi-1.7.2.Final.jar (17 kB) | quarkus-security-spi-1.7.2.Final.jar (3.3 kB) | arc-processor-1.7.2.Final.jar (11/319 kB) | quarkus-arc-deployment-1.7.2.Final.jar (20/166 kB) | quarkus-vertx-http-deployment-1.7.2.Final.jar (5.5/38 kB)Progress (5): quarkus-kubernetes-spi-1.7.2.Final.jar (17 kB) | quarkus-security-spi-1.7.2.Final.jar (3.3 kB) | arc-processor-1.7.2.Final.jar (11/319 kB) | quarkus-arc-deployment-1.7.2.Final.jar (20/166 kB) | quarkus-vertx-http-deployment-1.7.2.Final.jar (8.2/38 kB)Progress (5): quarkus-kubernetes-spi-1.7.2.Final.jar (17 kB) | quarkus-security-spi-1.7.2.Final.jar (3.3 kB) | arc-processor-1.7.2.Final.jar (11/319 kB) | quarkus-arc-deployment-1.7.2.Final.jar (25/166 kB) | quarkus-vertx-http-deployment-1.7.2.Final.jar (8.2/38 kB)Progress (5): quarkus-kubernetes-spi-1.7.2.Final.jar (17 kB) | quarkus-security-spi-1.7.2.Final.jar (3.3 kB) | arc-processor-1.7.2.Final.jar (11/319 kB) | quarkus-arc-deployment-1.7.2.Final.jar (29/166 kB) | quarkus-vertx-http-deployment-1.7.2.Final.jar (8.2/38 kB)Progress (5): quarkus-kubernetes-spi-1.7.2.Final.jar (17 kB) | quarkus-security-spi-1.7.2.Final.jar (3.3 kB) | arc-processor-1.7.2.Final.jar (11/319 kB) | quarkus-arc-deployment-1.7.2.Final.jar (29/166 kB) | quarkus-vertx-http-deployment-1.7.2.Final.jar (11/38 kB) Progress (5): quarkus-kubernetes-spi-1.7.2.Final.jar (17 kB) | quarkus-security-spi-1.7.2.Final.jar (3.3 kB) | arc-processor-1.7.2.Final.jar (14/319 kB) | quarkus-arc-deployment-1.7.2.Final.jar (29/166 kB) | quarkus-vertx-http-deployment-1.7.2.Final.jar (11/38 kB)Progress (5): quarkus-kubernetes-spi-1.7.2.Final.jar (17 kB) | quarkus-security-spi-1.7.2.Final.jar (3.3 kB) | arc-processor-1.7.2.Final.jar (14/319 kB) | quarkus-arc-deployment-1.7.2.Final.jar (33/166 kB) | quarkus-vertx-http-deployment-1.7.2.Final.jar (11/38 kB)Progress (5): quarkus-kubernetes-spi-1.7.2.Final.jar (17 kB) | quarkus-security-spi-1.7.2.Final.jar (3.3 kB) | arc-processor-1.7.2.Final.jar (14/319 kB) | quarkus-arc-deployment-1.7.2.Final.jar (33/166 kB) | quarkus-vertx-http-deployment-1.7.2.Final.jar (14/38 kB)Progress (5): quarkus-kubernetes-spi-1.7.2.Final.jar (17 kB) | quarkus-security-spi-1.7.2.Final.jar (3.3 kB) | arc-processor-1.7.2.Final.jar (14/319 kB) | quarkus-arc-deployment-1.7.2.Final.jar (37/166 kB) | quarkus-vertx-http-deployment-1.7.2.Final.jar (14/38 kB)Progress (5): quarkus-kubernetes-spi-1.7.2.Final.jar (17 kB) | quarkus-security-spi-1.7.2.Final.jar (3.3 kB) | arc-processor-1.7.2.Final.jar (16/319 kB) | quarkus-arc-deployment-1.7.2.Final.jar (37/166 kB) | quarkus-vertx-http-deployment-1.7.2.Final.jar (14/38 kB)Progress (5): quarkus-kubernetes-spi-1.7.2.Final.jar (17 kB) | quarkus-security-spi-1.7.2.Final.jar (3.3 kB) | arc-processor-1.7.2.Final.jar (16/319 kB) | quarkus-arc-deployment-1.7.2.Final.jar (41/166 kB) | quarkus-vertx-http-deployment-1.7.2.Final.jar (14/38 kB)Progress (5): quarkus-kubernetes-spi-1.7.2.Final.jar (17 kB) | quarkus-security-spi-1.7.2.Final.jar (3.3 kB) | arc-processor-1.7.2.Final.jar (16/319 kB) | quarkus-arc-deployment-1.7.2.Final.jar (45/166 kB) | quarkus-vertx-http-deployment-1.7.2.Final.jar (14/38 kB)Progress (5): quarkus-kubernetes-spi-1.7.2.Final.jar (17 kB) | quarkus-security-spi-1.7.2.Final.jar (3.3 kB) | arc-processor-1.7.2.Final.jar (19/319 kB) | quarkus-arc-deployment-1.7.2.Final.jar (45/166 kB) | quarkus-vertx-http-deployment-1.7.2.Final.jar (14/38 kB)Progress (5): quarkus-kubernetes-spi-1.7.2.Final.jar (17 kB) | quarkus-security-spi-1.7.2.Final.jar (3.3 kB) | arc-processor-1.7.2.Final.jar (19/319 kB) | quarkus-arc-deployment-1.7.2.Final.jar (45/166 kB) | quarkus-vertx-http-deployment-1.7.2.Final.jar (16/38 kB)Progress (5): quarkus-kubernetes-spi-1.7.2.Final.jar (17 kB) | quarkus-security-spi-1.7.2.Final.jar (3.3 kB) | arc-processor-1.7.2.Final.jar (19/319 kB) | quarkus-arc-deployment-1.7.2.Final.jar (49/166 kB) | quarkus-vertx-http-deployment-1.7.2.Final.jar (16/38 kB)Progress (5): quarkus-kubernetes-spi-1.7.2.Final.jar (17 kB) | quarkus-security-spi-1.7.2.Final.jar (3.3 kB) | arc-processor-1.7.2.Final.jar (22/319 kB) | quarkus-arc-deployment-1.7.2.Final.jar (49/166 kB) | quarkus-vertx-http-deployment-1.7.2.Final.jar (16/38 kB)Progress (5): quarkus-kubernetes-spi-1.7.2.Final.jar (17 kB) | quarkus-security-spi-1.7.2.Final.jar (3.3 kB) | arc-processor-1.7.2.Final.jar (22/319 kB) | quarkus-arc-deployment-1.7.2.Final.jar (53/166 kB) | quarkus-vertx-http-deployment-1.7.2.Final.jar (16/38 kB)Progress (5): quarkus-kubernetes-spi-1.7.2.Final.jar (17 kB) | quarkus-security-spi-1.7.2.Final.jar (3.3 kB) | arc-processor-1.7.2.Final.jar (22/319 kB) | quarkus-arc-deployment-1.7.2.Final.jar (53/166 kB) | quarkus-vertx-http-deployment-1.7.2.Final.jar (19/38 kB)Progress (5): quarkus-kubernetes-spi-1.7.2.Final.jar (17 kB) | quarkus-security-spi-1.7.2.Final.jar (3.3 kB) | arc-processor-1.7.2.Final.jar (22/319 kB) | quarkus-arc-deployment-1.7.2.Final.jar (57/166 kB) | quarkus-vertx-http-deployment-1.7.2.Final.jar (19/38 kB)Progress (5): quarkus-kubernetes-spi-1.7.2.Final.jar (17 kB) | quarkus-security-spi-1.7.2.Final.jar (3.3 kB) | arc-processor-1.7.2.Final.jar (22/319 kB) | quarkus-arc-deployment-1.7.2.Final.jar (61/166 kB) | quarkus-vertx-http-deployment-1.7.2.Final.jar (19/38 kB)Progress (5): quarkus-kubernetes-spi-1.7.2.Final.jar (17 kB) | quarkus-security-spi-1.7.2.Final.jar (3.3 kB) | arc-processor-1.7.2.Final.jar (25/319 kB) | quarkus-arc-deployment-1.7.2.Final.jar (61/166 kB) | quarkus-vertx-http-deployment-1.7.2.Final.jar (19/38 kB)Progress (5): quarkus-kubernetes-spi-1.7.2.Final.jar (17 kB) | quarkus-security-spi-1.7.2.Final.jar (3.3 kB) | arc-processor-1.7.2.Final.jar (25/319 kB) | quarkus-arc-deployment-1.7.2.Final.jar (61/166 kB) | quarkus-vertx-http-deployment-1.7.2.Final.jar (22/38 kB)Progress (5): quarkus-kubernetes-spi-1.7.2.Final.jar (17 kB) | quarkus-security-spi-1.7.2.Final.jar (3.3 kB) | arc-processor-1.7.2.Final.jar (27/319 kB) | quarkus-arc-deployment-1.7.2.Final.jar (61/166 kB) | quarkus-vertx-http-deployment-1.7.2.Final.jar (22/38 kB)Progress (5): quarkus-kubernetes-spi-1.7.2.Final.jar (17 kB) | quarkus-security-spi-1.7.2.Final.jar (3.3 kB) | arc-processor-1.7.2.Final.jar (27/319 kB) | quarkus-arc-deployment-1.7.2.Final.jar (66/166 kB) | quarkus-vertx-http-deployment-1.7.2.Final.jar (22/38 kB)Progress (5): quarkus-kubernetes-spi-1.7.2.Final.jar (17 kB) | quarkus-security-spi-1.7.2.Final.jar (3.3 kB) | arc-processor-1.7.2.Final.jar (27/319 kB) | quarkus-arc-deployment-1.7.2.Final.jar (66/166 kB) | quarkus-vertx-http-deployment-1.7.2.Final.jar (25/38 kB)Progress (5): quarkus-kubernetes-spi-1.7.2.Final.jar (17 kB) | quarkus-security-spi-1.7.2.Final.jar (3.3 kB) | arc-processor-1.7.2.Final.jar (30/319 kB) | quarkus-arc-deployment-1.7.2.Final.jar (66/166 kB) | quarkus-vertx-http-deployment-1.7.2.Final.jar (25/38 kB)Progress (5): quarkus-kubernetes-spi-1.7.2.Final.jar (17 kB) | quarkus-security-spi-1.7.2.Final.jar (3.3 kB) | arc-processor-1.7.2.Final.jar (30/319 kB) | quarkus-arc-deployment-1.7.2.Final.jar (70/166 kB) | quarkus-vertx-http-deployment-1.7.2.Final.jar (25/38 kB)Progress (5): quarkus-kubernetes-spi-1.7.2.Final.jar (17 kB) | quarkus-security-spi-1.7.2.Final.jar (3.3 kB) | arc-processor-1.7.2.Final.jar (30/319 kB) | quarkus-arc-deployment-1.7.2.Final.jar (70/166 kB) | quarkus-vertx-http-deployment-1.7.2.Final.jar (27/38 kB)Progress (5): quarkus-kubernetes-spi-1.7.2.Final.jar (17 kB) | quarkus-security-spi-1.7.2.Final.jar (3.3 kB) | arc-processor-1.7.2.Final.jar (33/319 kB) | quarkus-arc-deployment-1.7.2.Final.jar (70/166 kB) | quarkus-vertx-http-deployment-1.7.2.Final.jar (27/38 kB)Progress (5): quarkus-kubernetes-spi-1.7.2.Final.jar (17 kB) | quarkus-security-spi-1.7.2.Final.jar (3.3 kB) | arc-processor-1.7.2.Final.jar (33/319 kB) | quarkus-arc-deployment-1.7.2.Final.jar (70/166 kB) | quarkus-vertx-http-deployment-1.7.2.Final.jar (30/38 kB)Progress (5): quarkus-kubernetes-spi-1.7.2.Final.jar (17 kB) | quarkus-security-spi-1.7.2.Final.jar (3.3 kB) | arc-processor-1.7.2.Final.jar (36/319 kB) | quarkus-arc-deployment-1.7.2.Final.jar (70/166 kB) | quarkus-vertx-http-deployment-1.7.2.Final.jar (30/38 kB)Progress (5): quarkus-kubernetes-spi-1.7.2.Final.jar (17 kB) | quarkus-security-spi-1.7.2.Final.jar (3.3 kB) | arc-processor-1.7.2.Final.jar (36/319 kB) | quarkus-arc-deployment-1.7.2.Final.jar (70/166 kB) | quarkus-vertx-http-deployment-1.7.2.Final.jar (33/38 kB)Progress (5): quarkus-kubernetes-spi-1.7.2.Final.jar (17 kB) | quarkus-security-spi-1.7.2.Final.jar (3.3 kB) | arc-processor-1.7.2.Final.jar (38/319 kB) | quarkus-arc-deployment-1.7.2.Final.jar (70/166 kB) | quarkus-vertx-http-deployment-1.7.2.Final.jar (33/38 kB)Progress (5): quarkus-kubernetes-spi-1.7.2.Final.jar (17 kB) | quarkus-security-spi-1.7.2.Final.jar (3.3 kB) | arc-processor-1.7.2.Final.jar (38/319 kB) | quarkus-arc-deployment-1.7.2.Final.jar (70/166 kB) | quarkus-vertx-http-deployment-1.7.2.Final.jar (36/38 kB)Progress (5): quarkus-kubernetes-spi-1.7.2.Final.jar (17 kB) | quarkus-security-spi-1.7.2.Final.jar (3.3 kB) | arc-processor-1.7.2.Final.jar (41/319 kB) | quarkus-arc-deployment-1.7.2.Final.jar (70/166 kB) | quarkus-vertx-http-deployment-1.7.2.Final.jar (36/38 kB)Progress (5): quarkus-kubernetes-spi-1.7.2.Final.jar (17 kB) | quarkus-security-spi-1.7.2.Final.jar (3.3 kB) | arc-processor-1.7.2.Final.jar (41/319 kB) | quarkus-arc-deployment-1.7.2.Final.jar (70/166 kB) | quarkus-vertx-http-deployment-1.7.2.Final.jar (38 kB)   Progress (5): quarkus-kubernetes-spi-1.7.2.Final.jar (17 kB) | quarkus-security-spi-1.7.2.Final.jar (3.3 kB) | arc-processor-1.7.2.Final.jar (44/319 kB) | quarkus-arc-deployment-1.7.2.Final.jar (70/166 kB) | quarkus-vertx-http-deployment-1.7.2.Final.jar (38 kB)Progress (5): quarkus-kubernetes-spi-1.7.2.Final.jar (17 kB) | quarkus-security-spi-1.7.2.Final.jar (3.3 kB) | arc-processor-1.7.2.Final.jar (47/319 kB) | quarkus-arc-deployment-1.7.2.Final.jar (70/166 kB) | quarkus-vertx-http-deployment-1.7.2.Final.jar (38 kB)Progress (5): quarkus-kubernetes-spi-1.7.2.Final.jar (17 kB) | quarkus-security-spi-1.7.2.Final.jar (3.3 kB) | arc-processor-1.7.2.Final.jar (49/319 kB) | quarkus-arc-deployment-1.7.2.Final.jar (70/166 kB) | quarkus-vertx-http-deployment-1.7.2.Final.jar (38 kB)Progress (5): quarkus-kubernetes-spi-1.7.2.Final.jar (17 kB) | quarkus-security-spi-1.7.2.Final.jar (3.3 kB) | arc-processor-1.7.2.Final.jar (52/319 kB) | quarkus-arc-deployment-1.7.2.Final.jar (70/166 kB) | quarkus-vertx-http-deployment-1.7.2.Final.jar (38 kB)Progress (5): quarkus-kubernetes-spi-1.7.2.Final.jar (17 kB) | quarkus-security-spi-1.7.2.Final.jar (3.3 kB) | arc-processor-1.7.2.Final.jar (55/319 kB) | quarkus-arc-deployment-1.7.2.Final.jar (70/166 kB) | quarkus-vertx-http-deployment-1.7.2.Final.jar (38 kB)Progress (5): quarkus-kubernetes-spi-1.7.2.Final.jar (17 kB) | quarkus-security-spi-1.7.2.Final.jar (3.3 kB) | arc-processor-1.7.2.Final.jar (55/319 kB) | quarkus-arc-deployment-1.7.2.Final.jar (74/166 kB) | quarkus-vertx-http-deployment-1.7.2.Final.jar (38 kB)Progress (5): quarkus-kubernetes-spi-1.7.2.Final.jar (17 kB) | quarkus-security-spi-1.7.2.Final.jar (3.3 kB) | arc-processor-1.7.2.Final.jar (58/319 kB) | quarkus-arc-deployment-1.7.2.Final.jar (74/166 kB) | quarkus-vertx-http-deployment-1.7.2.Final.jar (38 kB)Progress (5): quarkus-kubernetes-spi-1.7.2.Final.jar (17 kB) | quarkus-security-spi-1.7.2.Final.jar (3.3 kB) | arc-processor-1.7.2.Final.jar (60/319 kB) | quarkus-arc-deployment-1.7.2.Final.jar (74/166 kB) | quarkus-vertx-http-deployment-1.7.2.Final.jar (38 kB)Progress (5): quarkus-kubernetes-spi-1.7.2.Final.jar (17 kB) | quarkus-security-spi-1.7.2.Final.jar (3.3 kB) | arc-processor-1.7.2.Final.jar (60/319 kB) | quarkus-arc-deployment-1.7.2.Final.jar (78/166 kB) | quarkus-vertx-http-deployment-1.7.2.Final.jar (38 kB)Progress (5): quarkus-kubernetes-spi-1.7.2.Final.jar (17 kB) | quarkus-security-spi-1.7.2.Final.jar (3.3 kB) | arc-processor-1.7.2.Final.jar (60/319 kB) | quarkus-arc-deployment-1.7.2.Final.jar (82/166 kB) | quarkus-vertx-http-deployment-1.7.2.Final.jar (38 kB)Progress (5): quarkus-kubernetes-spi-1.7.2.Final.jar (17 kB) | quarkus-security-spi-1.7.2.Final.jar (3.3 kB) | arc-processor-1.7.2.Final.jar (63/319 kB) | quarkus-arc-deployment-1.7.2.Final.jar (82/166 kB) | quarkus-vertx-http-deployment-1.7.2.Final.jar (38 kB)Progress (5): quarkus-kubernetes-spi-1.7.2.Final.jar (17 kB) | quarkus-security-spi-1.7.2.Final.jar (3.3 kB) | arc-processor-1.7.2.Final.jar (66/319 kB) | quarkus-arc-deployment-1.7.2.Final.jar (82/166 kB) | quarkus-vertx-http-deployment-1.7.2.Final.jar (38 kB)Progress (5): quarkus-kubernetes-spi-1.7.2.Final.jar (17 kB) | quarkus-security-spi-1.7.2.Final.jar (3.3 kB) | arc-processor-1.7.2.Final.jar (69/319 kB) | quarkus-arc-deployment-1.7.2.Final.jar (82/166 kB) | quarkus-vertx-http-deployment-1.7.2.Final.jar (38 kB)Progress (5): quarkus-kubernetes-spi-1.7.2.Final.jar (17 kB) | quarkus-security-spi-1.7.2.Final.jar (3.3 kB) | arc-processor-1.7.2.Final.jar (69/319 kB) | quarkus-arc-deployment-1.7.2.Final.jar (86/166 kB) | quarkus-vertx-http-deployment-1.7.2.Final.jar (38 kB)Progress (5): quarkus-kubernetes-spi-1.7.2.Final.jar (17 kB) | quarkus-security-spi-1.7.2.Final.jar (3.3 kB) | arc-processor-1.7.2.Final.jar (69/319 kB) | quarkus-arc-deployment-1.7.2.Final.jar (90/166 kB) | quarkus-vertx-http-deployment-1.7.2.Final.jar (38 kB)Progress (5): quarkus-kubernetes-spi-1.7.2.Final.jar (17 kB) | quarkus-security-spi-1.7.2.Final.jar (3.3 kB) | arc-processor-1.7.2.Final.jar (71/319 kB) | quarkus-arc-deployment-1.7.2.Final.jar (90/166 kB) | quarkus-vertx-http-deployment-1.7.2.Final.jar (38 kB)Progress (5): quarkus-kubernetes-spi-1.7.2.Final.jar (17 kB) | quarkus-security-spi-1.7.2.Final.jar (3.3 kB) | arc-processor-1.7.2.Final.jar (74/319 kB) | quarkus-arc-deployment-1.7.2.Final.jar (90/166 kB) | quarkus-vertx-http-deployment-1.7.2.Final.jar (38 kB)Progress (5): quarkus-kubernetes-spi-1.7.2.Final.jar (17 kB) | quarkus-security-spi-1.7.2.Final.jar (3.3 kB) | arc-processor-1.7.2.Final.jar (74/319 kB) | quarkus-arc-deployment-1.7.2.Final.jar (94/166 kB) | quarkus-vertx-http-deployment-1.7.2.Final.jar (38 kB)Progress (5): quarkus-kubernetes-spi-1.7.2.Final.jar (17 kB) | quarkus-security-spi-1.7.2.Final.jar (3.3 kB) | arc-processor-1.7.2.Final.jar (77/319 kB) | quarkus-arc-deployment-1.7.2.Final.jar (94/166 kB) | quarkus-vertx-http-deployment-1.7.2.Final.jar (38 kB)Progress (5): quarkus-kubernetes-spi-1.7.2.Final.jar (17 kB) | quarkus-security-spi-1.7.2.Final.jar (3.3 kB) | arc-processor-1.7.2.Final.jar (77/319 kB) | quarkus-arc-deployment-1.7.2.Final.jar (98/166 kB) | quarkus-vertx-http-deployment-1.7.2.Final.jar (38 kB)Progress (5): quarkus-kubernetes-spi-1.7.2.Final.jar (17 kB) | quarkus-security-spi-1.7.2.Final.jar (3.3 kB) | arc-processor-1.7.2.Final.jar (80/319 kB) | quarkus-arc-deployment-1.7.2.Final.jar (98/166 kB) | quarkus-vertx-http-deployment-1.7.2.Final.jar (38 kB)Progress (5): quarkus-kubernetes-spi-1.7.2.Final.jar (17 kB) | quarkus-security-spi-1.7.2.Final.jar (3.3 kB) | arc-processor-1.7.2.Final.jar (80/319 kB) | quarkus-arc-deployment-1.7.2.Final.jar (102/166 kB) | quarkus-vertx-http-deployment-1.7.2.Final.jar (38 kB)                                                                                                                                                                                                                                                                      Downloaded from central: https://repo.maven.apache.org/maven2/io/quarkus/quarkus-kubernetes-spi/1.7.2.Final/quarkus-kubernetes-spi-1.7.2.Final.jar (17 kB at 33 kB/s)
Downloading from central: https://repo.maven.apache.org/maven2/io/quarkus/quarkus-resteasy-deployment/1.7.2.Final/quarkus-resteasy-deployment-1.7.2.Final.jar
Progress (4): quarkus-security-spi-1.7.2.Final.jar (3.3 kB) | arc-processor-1.7.2.Final.jar (80/319 kB) | quarkus-arc-deployment-1.7.2.Final.jar (106/166 kB) | quarkus-vertx-http-deployment-1.7.2.Final.jar (38 kB)Progress (4): quarkus-security-spi-1.7.2.Final.jar (3.3 kB) | arc-processor-1.7.2.Final.jar (80/319 kB) | quarkus-arc-deployment-1.7.2.Final.jar (111/166 kB) | quarkus-vertx-http-deployment-1.7.2.Final.jar (38 kB)Progress (4): quarkus-security-spi-1.7.2.Final.jar (3.3 kB) | arc-processor-1.7.2.Final.jar (82/319 kB) | quarkus-arc-deployment-1.7.2.Final.jar (111/166 kB) | quarkus-vertx-http-deployment-1.7.2.Final.jar (38 kB)Progress (4): quarkus-security-spi-1.7.2.Final.jar (3.3 kB) | arc-processor-1.7.2.Final.jar (82/319 kB) | quarkus-arc-deployment-1.7.2.Final.jar (115/166 kB) | quarkus-vertx-http-deployment-1.7.2.Final.jar (38 kB)Progress (4): quarkus-security-spi-1.7.2.Final.jar (3.3 kB) | arc-processor-1.7.2.Final.jar (85/319 kB) | quarkus-arc-deployment-1.7.2.Final.jar (115/166 kB) | quarkus-vertx-http-deployment-1.7.2.Final.jar (38 kB)Progress (4): quarkus-security-spi-1.7.2.Final.jar (3.3 kB) | arc-processor-1.7.2.Final.jar (88/319 kB) | quarkus-arc-deployment-1.7.2.Final.jar (115/166 kB) | quarkus-vertx-http-deployment-1.7.2.Final.jar (38 kB)Progress (4): quarkus-security-spi-1.7.2.Final.jar (3.3 kB) | arc-processor-1.7.2.Final.jar (88/319 kB) | quarkus-arc-deployment-1.7.2.Final.jar (119/166 kB) | quarkus-vertx-http-deployment-1.7.2.Final.jar (38 kB)Progress (4): quarkus-security-spi-1.7.2.Final.jar (3.3 kB) | arc-processor-1.7.2.Final.jar (90/319 kB) | quarkus-arc-deployment-1.7.2.Final.jar (119/166 kB) | quarkus-vertx-http-deployment-1.7.2.Final.jar (38 kB)Progress (4): quarkus-security-spi-1.7.2.Final.jar (3.3 kB) | arc-processor-1.7.2.Final.jar (90/319 kB) | quarkus-arc-deployment-1.7.2.Final.jar (123/166 kB) | quarkus-vertx-http-deployment-1.7.2.Final.jar (38 kB)Progress (4): quarkus-security-spi-1.7.2.Final.jar (3.3 kB) | arc-processor-1.7.2.Final.jar (93/319 kB) | quarkus-arc-deployment-1.7.2.Final.jar (123/166 kB) | quarkus-vertx-http-deployment-1.7.2.Final.jar (38 kB)Progress (4): quarkus-security-spi-1.7.2.Final.jar (3.3 kB) | arc-processor-1.7.2.Final.jar (96/319 kB) | quarkus-arc-deployment-1.7.2.Final.jar (123/166 kB) | quarkus-vertx-http-deployment-1.7.2.Final.jar (38 kB)Progress (4): quarkus-security-spi-1.7.2.Final.jar (3.3 kB) | arc-processor-1.7.2.Final.jar (96/319 kB) | quarkus-arc-deployment-1.7.2.Final.jar (127/166 kB) | quarkus-vertx-http-deployment-1.7.2.Final.jar (38 kB)Progress (4): quarkus-security-spi-1.7.2.Final.jar (3.3 kB) | arc-processor-1.7.2.Final.jar (99/319 kB) | quarkus-arc-deployment-1.7.2.Final.jar (127/166 kB) | quarkus-vertx-http-deployment-1.7.2.Final.jar (38 kB)Progress (4): quarkus-security-spi-1.7.2.Final.jar (3.3 kB) | arc-processor-1.7.2.Final.jar (99/319 kB) | quarkus-arc-deployment-1.7.2.Final.jar (131/166 kB) | quarkus-vertx-http-deployment-1.7.2.Final.jar (38 kB)Progress (4): quarkus-security-spi-1.7.2.Final.jar (3.3 kB) | arc-processor-1.7.2.Final.jar (101/319 kB) | quarkus-arc-deployment-1.7.2.Final.jar (131/166 kB) | quarkus-vertx-http-deployment-1.7.2.Final.jar (38 kB)Progress (4): quarkus-security-spi-1.7.2.Final.jar (3.3 kB) | arc-processor-1.7.2.Final.jar (104/319 kB) | quarkus-arc-deployment-1.7.2.Final.jar (131/166 kB) | quarkus-vertx-http-deployment-1.7.2.Final.jar (38 kB)Progress (4): quarkus-security-spi-1.7.2.Final.jar (3.3 kB) | arc-processor-1.7.2.Final.jar (107/319 kB) | quarkus-arc-deployment-1.7.2.Final.jar (131/166 kB) | quarkus-vertx-http-deployment-1.7.2.Final.jar (38 kB)Progress (4): quarkus-security-spi-1.7.2.Final.jar (3.3 kB) | arc-processor-1.7.2.Final.jar (107/319 kB) | quarkus-arc-deployment-1.7.2.Final.jar (135/166 kB) | quarkus-vertx-http-deployment-1.7.2.Final.jar (38 kB)Progress (4): quarkus-security-spi-1.7.2.Final.jar (3.3 kB) | arc-processor-1.7.2.Final.jar (110/319 kB) | quarkus-arc-deployment-1.7.2.Final.jar (135/166 kB) | quarkus-vertx-http-deployment-1.7.2.Final.jar (38 kB)Progress (4): quarkus-security-spi-1.7.2.Final.jar (3.3 kB) | arc-processor-1.7.2.Final.jar (110/319 kB) | quarkus-arc-deployment-1.7.2.Final.jar (139/166 kB) | quarkus-vertx-http-deployment-1.7.2.Final.jar (38 kB)Progress (4): quarkus-security-spi-1.7.2.Final.jar (3.3 kB) | arc-processor-1.7.2.Final.jar (112/319 kB) | quarkus-arc-deployment-1.7.2.Final.jar (139/166 kB) | quarkus-vertx-http-deployment-1.7.2.Final.jar (38 kB)Progress (4): quarkus-security-spi-1.7.2.Final.jar (3.3 kB) | arc-processor-1.7.2.Final.jar (115/319 kB) | quarkus-arc-deployment-1.7.2.Final.jar (139/166 kB) | quarkus-vertx-http-deployment-1.7.2.Final.jar (38 kB)Progress (4): quarkus-security-spi-1.7.2.Final.jar (3.3 kB) | arc-processor-1.7.2.Final.jar (115/319 kB) | quarkus-arc-deployment-1.7.2.Final.jar (143/166 kB) | quarkus-vertx-http-deployment-1.7.2.Final.jar (38 kB)Progress (4): quarkus-security-spi-1.7.2.Final.jar (3.3 kB) | arc-processor-1.7.2.Final.jar (115/319 kB) | quarkus-arc-deployment-1.7.2.Final.jar (147/166 kB) | quarkus-vertx-http-deployment-1.7.2.Final.jar (38 kB)Progress (4): quarkus-security-spi-1.7.2.Final.jar (3.3 kB) | arc-processor-1.7.2.Final.jar (115/319 kB) | quarkus-arc-deployment-1.7.2.Final.jar (152/166 kB) | quarkus-vertx-http-deployment-1.7.2.Final.jar (38 kB)Progress (4): quarkus-security-spi-1.7.2.Final.jar (3.3 kB) | arc-processor-1.7.2.Final.jar (115/319 kB) | quarkus-arc-deployment-1.7.2.Final.jar (156/166 kB) | quarkus-vertx-http-deployment-1.7.2.Final.jar (38 kB)Progress (4): quarkus-security-spi-1.7.2.Final.jar (3.3 kB) | arc-processor-1.7.2.Final.jar (115/319 kB) | quarkus-arc-deployment-1.7.2.Final.jar (160/166 kB) | quarkus-vertx-http-deployment-1.7.2.Final.jar (38 kB)Progress (4): quarkus-security-spi-1.7.2.Final.jar (3.3 kB) | arc-processor-1.7.2.Final.jar (115/319 kB) | quarkus-arc-deployment-1.7.2.Final.jar (164/166 kB) | quarkus-vertx-http-deployment-1.7.2.Final.jar (38 kB)Progress (4): quarkus-security-spi-1.7.2.Final.jar (3.3 kB) | arc-processor-1.7.2.Final.jar (115/319 kB) | quarkus-arc-deployment-1.7.2.Final.jar (166 kB) | quarkus-vertx-http-deployment-1.7.2.Final.jar (38 kB)    Progress (4): quarkus-security-spi-1.7.2.Final.jar (3.3 kB) | arc-processor-1.7.2.Final.jar (118/319 kB) | quarkus-arc-deployment-1.7.2.Final.jar (166 kB) | quarkus-vertx-http-deployment-1.7.2.Final.jar (38 kB)Progress (4): quarkus-security-spi-1.7.2.Final.jar (3.3 kB) | arc-processor-1.7.2.Final.jar (121/319 kB) | quarkus-arc-deployment-1.7.2.Final.jar (166 kB) | quarkus-vertx-http-deployment-1.7.2.Final.jar (38 kB)Progress (4): quarkus-security-spi-1.7.2.Final.jar (3.3 kB) | arc-processor-1.7.2.Final.jar (123/319 kB) | quarkus-arc-deployment-1.7.2.Final.jar (166 kB) | quarkus-vertx-http-deployment-1.7.2.Final.jar (38 kB)Progress (4): quarkus-security-spi-1.7.2.Final.jar (3.3 kB) | arc-processor-1.7.2.Final.jar (126/319 kB) | quarkus-arc-deployment-1.7.2.Final.jar (166 kB) | quarkus-vertx-http-deployment-1.7.2.Final.jar (38 kB)Progress (4): quarkus-security-spi-1.7.2.Final.jar (3.3 kB) | arc-processor-1.7.2.Final.jar (129/319 kB) | quarkus-arc-deployment-1.7.2.Final.jar (166 kB) | quarkus-vertx-http-deployment-1.7.2.Final.jar (38 kB)Progress (4): quarkus-security-spi-1.7.2.Final.jar (3.3 kB) | arc-processor-1.7.2.Final.jar (132/319 kB) | quarkus-arc-deployment-1.7.2.Final.jar (166 kB) | quarkus-vertx-http-deployment-1.7.2.Final.jar (38 kB)Progress (5): quarkus-security-spi-1.7.2.Final.jar (3.3 kB) | arc-processor-1.7.2.Final.jar (132/319 kB) | quarkus-arc-deployment-1.7.2.Final.jar (166 kB) | quarkus-vertx-http-deployment-1.7.2.Final.jar (38 kB) | quarkus-resteasy-deployment-1.7.2.Final.jar (2.7/18 kB)Progress (5): quarkus-security-spi-1.7.2.Final.jar (3.3 kB) | arc-processor-1.7.2.Final.jar (134/319 kB) | quarkus-arc-deployment-1.7.2.Final.jar (166 kB) | quarkus-vertx-http-deployment-1.7.2.Final.jar (38 kB) | quarkus-resteasy-deployment-1.7.2.Final.jar (2.7/18 kB)Progress (5): quarkus-security-spi-1.7.2.Final.jar (3.3 kB) | arc-processor-1.7.2.Final.jar (137/319 kB) | quarkus-arc-deployment-1.7.2.Final.jar (166 kB) | quarkus-vertx-http-deployment-1.7.2.Final.jar (38 kB) | quarkus-resteasy-deployment-1.7.2.Final.jar (2.7/18 kB)Progress (5): quarkus-security-spi-1.7.2.Final.jar (3.3 kB) | arc-processor-1.7.2.Final.jar (140/319 kB) | quarkus-arc-deployment-1.7.2.Final.jar (166 kB) | quarkus-vertx-http-deployment-1.7.2.Final.jar (38 kB) | quarkus-resteasy-deployment-1.7.2.Final.jar (2.7/18 kB)Progress (5): quarkus-security-spi-1.7.2.Final.jar (3.3 kB) | arc-processor-1.7.2.Final.jar (143/319 kB) | quarkus-arc-deployment-1.7.2.Final.jar (166 kB) | quarkus-vertx-http-deployment-1.7.2.Final.jar (38 kB) | quarkus-resteasy-deployment-1.7.2.Final.jar (2.7/18 kB)Progress (5): quarkus-security-spi-1.7.2.Final.jar (3.3 kB) | arc-processor-1.7.2.Final.jar (145/319 kB) | quarkus-arc-deployment-1.7.2.Final.jar (166 kB) | quarkus-vertx-http-deployment-1.7.2.Final.jar (38 kB) | quarkus-resteasy-deployment-1.7.2.Final.jar (2.7/18 kB)Progress (5): quarkus-security-spi-1.7.2.Final.jar (3.3 kB) | arc-processor-1.7.2.Final.jar (148/319 kB) | quarkus-arc-deployment-1.7.2.Final.jar (166 kB) | quarkus-vertx-http-deployment-1.7.2.Final.jar (38 kB) | quarkus-resteasy-deployment-1.7.2.Final.jar (2.7/18 kB)Progress (5): quarkus-security-spi-1.7.2.Final.jar (3.3 kB) | arc-processor-1.7.2.Final.jar (151/319 kB) | quarkus-arc-deployment-1.7.2.Final.jar (166 kB) | quarkus-vertx-http-deployment-1.7.2.Final.jar (38 kB) | quarkus-resteasy-deployment-1.7.2.Final.jar (2.7/18 kB)Progress (5): quarkus-security-spi-1.7.2.Final.jar (3.3 kB) | arc-processor-1.7.2.Final.jar (154/319 kB) | quarkus-arc-deployment-1.7.2.Final.jar (166 kB) | quarkus-vertx-http-deployment-1.7.2.Final.jar (38 kB) | quarkus-resteasy-deployment-1.7.2.Final.jar (2.7/18 kB)Progress (5): quarkus-security-spi-1.7.2.Final.jar (3.3 kB) | arc-processor-1.7.2.Final.jar (156/319 kB) | quarkus-arc-deployment-1.7.2.Final.jar (166 kB) | quarkus-vertx-http-deployment-1.7.2.Final.jar (38 kB) | quarkus-resteasy-deployment-1.7.2.Final.jar (2.7/18 kB)Progress (5): quarkus-security-spi-1.7.2.Final.jar (3.3 kB) | arc-processor-1.7.2.Final.jar (159/319 kB) | quarkus-arc-deployment-1.7.2.Final.jar (166 kB) | quarkus-vertx-http-deployment-1.7.2.Final.jar (38 kB) | quarkus-resteasy-deployment-1.7.2.Final.jar (2.7/18 kB)Progress (5): quarkus-security-spi-1.7.2.Final.jar (3.3 kB) | arc-processor-1.7.2.Final.jar (162/319 kB) | quarkus-arc-deployment-1.7.2.Final.jar (166 kB) | quarkus-vertx-http-deployment-1.7.2.Final.jar (38 kB) | quarkus-resteasy-deployment-1.7.2.Final.jar (2.7/18 kB)Progress (5): quarkus-security-spi-1.7.2.Final.jar (3.3 kB) | arc-processor-1.7.2.Final.jar (165/319 kB) | quarkus-arc-deployment-1.7.2.Final.jar (166 kB) | quarkus-vertx-http-deployment-1.7.2.Final.jar (38 kB) | quarkus-resteasy-deployment-1.7.2.Final.jar (2.7/18 kB)Progress (5): quarkus-security-spi-1.7.2.Final.jar (3.3 kB) | arc-processor-1.7.2.Final.jar (167/319 kB) | quarkus-arc-deployment-1.7.2.Final.jar (166 kB) | quarkus-vertx-http-deployment-1.7.2.Final.jar (38 kB) | quarkus-resteasy-deployment-1.7.2.Final.jar (2.7/18 kB)Progress (5): quarkus-security-spi-1.7.2.Final.jar (3.3 kB) | arc-processor-1.7.2.Final.jar (170/319 kB) | quarkus-arc-deployment-1.7.2.Final.jar (166 kB) | quarkus-vertx-http-deployment-1.7.2.Final.jar (38 kB) | quarkus-resteasy-deployment-1.7.2.Final.jar (2.7/18 kB)Progress (5): quarkus-security-spi-1.7.2.Final.jar (3.3 kB) | arc-processor-1.7.2.Final.jar (173/319 kB) | quarkus-arc-deployment-1.7.2.Final.jar (166 kB) | quarkus-vertx-http-deployment-1.7.2.Final.jar (38 kB) | quarkus-resteasy-deployment-1.7.2.Final.jar (2.7/18 kB)Progress (5): quarkus-security-spi-1.7.2.Final.jar (3.3 kB) | arc-processor-1.7.2.Final.jar (175/319 kB) | quarkus-arc-deployment-1.7.2.Final.jar (166 kB) | quarkus-vertx-http-deployment-1.7.2.Final.jar (38 kB) | quarkus-resteasy-deployment-1.7.2.Final.jar (2.7/18 kB)Progress (5): quarkus-security-spi-1.7.2.Final.jar (3.3 kB) | arc-processor-1.7.2.Final.jar (178/319 kB) | quarkus-arc-deployment-1.7.2.Final.jar (166 kB) | quarkus-vertx-http-deployment-1.7.2.Final.jar (38 kB) | quarkus-resteasy-deployment-1.7.2.Final.jar (2.7/18 kB)Progress (5): quarkus-security-spi-1.7.2.Final.jar (3.3 kB) | arc-processor-1.7.2.Final.jar (181/319 kB) | quarkus-arc-deployment-1.7.2.Final.jar (166 kB) | quarkus-vertx-http-deployment-1.7.2.Final.jar (38 kB) | quarkus-resteasy-deployment-1.7.2.Final.jar (2.7/18 kB)Progress (5): quarkus-security-spi-1.7.2.Final.jar (3.3 kB) | arc-processor-1.7.2.Final.jar (184/319 kB) | quarkus-arc-deployment-1.7.2.Final.jar (166 kB) | quarkus-vertx-http-deployment-1.7.2.Final.jar (38 kB) | quarkus-resteasy-deployment-1.7.2.Final.jar (2.7/18 kB)Progress (5): quarkus-security-spi-1.7.2.Final.jar (3.3 kB) | arc-processor-1.7.2.Final.jar (186/319 kB) | quarkus-arc-deployment-1.7.2.Final.jar (166 kB) | quarkus-vertx-http-deployment-1.7.2.Final.jar (38 kB) | quarkus-resteasy-deployment-1.7.2.Final.jar (2.7/18 kB)Progress (5): quarkus-security-spi-1.7.2.Final.jar (3.3 kB) | arc-processor-1.7.2.Final.jar (189/319 kB) | quarkus-arc-deployment-1.7.2.Final.jar (166 kB) | quarkus-vertx-http-deployment-1.7.2.Final.jar (38 kB) | quarkus-resteasy-deployment-1.7.2.Final.jar (2.7/18 kB)Progress (5): quarkus-security-spi-1.7.2.Final.jar (3.3 kB) | arc-processor-1.7.2.Final.jar (192/319 kB) | quarkus-arc-deployment-1.7.2.Final.jar (166 kB) | quarkus-vertx-http-deployment-1.7.2.Final.jar (38 kB) | quarkus-resteasy-deployment-1.7.2.Final.jar (2.7/18 kB)Progress (5): quarkus-security-spi-1.7.2.Final.jar (3.3 kB) | arc-processor-1.7.2.Final.jar (195/319 kB) | quarkus-arc-deployment-1.7.2.Final.jar (166 kB) | quarkus-vertx-http-deployment-1.7.2.Final.jar (38 kB) | quarkus-resteasy-deployment-1.7.2.Final.jar (2.7/18 kB)Progress (5): quarkus-security-spi-1.7.2.Final.jar (3.3 kB) | arc-processor-1.7.2.Final.jar (197/319 kB) | quarkus-arc-deployment-1.7.2.Final.jar (166 kB) | quarkus-vertx-http-deployment-1.7.2.Final.jar (38 kB) | quarkus-resteasy-deployment-1.7.2.Final.jar (2.7/18 kB)Progress (5): quarkus-security-spi-1.7.2.Final.jar (3.3 kB) | arc-processor-1.7.2.Final.jar (200/319 kB) | quarkus-arc-deployment-1.7.2.Final.jar (166 kB) | quarkus-vertx-http-deployment-1.7.2.Final.jar (38 kB) | quarkus-resteasy-deployment-1.7.2.Final.jar (2.7/18 kB)Progress (5): quarkus-security-spi-1.7.2.Final.jar (3.3 kB) | arc-processor-1.7.2.Final.jar (203/319 kB) | quarkus-arc-deployment-1.7.2.Final.jar (166 kB) | quarkus-vertx-http-deployment-1.7.2.Final.jar (38 kB) | quarkus-resteasy-deployment-1.7.2.Final.jar (2.7/18 kB)Progress (5): quarkus-security-spi-1.7.2.Final.jar (3.3 kB) | arc-processor-1.7.2.Final.jar (206/319 kB) | quarkus-arc-deployment-1.7.2.Final.jar (166 kB) | quarkus-vertx-http-deployment-1.7.2.Final.jar (38 kB) | quarkus-resteasy-deployment-1.7.2.Final.jar (2.7/18 kB)Progress (5): quarkus-security-spi-1.7.2.Final.jar (3.3 kB) | arc-processor-1.7.2.Final.jar (208/319 kB) | quarkus-arc-deployment-1.7.2.Final.jar (166 kB) | quarkus-vertx-http-deployment-1.7.2.Final.jar (38 kB) | quarkus-resteasy-deployment-1.7.2.Final.jar (2.7/18 kB)Progress (5): quarkus-security-spi-1.7.2.Final.jar (3.3 kB) | arc-processor-1.7.2.Final.jar (211/319 kB) | quarkus-arc-deployment-1.7.2.Final.jar (166 kB) | quarkus-vertx-http-deployment-1.7.2.Final.jar (38 kB) | quarkus-resteasy-deployment-1.7.2.Final.jar (2.7/18 kB)Progress (5): quarkus-security-spi-1.7.2.Final.jar (3.3 kB) | arc-processor-1.7.2.Final.jar (214/319 kB) | quarkus-arc-deployment-1.7.2.Final.jar (166 kB) | quarkus-vertx-http-deployment-1.7.2.Final.jar (38 kB) | quarkus-resteasy-deployment-1.7.2.Final.jar (2.7/18 kB)Progress (5): quarkus-security-spi-1.7.2.Final.jar (3.3 kB) | arc-processor-1.7.2.Final.jar (217/319 kB) | quarkus-arc-deployment-1.7.2.Final.jar (166 kB) | quarkus-vertx-http-deployment-1.7.2.Final.jar (38 kB) | quarkus-resteasy-deployment-1.7.2.Final.jar (2.7/18 kB)Progress (5): quarkus-security-spi-1.7.2.Final.jar (3.3 kB) | arc-processor-1.7.2.Final.jar (219/319 kB) | quarkus-arc-deployment-1.7.2.Final.jar (166 kB) | quarkus-vertx-http-deployment-1.7.2.Final.jar (38 kB) | quarkus-resteasy-deployment-1.7.2.Final.jar (2.7/18 kB)Progress (5): quarkus-security-spi-1.7.2.Final.jar (3.3 kB) | arc-processor-1.7.2.Final.jar (223/319 kB) | quarkus-arc-deployment-1.7.2.Final.jar (166 kB) | quarkus-vertx-http-deployment-1.7.2.Final.jar (38 kB) | quarkus-resteasy-deployment-1.7.2.Final.jar (2.7/18 kB)Progress (5): quarkus-security-spi-1.7.2.Final.jar (3.3 kB) | arc-processor-1.7.2.Final.jar (227/319 kB) | quarkus-arc-deployment-1.7.2.Final.jar (166 kB) | quarkus-vertx-http-deployment-1.7.2.Final.jar (38 kB) | quarkus-resteasy-deployment-1.7.2.Final.jar (2.7/18 kB)Progress (5): quarkus-security-spi-1.7.2.Final.jar (3.3 kB) | arc-processor-1.7.2.Final.jar (231/319 kB) | quarkus-arc-deployment-1.7.2.Final.jar (166 kB) | quarkus-vertx-http-deployment-1.7.2.Final.jar (38 kB) | quarkus-resteasy-deployment-1.7.2.Final.jar (2.7/18 kB)Progress (5): quarkus-security-spi-1.7.2.Final.jar (3.3 kB) | arc-processor-1.7.2.Final.jar (235/319 kB) | quarkus-arc-deployment-1.7.2.Final.jar (166 kB) | quarkus-vertx-http-deployment-1.7.2.Final.jar (38 kB) | quarkus-resteasy-deployment-1.7.2.Final.jar (2.7/18 kB)Progress (5): quarkus-security-spi-1.7.2.Final.jar (3.3 kB) | arc-processor-1.7.2.Final.jar (239/319 kB) | quarkus-arc-deployment-1.7.2.Final.jar (166 kB) | quarkus-vertx-http-deployment-1.7.2.Final.jar (38 kB) | quarkus-resteasy-deployment-1.7.2.Final.jar (2.7/18 kB)Progress (5): quarkus-security-spi-1.7.2.Final.jar (3.3 kB) | arc-processor-1.7.2.Final.jar (243/319 kB) | quarkus-arc-deployment-1.7.2.Final.jar (166 kB) | quarkus-vertx-http-deployment-1.7.2.Final.jar (38 kB) | quarkus-resteasy-deployment-1.7.2.Final.jar (2.7/18 kB)Progress (5): quarkus-security-spi-1.7.2.Final.jar (3.3 kB) | arc-processor-1.7.2.Final.jar (247/319 kB) | quarkus-arc-deployment-1.7.2.Final.jar (166 kB) | quarkus-vertx-http-deployment-1.7.2.Final.jar (38 kB) | quarkus-resteasy-deployment-1.7.2.Final.jar (2.7/18 kB)Progress (5): quarkus-security-spi-1.7.2.Final.jar (3.3 kB) | arc-processor-1.7.2.Final.jar (251/319 kB) | quarkus-arc-deployment-1.7.2.Final.jar (166 kB) | quarkus-vertx-http-deployment-1.7.2.Final.jar (38 kB) | quarkus-resteasy-deployment-1.7.2.Final.jar (2.7/18 kB)Progress (5): quarkus-security-spi-1.7.2.Final.jar (3.3 kB) | arc-processor-1.7.2.Final.jar (256/319 kB) | quarkus-arc-deployment-1.7.2.Final.jar (166 kB) | quarkus-vertx-http-deployment-1.7.2.Final.jar (38 kB) | quarkus-resteasy-deployment-1.7.2.Final.jar (2.7/18 kB)Progress (5): quarkus-security-spi-1.7.2.Final.jar (3.3 kB) | arc-processor-1.7.2.Final.jar (260/319 kB) | quarkus-arc-deployment-1.7.2.Final.jar (166 kB) | quarkus-vertx-http-deployment-1.7.2.Final.jar (38 kB) | quarkus-resteasy-deployment-1.7.2.Final.jar (2.7/18 kB)Progress (5): quarkus-security-spi-1.7.2.Final.jar (3.3 kB) | arc-processor-1.7.2.Final.jar (264/319 kB) | quarkus-arc-deployment-1.7.2.Final.jar (166 kB) | quarkus-vertx-http-deployment-1.7.2.Final.jar (38 kB) | quarkus-resteasy-deployment-1.7.2.Final.jar (2.7/18 kB)Progress (5): quarkus-security-spi-1.7.2.Final.jar (3.3 kB) | arc-processor-1.7.2.Final.jar (268/319 kB) | quarkus-arc-deployment-1.7.2.Final.jar (166 kB) | quarkus-vertx-http-deployment-1.7.2.Final.jar (38 kB) | quarkus-resteasy-deployment-1.7.2.Final.jar (2.7/18 kB)Progress (5): quarkus-security-spi-1.7.2.Final.jar (3.3 kB) | arc-processor-1.7.2.Final.jar (272/319 kB) | quarkus-arc-deployment-1.7.2.Final.jar (166 kB) | quarkus-vertx-http-deployment-1.7.2.Final.jar (38 kB) | quarkus-resteasy-deployment-1.7.2.Final.jar (2.7/18 kB)                                                                                                                                                                                                                                                                            Downloaded from central: https://repo.maven.apache.org/maven2/io/quarkus/quarkus-security-spi/1.7.2.Final/quarkus-security-spi-1.7.2.Final.jar (3.3 kB at 5.1 kB/s)
Downloading from central: https://repo.maven.apache.org/maven2/io/quarkus/quarkus-jsonb-spi/1.7.2.Final/quarkus-jsonb-spi-1.7.2.Final.jar
Progress (4): arc-processor-1.7.2.Final.jar (276/319 kB) | quarkus-arc-deployment-1.7.2.Final.jar (166 kB) | quarkus-vertx-http-deployment-1.7.2.Final.jar (38 kB) | quarkus-resteasy-deployment-1.7.2.Final.jar (2.7/18 kB)Progress (4): arc-processor-1.7.2.Final.jar (280/319 kB) | quarkus-arc-deployment-1.7.2.Final.jar (166 kB) | quarkus-vertx-http-deployment-1.7.2.Final.jar (38 kB) | quarkus-resteasy-deployment-1.7.2.Final.jar (2.7/18 kB)Progress (4): arc-processor-1.7.2.Final.jar (280/319 kB) | quarkus-arc-deployment-1.7.2.Final.jar (166 kB) | quarkus-vertx-http-deployment-1.7.2.Final.jar (38 kB) | quarkus-resteasy-deployment-1.7.2.Final.jar (5.5/18 kB)Progress (4): arc-processor-1.7.2.Final.jar (284/319 kB) | quarkus-arc-deployment-1.7.2.Final.jar (166 kB) | quarkus-vertx-http-deployment-1.7.2.Final.jar (38 kB) | quarkus-resteasy-deployment-1.7.2.Final.jar (5.5/18 kB)Progress (4): arc-processor-1.7.2.Final.jar (284/319 kB) | quarkus-arc-deployment-1.7.2.Final.jar (166 kB) | quarkus-vertx-http-deployment-1.7.2.Final.jar (38 kB) | quarkus-resteasy-deployment-1.7.2.Final.jar (8.2/18 kB)Progress (4): arc-processor-1.7.2.Final.jar (288/319 kB) | quarkus-arc-deployment-1.7.2.Final.jar (166 kB) | quarkus-vertx-http-deployment-1.7.2.Final.jar (38 kB) | quarkus-resteasy-deployment-1.7.2.Final.jar (8.2/18 kB)Progress (4): arc-processor-1.7.2.Final.jar (288/319 kB) | quarkus-arc-deployment-1.7.2.Final.jar (166 kB) | quarkus-vertx-http-deployment-1.7.2.Final.jar (38 kB) | quarkus-resteasy-deployment-1.7.2.Final.jar (11/18 kB) Progress (4): arc-processor-1.7.2.Final.jar (292/319 kB) | quarkus-arc-deployment-1.7.2.Final.jar (166 kB) | quarkus-vertx-http-deployment-1.7.2.Final.jar (38 kB) | quarkus-resteasy-deployment-1.7.2.Final.jar (11/18 kB)Progress (4): arc-processor-1.7.2.Final.jar (292/319 kB) | quarkus-arc-deployment-1.7.2.Final.jar (166 kB) | quarkus-vertx-http-deployment-1.7.2.Final.jar (38 kB) | quarkus-resteasy-deployment-1.7.2.Final.jar (14/18 kB)Progress (4): arc-processor-1.7.2.Final.jar (292/319 kB) | quarkus-arc-deployment-1.7.2.Final.jar (166 kB) | quarkus-vertx-http-deployment-1.7.2.Final.jar (38 kB) | quarkus-resteasy-deployment-1.7.2.Final.jar (16/18 kB)Progress (4): arc-processor-1.7.2.Final.jar (297/319 kB) | quarkus-arc-deployment-1.7.2.Final.jar (166 kB) | quarkus-vertx-http-deployment-1.7.2.Final.jar (38 kB) | quarkus-resteasy-deployment-1.7.2.Final.jar (16/18 kB)Progress (4): arc-processor-1.7.2.Final.jar (297/319 kB) | quarkus-arc-deployment-1.7.2.Final.jar (166 kB) | quarkus-vertx-http-deployment-1.7.2.Final.jar (38 kB) | quarkus-resteasy-deployment-1.7.2.Final.jar (18 kB)   Progress (4): arc-processor-1.7.2.Final.jar (301/319 kB) | quarkus-arc-deployment-1.7.2.Final.jar (166 kB) | quarkus-vertx-http-deployment-1.7.2.Final.jar (38 kB) | quarkus-resteasy-deployment-1.7.2.Final.jar (18 kB)Progress (4): arc-processor-1.7.2.Final.jar (305/319 kB) | quarkus-arc-deployment-1.7.2.Final.jar (166 kB) | quarkus-vertx-http-deployment-1.7.2.Final.jar (38 kB) | quarkus-resteasy-deployment-1.7.2.Final.jar (18 kB)Progress (4): arc-processor-1.7.2.Final.jar (309/319 kB) | quarkus-arc-deployment-1.7.2.Final.jar (166 kB) | quarkus-vertx-http-deployment-1.7.2.Final.jar (38 kB) | quarkus-resteasy-deployment-1.7.2.Final.jar (18 kB)Progress (4): arc-processor-1.7.2.Final.jar (313/319 kB) | quarkus-arc-deployment-1.7.2.Final.jar (166 kB) | quarkus-vertx-http-deployment-1.7.2.Final.jar (38 kB) | quarkus-resteasy-deployment-1.7.2.Final.jar (18 kB)Progress (4): arc-processor-1.7.2.Final.jar (317/319 kB) | quarkus-arc-deployment-1.7.2.Final.jar (166 kB) | quarkus-vertx-http-deployment-1.7.2.Final.jar (38 kB) | quarkus-resteasy-deployment-1.7.2.Final.jar (18 kB)Progress (4): arc-processor-1.7.2.Final.jar (319 kB) | quarkus-arc-deployment-1.7.2.Final.jar (166 kB) | quarkus-vertx-http-deployment-1.7.2.Final.jar (38 kB) | quarkus-resteasy-deployment-1.7.2.Final.jar (18 kB)                                                                                                                                                                                                                        Downloaded from central: https://repo.maven.apache.org/maven2/io/quarkus/quarkus-vertx-http-deployment/1.7.2.Final/quarkus-vertx-http-deployment-1.7.2.Final.jar (38 kB at 53 kB/s)
Downloading from central: https://repo.maven.apache.org/maven2/io/quarkus/quarkus-jsonb-deployment/1.7.2.Final/quarkus-jsonb-deployment-1.7.2.Final.jar
Progress (4): arc-processor-1.7.2.Final.jar (319 kB) | quarkus-arc-deployment-1.7.2.Final.jar (166 kB) | quarkus-resteasy-deployment-1.7.2.Final.jar (18 kB) | quarkus-jsonb-spi-1.7.2.Final.jar (2.7/4.0 kB)Progress (4): arc-processor-1.7.2.Final.jar (319 kB) | quarkus-arc-deployment-1.7.2.Final.jar (166 kB) | quarkus-resteasy-deployment-1.7.2.Final.jar (18 kB) | quarkus-jsonb-spi-1.7.2.Final.jar (4.0 kB)    Progress (5): arc-processor-1.7.2.Final.jar (319 kB) | quarkus-arc-deployment-1.7.2.Final.jar (166 kB) | quarkus-resteasy-deployment-1.7.2.Final.jar (18 kB) | quarkus-jsonb-spi-1.7.2.Final.jar (4.0 kB) | quarkus-jsonb-deployment-1.7.2.Final.jar (4.1/8.5 kB)                                                                                                                                                                                                                                                                 Downloaded from central: https://repo.maven.apache.org/maven2/io/quarkus/quarkus-arc-deployment/1.7.2.Final/quarkus-arc-deployment-1.7.2.Final.jar (166 kB at 204 kB/s)
Downloading from central: https://repo.maven.apache.org/maven2/io/quarkus/quarkus-resteasy-jsonb-deployment/1.7.2.Final/quarkus-resteasy-jsonb-deployment-1.7.2.Final.jar
Progress (4): arc-processor-1.7.2.Final.jar (319 kB) | quarkus-resteasy-deployment-1.7.2.Final.jar (18 kB) | quarkus-jsonb-spi-1.7.2.Final.jar (4.0 kB) | quarkus-jsonb-deployment-1.7.2.Final.jar (8.2/8.5 kB)Progress (4): arc-processor-1.7.2.Final.jar (319 kB) | quarkus-resteasy-deployment-1.7.2.Final.jar (18 kB) | quarkus-jsonb-spi-1.7.2.Final.jar (4.0 kB) | quarkus-jsonb-deployment-1.7.2.Final.jar (8.5 kB)                                                                                                                                                                                                               Downloaded from central: https://repo.maven.apache.org/maven2/io/quarkus/quarkus-resteasy-deployment/1.7.2.Final/quarkus-resteasy-deployment-1.7.2.Final.jar (18 kB at 22 kB/s)
Downloading from central: https://repo.maven.apache.org/maven2/io/quarkus/quarkus-smallrye-context-propagation-deployment/1.7.2.Final/quarkus-smallrye-context-propagation-deployment-1.7.2.Final.jar
Progress (4): arc-processor-1.7.2.Final.jar (319 kB) | quarkus-jsonb-spi-1.7.2.Final.jar (4.0 kB) | quarkus-jsonb-deployment-1.7.2.Final.jar (8.5 kB) | quarkus-resteasy-jsonb-deployment-1.7.2.Final.jar (4.1/4.9 kB)Progress (4): arc-processor-1.7.2.Final.jar (319 kB) | quarkus-jsonb-spi-1.7.2.Final.jar (4.0 kB) | quarkus-jsonb-deployment-1.7.2.Final.jar (8.5 kB) | quarkus-resteasy-jsonb-deployment-1.7.2.Final.jar (4.9 kB)    Progress (5): arc-processor-1.7.2.Final.jar (319 kB) | quarkus-jsonb-spi-1.7.2.Final.jar (4.0 kB) | quarkus-jsonb-deployment-1.7.2.Final.jar (8.5 kB) | quarkus-resteasy-jsonb-deployment-1.7.2.Final.jar (4.9 kB) | quarkus-smallrye-context-propagation-deployment-1.7.2.Final.jar (4.1/6.8 kB)                                                                                                                                                                                                                                                                                                 Downloaded from central: https://repo.maven.apache.org/maven2/io/quarkus/quarkus-jsonb-spi/1.7.2.Final/quarkus-jsonb-spi-1.7.2.Final.jar (4.0 kB at 4.3 kB/s)
Downloading from central: https://repo.maven.apache.org/maven2/io/quarkus/quarkus-mutiny-deployment/1.7.2.Final/quarkus-mutiny-deployment-1.7.2.Final.jar
Progress (4): arc-processor-1.7.2.Final.jar (319 kB) | quarkus-jsonb-deployment-1.7.2.Final.jar (8.5 kB) | quarkus-resteasy-jsonb-deployment-1.7.2.Final.jar (4.9 kB) | quarkus-smallrye-context-propagation-deployment-1.7.2.Final.jar (6.8 kB)                                                                                                                                                                                                                                                Downloaded from central: https://repo.maven.apache.org/maven2/io/quarkus/arc/arc-processor/1.7.2.Final/arc-processor-1.7.2.Final.jar (319 kB at 336 kB/s)
Downloading from central: https://repo.maven.apache.org/maven2/io/quarkus/quarkus-narayana-jta-deployment/1.7.2.Final/quarkus-narayana-jta-deployment-1.7.2.Final.jar
Progress (4): quarkus-jsonb-deployment-1.7.2.Final.jar (8.5 kB) | quarkus-resteasy-jsonb-deployment-1.7.2.Final.jar (4.9 kB) | quarkus-smallrye-context-propagation-deployment-1.7.2.Final.jar (6.8 kB) | quarkus-mutiny-deployment-1.7.2.Final.jar (4.1 kB)                                                                                                                                                                                                                                                            Downloaded from central: https://repo.maven.apache.org/maven2/io/quarkus/quarkus-jsonb-deployment/1.7.2.Final/quarkus-jsonb-deployment-1.7.2.Final.jar (8.5 kB at 8.5 kB/s)
Downloading from central: https://repo.maven.apache.org/maven2/io/quarkus/quarkus-datasource-deployment/1.7.2.Final/quarkus-datasource-deployment-1.7.2.Final.jar
Progress (4): quarkus-resteasy-jsonb-deployment-1.7.2.Final.jar (4.9 kB) | quarkus-smallrye-context-propagation-deployment-1.7.2.Final.jar (6.8 kB) | quarkus-mutiny-deployment-1.7.2.Final.jar (4.1 kB) | quarkus-narayana-jta-deployment-1.7.2.Final.jar (2.7/7.4 kB)Progress (4): quarkus-resteasy-jsonb-deployment-1.7.2.Final.jar (4.9 kB) | quarkus-smallrye-context-propagation-deployment-1.7.2.Final.jar (6.8 kB) | quarkus-mutiny-deployment-1.7.2.Final.jar (4.1 kB) | quarkus-narayana-jta-deployment-1.7.2.Final.jar (5.5/7.4 kB)Progress (4): quarkus-resteasy-jsonb-deployment-1.7.2.Final.jar (4.9 kB) | quarkus-smallrye-context-propagation-deployment-1.7.2.Final.jar (6.8 kB) | quarkus-mutiny-deployment-1.7.2.Final.jar (4.1 kB) | quarkus-narayana-jta-deployment-1.7.2.Final.jar (7.4 kB)                                                                                                                                                                                                                                                                       Downloaded from central: https://repo.maven.apache.org/maven2/io/quarkus/quarkus-resteasy-jsonb-deployment/1.7.2.Final/quarkus-resteasy-jsonb-deployment-1.7.2.Final.jar (4.9 kB at 4.8 kB/s)
Downloading from central: https://repo.maven.apache.org/maven2/io/quarkus/quarkus-credentials-deployment/1.7.2.Final/quarkus-credentials-deployment-1.7.2.Final.jar
Progress (4): quarkus-smallrye-context-propagation-deployment-1.7.2.Final.jar (6.8 kB) | quarkus-mutiny-deployment-1.7.2.Final.jar (4.1 kB) | quarkus-narayana-jta-deployment-1.7.2.Final.jar (7.4 kB) | quarkus-datasource-deployment-1.7.2.Final.jar (3.2 kB)                                                                                                                                                                                                                                                               Downloaded from central: https://repo.maven.apache.org/maven2/io/quarkus/quarkus-smallrye-context-propagation-deployment/1.7.2.Final/quarkus-smallrye-context-propagation-deployment-1.7.2.Final.jar (6.8 kB at 6.5 kB/s)
Downloading from central: https://repo.maven.apache.org/maven2/io/quarkus/quarkus-agroal-deployment/1.7.2.Final/quarkus-agroal-deployment-1.7.2.Final.jar
Progress (4): quarkus-mutiny-deployment-1.7.2.Final.jar (4.1 kB) | quarkus-narayana-jta-deployment-1.7.2.Final.jar (7.4 kB) | quarkus-datasource-deployment-1.7.2.Final.jar (3.2 kB) | quarkus-credentials-deployment-1.7.2.Final.jar (3.7 kB)                                                                                                                                                                                                                                              Downloaded from central: https://repo.maven.apache.org/maven2/io/quarkus/quarkus-mutiny-deployment/1.7.2.Final/quarkus-mutiny-deployment-1.7.2.Final.jar (4.1 kB at 3.8 kB/s)
Downloading from central: https://repo.maven.apache.org/maven2/io/quarkus/quarkus-caffeine-deployment/1.7.2.Final/quarkus-caffeine-deployment-1.7.2.Final.jar
Progress (4): quarkus-narayana-jta-deployment-1.7.2.Final.jar (7.4 kB) | quarkus-datasource-deployment-1.7.2.Final.jar (3.2 kB) | quarkus-credentials-deployment-1.7.2.Final.jar (3.7 kB) | quarkus-agroal-deployment-1.7.2.Final.jar (4.1/15 kB)Progress (4): quarkus-narayana-jta-deployment-1.7.2.Final.jar (7.4 kB) | quarkus-datasource-deployment-1.7.2.Final.jar (3.2 kB) | quarkus-credentials-deployment-1.7.2.Final.jar (3.7 kB) | quarkus-agroal-deployment-1.7.2.Final.jar (8.2/15 kB)Progress (4): quarkus-narayana-jta-deployment-1.7.2.Final.jar (7.4 kB) | quarkus-datasource-deployment-1.7.2.Final.jar (3.2 kB) | quarkus-credentials-deployment-1.7.2.Final.jar (3.7 kB) | quarkus-agroal-deployment-1.7.2.Final.jar (12/15 kB) Progress (4): quarkus-narayana-jta-deployment-1.7.2.Final.jar (7.4 kB) | quarkus-datasource-deployment-1.7.2.Final.jar (3.2 kB) | quarkus-credentials-deployment-1.7.2.Final.jar (3.7 kB) | quarkus-agroal-deployment-1.7.2.Final.jar (15 kB)   Progress (5): quarkus-narayana-jta-deployment-1.7.2.Final.jar (7.4 kB) | quarkus-datasource-deployment-1.7.2.Final.jar (3.2 kB) | quarkus-credentials-deployment-1.7.2.Final.jar (3.7 kB) | quarkus-agroal-deployment-1.7.2.Final.jar (15 kB) | quarkus-caffeine-deployment-1.7.2.Final.jar (3.9 kB)                                                                                                                                                                                                                                                                                                    Downloaded from central: https://repo.maven.apache.org/maven2/io/quarkus/quarkus-narayana-jta-deployment/1.7.2.Final/quarkus-narayana-jta-deployment-1.7.2.Final.jar (7.4 kB at 6.7 kB/s)
Downloading from central: https://repo.maven.apache.org/maven2/io/quarkus/quarkus-hibernate-orm-deployment/1.7.2.Final/quarkus-hibernate-orm-deployment-1.7.2.Final.jar
Downloaded from central: https://repo.maven.apache.org/maven2/io/quarkus/quarkus-datasource-deployment/1.7.2.Final/quarkus-datasource-deployment-1.7.2.Final.jar (3.2 kB at 2.9 kB/s)
Downloading from central: https://repo.maven.apache.org/maven2/io/quarkus/quarkus-hibernate-orm-panache-common-deployment/1.7.2.Final/quarkus-hibernate-orm-panache-common-deployment-1.7.2.Final.jar
Downloaded from central: https://repo.maven.apache.org/maven2/io/quarkus/quarkus-credentials-deployment/1.7.2.Final/quarkus-credentials-deployment-1.7.2.Final.jar (3.7 kB at 3.2 kB/s)
Downloading from central: https://repo.maven.apache.org/maven2/io/quarkus/quarkus-panache-common-deployment/1.7.2.Final/quarkus-panache-common-deployment-1.7.2.Final.jar
Progress (3): quarkus-agroal-deployment-1.7.2.Final.jar (15 kB) | quarkus-caffeine-deployment-1.7.2.Final.jar (3.9 kB) | quarkus-hibernate-orm-panache-common-deployment-1.7.2.Final.jar (2.7/7.3 kB)Progress (4): quarkus-agroal-deployment-1.7.2.Final.jar (15 kB) | quarkus-caffeine-deployment-1.7.2.Final.jar (3.9 kB) | quarkus-hibernate-orm-panache-common-deployment-1.7.2.Final.jar (2.7/7.3 kB) | quarkus-hibernate-orm-deployment-1.7.2.Final.jar (4.1/63 kB)                                                                                                                                                                                                                                                                    Downloaded from central: https://repo.maven.apache.org/maven2/io/quarkus/quarkus-agroal-deployment/1.7.2.Final/quarkus-agroal-deployment-1.7.2.Final.jar (15 kB at 13 kB/s)
Downloading from central: https://repo.maven.apache.org/maven2/io/quarkus/quarkus-hibernate-orm-panache-deployment/1.7.2.Final/quarkus-hibernate-orm-panache-deployment-1.7.2.Final.jar
Progress (3): quarkus-caffeine-deployment-1.7.2.Final.jar (3.9 kB) | quarkus-hibernate-orm-panache-common-deployment-1.7.2.Final.jar (5.5/7.3 kB) | quarkus-hibernate-orm-deployment-1.7.2.Final.jar (4.1/63 kB)Progress (3): quarkus-caffeine-deployment-1.7.2.Final.jar (3.9 kB) | quarkus-hibernate-orm-panache-common-deployment-1.7.2.Final.jar (7.3 kB) | quarkus-hibernate-orm-deployment-1.7.2.Final.jar (4.1/63 kB)    Progress (3): quarkus-caffeine-deployment-1.7.2.Final.jar (3.9 kB) | quarkus-hibernate-orm-panache-common-deployment-1.7.2.Final.jar (7.3 kB) | quarkus-hibernate-orm-deployment-1.7.2.Final.jar (8.2/63 kB)Progress (3): quarkus-caffeine-deployment-1.7.2.Final.jar (3.9 kB) | quarkus-hibernate-orm-panache-common-deployment-1.7.2.Final.jar (7.3 kB) | quarkus-hibernate-orm-deployment-1.7.2.Final.jar (12/63 kB) Progress (3): quarkus-caffeine-deployment-1.7.2.Final.jar (3.9 kB) | quarkus-hibernate-orm-panache-common-deployment-1.7.2.Final.jar (7.3 kB) | quarkus-hibernate-orm-deployment-1.7.2.Final.jar (16/63 kB)Progress (3): quarkus-caffeine-deployment-1.7.2.Final.jar (3.9 kB) | quarkus-hibernate-orm-panache-common-deployment-1.7.2.Final.jar (7.3 kB) | quarkus-hibernate-orm-deployment-1.7.2.Final.jar (20/63 kB)Progress (3): quarkus-caffeine-deployment-1.7.2.Final.jar (3.9 kB) | quarkus-hibernate-orm-panache-common-deployment-1.7.2.Final.jar (7.3 kB) | quarkus-hibernate-orm-deployment-1.7.2.Final.jar (25/63 kB)Progress (3): quarkus-caffeine-deployment-1.7.2.Final.jar (3.9 kB) | quarkus-hibernate-orm-panache-common-deployment-1.7.2.Final.jar (7.3 kB) | quarkus-hibernate-orm-deployment-1.7.2.Final.jar (29/63 kB)Progress (3): quarkus-caffeine-deployment-1.7.2.Final.jar (3.9 kB) | quarkus-hibernate-orm-panache-common-deployment-1.7.2.Final.jar (7.3 kB) | quarkus-hibernate-orm-deployment-1.7.2.Final.jar (33/63 kB)Progress (3): quarkus-caffeine-deployment-1.7.2.Final.jar (3.9 kB) | quarkus-hibernate-orm-panache-common-deployment-1.7.2.Final.jar (7.3 kB) | quarkus-hibernate-orm-deployment-1.7.2.Final.jar (37/63 kB)Progress (3): quarkus-caffeine-deployment-1.7.2.Final.jar (3.9 kB) | quarkus-hibernate-orm-panache-common-deployment-1.7.2.Final.jar (7.3 kB) | quarkus-hibernate-orm-deployment-1.7.2.Final.jar (41/63 kB)Progress (3): quarkus-caffeine-deployment-1.7.2.Final.jar (3.9 kB) | quarkus-hibernate-orm-panache-common-deployment-1.7.2.Final.jar (7.3 kB) | quarkus-hibernate-orm-deployment-1.7.2.Final.jar (45/63 kB)Progress (4): quarkus-caffeine-deployment-1.7.2.Final.jar (3.9 kB) | quarkus-hibernate-orm-panache-common-deployment-1.7.2.Final.jar (7.3 kB) | quarkus-hibernate-orm-deployment-1.7.2.Final.jar (45/63 kB) | quarkus-panache-common-deployment-1.7.2.Final.jar (4.1/31 kB)Progress (4): quarkus-caffeine-deployment-1.7.2.Final.jar (3.9 kB) | quarkus-hibernate-orm-panache-common-deployment-1.7.2.Final.jar (7.3 kB) | quarkus-hibernate-orm-deployment-1.7.2.Final.jar (49/63 kB) | quarkus-panache-common-deployment-1.7.2.Final.jar (4.1/31 kB)Progress (4): quarkus-caffeine-deployment-1.7.2.Final.jar (3.9 kB) | quarkus-hibernate-orm-panache-common-deployment-1.7.2.Final.jar (7.3 kB) | quarkus-hibernate-orm-deployment-1.7.2.Final.jar (53/63 kB) | quarkus-panache-common-deployment-1.7.2.Final.jar (4.1/31 kB)Progress (4): quarkus-caffeine-deployment-1.7.2.Final.jar (3.9 kB) | quarkus-hibernate-orm-panache-common-deployment-1.7.2.Final.jar (7.3 kB) | quarkus-hibernate-orm-deployment-1.7.2.Final.jar (57/63 kB) | quarkus-panache-common-deployment-1.7.2.Final.jar (4.1/31 kB)Progress (4): quarkus-caffeine-deployment-1.7.2.Final.jar (3.9 kB) | quarkus-hibernate-orm-panache-common-deployment-1.7.2.Final.jar (7.3 kB) | quarkus-hibernate-orm-deployment-1.7.2.Final.jar (61/63 kB) | quarkus-panache-common-deployment-1.7.2.Final.jar (4.1/31 kB)Progress (4): quarkus-caffeine-deployment-1.7.2.Final.jar (3.9 kB) | quarkus-hibernate-orm-panache-common-deployment-1.7.2.Final.jar (7.3 kB) | quarkus-hibernate-orm-deployment-1.7.2.Final.jar (63 kB) | quarkus-panache-common-deployment-1.7.2.Final.jar (4.1/31 kB)   Progress (4): quarkus-caffeine-deployment-1.7.2.Final.jar (3.9 kB) | quarkus-hibernate-orm-panache-common-deployment-1.7.2.Final.jar (7.3 kB) | quarkus-hibernate-orm-deployment-1.7.2.Final.jar (63 kB) | quarkus-panache-common-deployment-1.7.2.Final.jar (8.2/31 kB)Progress (4): quarkus-caffeine-deployment-1.7.2.Final.jar (3.9 kB) | quarkus-hibernate-orm-panache-common-deployment-1.7.2.Final.jar (7.3 kB) | quarkus-hibernate-orm-deployment-1.7.2.Final.jar (63 kB) | quarkus-panache-common-deployment-1.7.2.Final.jar (12/31 kB) Progress (4): quarkus-caffeine-deployment-1.7.2.Final.jar (3.9 kB) | quarkus-hibernate-orm-panache-common-deployment-1.7.2.Final.jar (7.3 kB) | quarkus-hibernate-orm-deployment-1.7.2.Final.jar (63 kB) | quarkus-panache-common-deployment-1.7.2.Final.jar (16/31 kB)Progress (4): quarkus-caffeine-deployment-1.7.2.Final.jar (3.9 kB) | quarkus-hibernate-orm-panache-common-deployment-1.7.2.Final.jar (7.3 kB) | quarkus-hibernate-orm-deployment-1.7.2.Final.jar (63 kB) | quarkus-panache-common-deployment-1.7.2.Final.jar (20/31 kB)Progress (4): quarkus-caffeine-deployment-1.7.2.Final.jar (3.9 kB) | quarkus-hibernate-orm-panache-common-deployment-1.7.2.Final.jar (7.3 kB) | quarkus-hibernate-orm-deployment-1.7.2.Final.jar (63 kB) | quarkus-panache-common-deployment-1.7.2.Final.jar (25/31 kB)Progress (4): quarkus-caffeine-deployment-1.7.2.Final.jar (3.9 kB) | quarkus-hibernate-orm-panache-common-deployment-1.7.2.Final.jar (7.3 kB) | quarkus-hibernate-orm-deployment-1.7.2.Final.jar (63 kB) | quarkus-panache-common-deployment-1.7.2.Final.jar (29/31 kB)Progress (4): quarkus-caffeine-deployment-1.7.2.Final.jar (3.9 kB) | quarkus-hibernate-orm-panache-common-deployment-1.7.2.Final.jar (7.3 kB) | quarkus-hibernate-orm-deployment-1.7.2.Final.jar (63 kB) | quarkus-panache-common-deployment-1.7.2.Final.jar (31 kB)                                                                                                                                                                                                                                                                       Downloaded from central: https://repo.maven.apache.org/maven2/io/quarkus/quarkus-caffeine-deployment/1.7.2.Final/quarkus-caffeine-deployment-1.7.2.Final.jar (3.9 kB at 3.2 kB/s)
Downloading from central: https://repo.maven.apache.org/maven2/io/quarkus/quarkus-agroal-spi/1.7.2.Final/quarkus-agroal-spi-1.7.2.Final.jar
Progress (4): quarkus-hibernate-orm-panache-common-deployment-1.7.2.Final.jar (7.3 kB) | quarkus-hibernate-orm-deployment-1.7.2.Final.jar (63 kB) | quarkus-panache-common-deployment-1.7.2.Final.jar (31 kB) | quarkus-hibernate-orm-panache-deployment-1.7.2.Final.jar (2.7/16 kB)Progress (4): quarkus-hibernate-orm-panache-common-deployment-1.7.2.Final.jar (7.3 kB) | quarkus-hibernate-orm-deployment-1.7.2.Final.jar (63 kB) | quarkus-panache-common-deployment-1.7.2.Final.jar (31 kB) | quarkus-hibernate-orm-panache-deployment-1.7.2.Final.jar (5.5/16 kB)Progress (4): quarkus-hibernate-orm-panache-common-deployment-1.7.2.Final.jar (7.3 kB) | quarkus-hibernate-orm-deployment-1.7.2.Final.jar (63 kB) | quarkus-panache-common-deployment-1.7.2.Final.jar (31 kB) | quarkus-hibernate-orm-panache-deployment-1.7.2.Final.jar (8.2/16 kB)Progress (4): quarkus-hibernate-orm-panache-common-deployment-1.7.2.Final.jar (7.3 kB) | quarkus-hibernate-orm-deployment-1.7.2.Final.jar (63 kB) | quarkus-panache-common-deployment-1.7.2.Final.jar (31 kB) | quarkus-hibernate-orm-panache-deployment-1.7.2.Final.jar (11/16 kB) Progress (4): quarkus-hibernate-orm-panache-common-deployment-1.7.2.Final.jar (7.3 kB) | quarkus-hibernate-orm-deployment-1.7.2.Final.jar (63 kB) | quarkus-panache-common-deployment-1.7.2.Final.jar (31 kB) | quarkus-hibernate-orm-panache-deployment-1.7.2.Final.jar (14/16 kB)Progress (4): quarkus-hibernate-orm-panache-common-deployment-1.7.2.Final.jar (7.3 kB) | quarkus-hibernate-orm-deployment-1.7.2.Final.jar (63 kB) | quarkus-panache-common-deployment-1.7.2.Final.jar (31 kB) | quarkus-hibernate-orm-panache-deployment-1.7.2.Final.jar (16 kB)   Progress (5): quarkus-hibernate-orm-panache-common-deployment-1.7.2.Final.jar (7.3 kB) | quarkus-hibernate-orm-deployment-1.7.2.Final.jar (63 kB) | quarkus-panache-common-deployment-1.7.2.Final.jar (31 kB) | quarkus-hibernate-orm-panache-deployment-1.7.2.Final.jar (16 kB) | quarkus-agroal-spi-1.7.2.Final.jar (4.1/4.8 kB)Progress (5): quarkus-hibernate-orm-panache-common-deployment-1.7.2.Final.jar (7.3 kB) | quarkus-hibernate-orm-deployment-1.7.2.Final.jar (63 kB) | quarkus-panache-common-deployment-1.7.2.Final.jar (31 kB) | quarkus-hibernate-orm-panache-deployment-1.7.2.Final.jar (16 kB) | quarkus-agroal-spi-1.7.2.Final.jar (4.8 kB)                                                                                                                                                                                                                                                                                                                                  Downloaded from central: https://repo.maven.apache.org/maven2/io/quarkus/quarkus-hibernate-orm-panache-common-deployment/1.7.2.Final/quarkus-hibernate-orm-panache-common-deployment-1.7.2.Final.jar (7.3 kB at 5.8 kB/s)
Downloading from central: https://repo.maven.apache.org/maven2/io/quarkus/quarkus-jdbc-postgresql-deployment/1.7.2.Final/quarkus-jdbc-postgresql-deployment-1.7.2.Final.jar
Downloaded from central: https://repo.maven.apache.org/maven2/io/quarkus/quarkus-hibernate-orm-deployment/1.7.2.Final/quarkus-hibernate-orm-deployment-1.7.2.Final.jar (63 kB at 49 kB/s)
Downloading from central: https://repo.maven.apache.org/maven2/io/quarkus/quarkus-resteasy-common-spi/1.7.2.Final/quarkus-resteasy-common-spi-1.7.2.Final.jar
Downloaded from central: https://repo.maven.apache.org/maven2/io/quarkus/quarkus-panache-common-deployment/1.7.2.Final/quarkus-panache-common-deployment-1.7.2.Final.jar (31 kB at 24 kB/s)
Downloading from central: https://repo.maven.apache.org/maven2/io/quarkus/quarkus-resteasy-server-common-spi/1.7.2.Final/quarkus-resteasy-server-common-spi-1.7.2.Final.jar
Progress (3): quarkus-hibernate-orm-panache-deployment-1.7.2.Final.jar (16 kB) | quarkus-agroal-spi-1.7.2.Final.jar (4.8 kB) | quarkus-jdbc-postgresql-deployment-1.7.2.Final.jar (4.1/5.7 kB)Progress (3): quarkus-hibernate-orm-panache-deployment-1.7.2.Final.jar (16 kB) | quarkus-agroal-spi-1.7.2.Final.jar (4.8 kB) | quarkus-jdbc-postgresql-deployment-1.7.2.Final.jar (5.7 kB)    Progress (4): quarkus-hibernate-orm-panache-deployment-1.7.2.Final.jar (16 kB) | quarkus-agroal-spi-1.7.2.Final.jar (4.8 kB) | quarkus-jdbc-postgresql-deployment-1.7.2.Final.jar (5.7 kB) | quarkus-resteasy-common-spi-1.7.2.Final.jar (2.7/9.2 kB)Progress (4): quarkus-hibernate-orm-panache-deployment-1.7.2.Final.jar (16 kB) | quarkus-agroal-spi-1.7.2.Final.jar (4.8 kB) | quarkus-jdbc-postgresql-deployment-1.7.2.Final.jar (5.7 kB) | quarkus-resteasy-common-spi-1.7.2.Final.jar (5.5/9.2 kB)Progress (4): quarkus-hibernate-orm-panache-deployment-1.7.2.Final.jar (16 kB) | quarkus-agroal-spi-1.7.2.Final.jar (4.8 kB) | quarkus-jdbc-postgresql-deployment-1.7.2.Final.jar (5.7 kB) | quarkus-resteasy-common-spi-1.7.2.Final.jar (8.2/9.2 kB)Progress (4): quarkus-hibernate-orm-panache-deployment-1.7.2.Final.jar (16 kB) | quarkus-agroal-spi-1.7.2.Final.jar (4.8 kB) | quarkus-jdbc-postgresql-deployment-1.7.2.Final.jar (5.7 kB) | quarkus-resteasy-common-spi-1.7.2.Final.jar (9.2 kB)                                                                                                                                                                                                                                                     Downloaded from central: https://repo.maven.apache.org/maven2/io/quarkus/quarkus-hibernate-orm-panache-deployment/1.7.2.Final/quarkus-hibernate-orm-panache-deployment-1.7.2.Final.jar (16 kB at 12 kB/s)
Downloading from central: https://repo.maven.apache.org/maven2/io/quarkus/quarkus-hibernate-validator-deployment/1.7.2.Final/quarkus-hibernate-validator-deployment-1.7.2.Final.jar
Progress (4): quarkus-agroal-spi-1.7.2.Final.jar (4.8 kB) | quarkus-jdbc-postgresql-deployment-1.7.2.Final.jar (5.7 kB) | quarkus-resteasy-common-spi-1.7.2.Final.jar (9.2 kB) | quarkus-resteasy-server-common-spi-1.7.2.Final.jar (4.1/6.5 kB)                                                                                                                                                                                                                                                Downloaded from central: https://repo.maven.apache.org/maven2/io/quarkus/quarkus-agroal-spi/1.7.2.Final/quarkus-agroal-spi-1.7.2.Final.jar (4.8 kB at 3.6 kB/s)
Downloading from central: https://repo.maven.apache.org/maven2/io/quarkus/quarkus-smallrye-openapi-common-deployment/1.7.2.Final/quarkus-smallrye-openapi-common-deployment-1.7.2.Final.jar
Progress (3): quarkus-jdbc-postgresql-deployment-1.7.2.Final.jar (5.7 kB) | quarkus-resteasy-common-spi-1.7.2.Final.jar (9.2 kB) | quarkus-resteasy-server-common-spi-1.7.2.Final.jar (6.5 kB)Progress (4): quarkus-jdbc-postgresql-deployment-1.7.2.Final.jar (5.7 kB) | quarkus-resteasy-common-spi-1.7.2.Final.jar (9.2 kB) | quarkus-resteasy-server-common-spi-1.7.2.Final.jar (6.5 kB) | quarkus-hibernate-validator-deployment-1.7.2.Final.jar (2.7/18 kB)Progress (5): quarkus-jdbc-postgresql-deployment-1.7.2.Final.jar (5.7 kB) | quarkus-resteasy-common-spi-1.7.2.Final.jar (9.2 kB) | quarkus-resteasy-server-common-spi-1.7.2.Final.jar (6.5 kB) | quarkus-hibernate-validator-deployment-1.7.2.Final.jar (2.7/18 kB) | quarkus-smallrye-openapi-common-deployment-1.7.2.Final.jar (4.1/4.4 kB)Progress (5): quarkus-jdbc-postgresql-deployment-1.7.2.Final.jar (5.7 kB) | quarkus-resteasy-common-spi-1.7.2.Final.jar (9.2 kB) | quarkus-resteasy-server-common-spi-1.7.2.Final.jar (6.5 kB) | quarkus-hibernate-validator-deployment-1.7.2.Final.jar (5.5/18 kB) | quarkus-smallrye-openapi-common-deployment-1.7.2.Final.jar (4.1/4.4 kB)Progress (5): quarkus-jdbc-postgresql-deployment-1.7.2.Final.jar (5.7 kB) | quarkus-resteasy-common-spi-1.7.2.Final.jar (9.2 kB) | quarkus-resteasy-server-common-spi-1.7.2.Final.jar (6.5 kB) | quarkus-hibernate-validator-deployment-1.7.2.Final.jar (8.2/18 kB) | quarkus-smallrye-openapi-common-deployment-1.7.2.Final.jar (4.1/4.4 kB)Progress (5): quarkus-jdbc-postgresql-deployment-1.7.2.Final.jar (5.7 kB) | quarkus-resteasy-common-spi-1.7.2.Final.jar (9.2 kB) | quarkus-resteasy-server-common-spi-1.7.2.Final.jar (6.5 kB) | quarkus-hibernate-validator-deployment-1.7.2.Final.jar (11/18 kB) | quarkus-smallrye-openapi-common-deployment-1.7.2.Final.jar (4.1/4.4 kB) Progress (5): quarkus-jdbc-postgresql-deployment-1.7.2.Final.jar (5.7 kB) | quarkus-resteasy-common-spi-1.7.2.Final.jar (9.2 kB) | quarkus-resteasy-server-common-spi-1.7.2.Final.jar (6.5 kB) | quarkus-hibernate-validator-deployment-1.7.2.Final.jar (14/18 kB) | quarkus-smallrye-openapi-common-deployment-1.7.2.Final.jar (4.1/4.4 kB)Progress (5): quarkus-jdbc-postgresql-deployment-1.7.2.Final.jar (5.7 kB) | quarkus-resteasy-common-spi-1.7.2.Final.jar (9.2 kB) | quarkus-resteasy-server-common-spi-1.7.2.Final.jar (6.5 kB) | quarkus-hibernate-validator-deployment-1.7.2.Final.jar (16/18 kB) | quarkus-smallrye-openapi-common-deployment-1.7.2.Final.jar (4.1/4.4 kB)Progress (5): quarkus-jdbc-postgresql-deployment-1.7.2.Final.jar (5.7 kB) | quarkus-resteasy-common-spi-1.7.2.Final.jar (9.2 kB) | quarkus-resteasy-server-common-spi-1.7.2.Final.jar (6.5 kB) | quarkus-hibernate-validator-deployment-1.7.2.Final.jar (18 kB) | quarkus-smallrye-openapi-common-deployment-1.7.2.Final.jar (4.1/4.4 kB)   Progress (5): quarkus-jdbc-postgresql-deployment-1.7.2.Final.jar (5.7 kB) | quarkus-resteasy-common-spi-1.7.2.Final.jar (9.2 kB) | quarkus-resteasy-server-common-spi-1.7.2.Final.jar (6.5 kB) | quarkus-hibernate-validator-deployment-1.7.2.Final.jar (18 kB) | quarkus-smallrye-openapi-common-deployment-1.7.2.Final.jar (4.4 kB)                                                                                                                                                                                                                                                                                                                                         Downloaded from central: https://repo.maven.apache.org/maven2/io/quarkus/quarkus-jdbc-postgresql-deployment/1.7.2.Final/quarkus-jdbc-postgresql-deployment-1.7.2.Final.jar (5.7 kB at 4.0 kB/s)
Downloading from central: https://repo.maven.apache.org/maven2/io/quarkus/quarkus-swagger-ui-deployment/1.7.2.Final/quarkus-swagger-ui-deployment-1.7.2.Final.jar
Downloaded from central: https://repo.maven.apache.org/maven2/io/quarkus/quarkus-resteasy-common-spi/1.7.2.Final/quarkus-resteasy-common-spi-1.7.2.Final.jar (9.2 kB at 6.4 kB/s)
Downloading from central: https://repo.maven.apache.org/maven2/io/quarkus/quarkus-smallrye-openapi-deployment/1.7.2.Final/quarkus-smallrye-openapi-deployment-1.7.2.Final.jar
Downloaded from central: https://repo.maven.apache.org/maven2/io/quarkus/quarkus-resteasy-server-common-spi/1.7.2.Final/quarkus-resteasy-server-common-spi-1.7.2.Final.jar (6.5 kB at 4.5 kB/s)
Downloading from central: https://repo.maven.apache.org/maven2/io/quarkus/quarkus-smallrye-health-spi/1.7.2.Final/quarkus-smallrye-health-spi-1.7.2.Final.jar
Progress (3): quarkus-hibernate-validator-deployment-1.7.2.Final.jar (18 kB) | quarkus-smallrye-openapi-common-deployment-1.7.2.Final.jar (4.4 kB) | quarkus-swagger-ui-deployment-1.7.2.Final.jar (2.7/14 kB)Progress (3): quarkus-hibernate-validator-deployment-1.7.2.Final.jar (18 kB) | quarkus-smallrye-openapi-common-deployment-1.7.2.Final.jar (4.4 kB) | quarkus-swagger-ui-deployment-1.7.2.Final.jar (5.5/14 kB)Progress (3): quarkus-hibernate-validator-deployment-1.7.2.Final.jar (18 kB) | quarkus-smallrye-openapi-common-deployment-1.7.2.Final.jar (4.4 kB) | quarkus-swagger-ui-deployment-1.7.2.Final.jar (8.2/14 kB)Progress (3): quarkus-hibernate-validator-deployment-1.7.2.Final.jar (18 kB) | quarkus-smallrye-openapi-common-deployment-1.7.2.Final.jar (4.4 kB) | quarkus-swagger-ui-deployment-1.7.2.Final.jar (11/14 kB) Progress (3): quarkus-hibernate-validator-deployment-1.7.2.Final.jar (18 kB) | quarkus-smallrye-openapi-common-deployment-1.7.2.Final.jar (4.4 kB) | quarkus-swagger-ui-deployment-1.7.2.Final.jar (14/14 kB)Progress (3): quarkus-hibernate-validator-deployment-1.7.2.Final.jar (18 kB) | quarkus-smallrye-openapi-common-deployment-1.7.2.Final.jar (4.4 kB) | quarkus-swagger-ui-deployment-1.7.2.Final.jar (14 kB)                                                                                                                                                                                                             Downloaded from central: https://repo.maven.apache.org/maven2/io/quarkus/quarkus-hibernate-validator-deployment/1.7.2.Final/quarkus-hibernate-validator-deployment-1.7.2.Final.jar (18 kB at 12 kB/s)
Downloading from central: https://repo.maven.apache.org/maven2/io/quarkus/quarkus-smallrye-health-deployment/1.7.2.Final/quarkus-smallrye-health-deployment-1.7.2.Final.jar
Progress (3): quarkus-smallrye-openapi-common-deployment-1.7.2.Final.jar (4.4 kB) | quarkus-swagger-ui-deployment-1.7.2.Final.jar (14 kB) | quarkus-smallrye-health-spi-1.7.2.Final.jar (3.8 kB)Progress (4): quarkus-smallrye-openapi-common-deployment-1.7.2.Final.jar (4.4 kB) | quarkus-swagger-ui-deployment-1.7.2.Final.jar (14 kB) | quarkus-smallrye-health-spi-1.7.2.Final.jar (3.8 kB) | quarkus-smallrye-openapi-deployment-1.7.2.Final.jar (2.7/19 kB)                                                                                                                                                                                                                                                                  Downloaded from central: https://repo.maven.apache.org/maven2/io/quarkus/quarkus-smallrye-openapi-common-deployment/1.7.2.Final/quarkus-smallrye-openapi-common-deployment-1.7.2.Final.jar (4.4 kB at 2.9 kB/s)
Downloading from central: https://repo.maven.apache.org/maven2/io/quarkus/quarkus-smallrye-metrics-spi/1.7.2.Final/quarkus-smallrye-metrics-spi-1.7.2.Final.jar
Progress (3): quarkus-swagger-ui-deployment-1.7.2.Final.jar (14 kB) | quarkus-smallrye-health-spi-1.7.2.Final.jar (3.8 kB) | quarkus-smallrye-openapi-deployment-1.7.2.Final.jar (5.5/19 kB)Progress (3): quarkus-swagger-ui-deployment-1.7.2.Final.jar (14 kB) | quarkus-smallrye-health-spi-1.7.2.Final.jar (3.8 kB) | quarkus-smallrye-openapi-deployment-1.7.2.Final.jar (8.2/19 kB)Progress (3): quarkus-swagger-ui-deployment-1.7.2.Final.jar (14 kB) | quarkus-smallrye-health-spi-1.7.2.Final.jar (3.8 kB) | quarkus-smallrye-openapi-deployment-1.7.2.Final.jar (11/19 kB) Progress (3): quarkus-swagger-ui-deployment-1.7.2.Final.jar (14 kB) | quarkus-smallrye-health-spi-1.7.2.Final.jar (3.8 kB) | quarkus-smallrye-openapi-deployment-1.7.2.Final.jar (14/19 kB)Progress (3): quarkus-swagger-ui-deployment-1.7.2.Final.jar (14 kB) | quarkus-smallrye-health-spi-1.7.2.Final.jar (3.8 kB) | quarkus-smallrye-openapi-deployment-1.7.2.Final.jar (16/19 kB)Progress (3): quarkus-swagger-ui-deployment-1.7.2.Final.jar (14 kB) | quarkus-smallrye-health-spi-1.7.2.Final.jar (3.8 kB) | quarkus-smallrye-openapi-deployment-1.7.2.Final.jar (19 kB)   Progress (4): quarkus-swagger-ui-deployment-1.7.2.Final.jar (14 kB) | quarkus-smallrye-health-spi-1.7.2.Final.jar (3.8 kB) | quarkus-smallrye-openapi-deployment-1.7.2.Final.jar (19 kB) | quarkus-smallrye-health-deployment-1.7.2.Final.jar (2.7/29 kB)Progress (5): quarkus-swagger-ui-deployment-1.7.2.Final.jar (14 kB) | quarkus-smallrye-health-spi-1.7.2.Final.jar (3.8 kB) | quarkus-smallrye-openapi-deployment-1.7.2.Final.jar (19 kB) | quarkus-smallrye-health-deployment-1.7.2.Final.jar (2.7/29 kB) | quarkus-smallrye-metrics-spi-1.7.2.Final.jar (2.7/6.3 kB)Progress (5): quarkus-swagger-ui-deployment-1.7.2.Final.jar (14 kB) | quarkus-smallrye-health-spi-1.7.2.Final.jar (3.8 kB) | quarkus-smallrye-openapi-deployment-1.7.2.Final.jar (19 kB) | quarkus-smallrye-health-deployment-1.7.2.Final.jar (5.5/29 kB) | quarkus-smallrye-metrics-spi-1.7.2.Final.jar (2.7/6.3 kB)Progress (5): quarkus-swagger-ui-deployment-1.7.2.Final.jar (14 kB) | quarkus-smallrye-health-spi-1.7.2.Final.jar (3.8 kB) | quarkus-smallrye-openapi-deployment-1.7.2.Final.jar (19 kB) | quarkus-smallrye-health-deployment-1.7.2.Final.jar (8.2/29 kB) | quarkus-smallrye-metrics-spi-1.7.2.Final.jar (2.7/6.3 kB)Progress (5): quarkus-swagger-ui-deployment-1.7.2.Final.jar (14 kB) | quarkus-smallrye-health-spi-1.7.2.Final.jar (3.8 kB) | quarkus-smallrye-openapi-deployment-1.7.2.Final.jar (19 kB) | quarkus-smallrye-health-deployment-1.7.2.Final.jar (11/29 kB) | quarkus-smallrye-metrics-spi-1.7.2.Final.jar (2.7/6.3 kB) Progress (5): quarkus-swagger-ui-deployment-1.7.2.Final.jar (14 kB) | quarkus-smallrye-health-spi-1.7.2.Final.jar (3.8 kB) | quarkus-smallrye-openapi-deployment-1.7.2.Final.jar (19 kB) | quarkus-smallrye-health-deployment-1.7.2.Final.jar (14/29 kB) | quarkus-smallrye-metrics-spi-1.7.2.Final.jar (2.7/6.3 kB)Progress (5): quarkus-swagger-ui-deployment-1.7.2.Final.jar (14 kB) | quarkus-smallrye-health-spi-1.7.2.Final.jar (3.8 kB) | quarkus-smallrye-openapi-deployment-1.7.2.Final.jar (19 kB) | quarkus-smallrye-health-deployment-1.7.2.Final.jar (16/29 kB) | quarkus-smallrye-metrics-spi-1.7.2.Final.jar (2.7/6.3 kB)Progress (5): quarkus-swagger-ui-deployment-1.7.2.Final.jar (14 kB) | quarkus-smallrye-health-spi-1.7.2.Final.jar (3.8 kB) | quarkus-smallrye-openapi-deployment-1.7.2.Final.jar (19 kB) | quarkus-smallrye-health-deployment-1.7.2.Final.jar (19/29 kB) | quarkus-smallrye-metrics-spi-1.7.2.Final.jar (2.7/6.3 kB)Progress (5): quarkus-swagger-ui-deployment-1.7.2.Final.jar (14 kB) | quarkus-smallrye-health-spi-1.7.2.Final.jar (3.8 kB) | quarkus-smallrye-openapi-deployment-1.7.2.Final.jar (19 kB) | quarkus-smallrye-health-deployment-1.7.2.Final.jar (22/29 kB) | quarkus-smallrye-metrics-spi-1.7.2.Final.jar (2.7/6.3 kB)Progress (5): quarkus-swagger-ui-deployment-1.7.2.Final.jar (14 kB) | quarkus-smallrye-health-spi-1.7.2.Final.jar (3.8 kB) | quarkus-smallrye-openapi-deployment-1.7.2.Final.jar (19 kB) | quarkus-smallrye-health-deployment-1.7.2.Final.jar (25/29 kB) | quarkus-smallrye-metrics-spi-1.7.2.Final.jar (2.7/6.3 kB)Progress (5): quarkus-swagger-ui-deployment-1.7.2.Final.jar (14 kB) | quarkus-smallrye-health-spi-1.7.2.Final.jar (3.8 kB) | quarkus-smallrye-openapi-deployment-1.7.2.Final.jar (19 kB) | quarkus-smallrye-health-deployment-1.7.2.Final.jar (27/29 kB) | quarkus-smallrye-metrics-spi-1.7.2.Final.jar (2.7/6.3 kB)Progress (5): quarkus-swagger-ui-deployment-1.7.2.Final.jar (14 kB) | quarkus-smallrye-health-spi-1.7.2.Final.jar (3.8 kB) | quarkus-smallrye-openapi-deployment-1.7.2.Final.jar (19 kB) | quarkus-smallrye-health-deployment-1.7.2.Final.jar (29 kB) | quarkus-smallrye-metrics-spi-1.7.2.Final.jar (2.7/6.3 kB)   Progress (5): quarkus-swagger-ui-deployment-1.7.2.Final.jar (14 kB) | quarkus-smallrye-health-spi-1.7.2.Final.jar (3.8 kB) | quarkus-smallrye-openapi-deployment-1.7.2.Final.jar (19 kB) | quarkus-smallrye-health-deployment-1.7.2.Final.jar (29 kB) | quarkus-smallrye-metrics-spi-1.7.2.Final.jar (5.5/6.3 kB)Progress (5): quarkus-swagger-ui-deployment-1.7.2.Final.jar (14 kB) | quarkus-smallrye-health-spi-1.7.2.Final.jar (3.8 kB) | quarkus-smallrye-openapi-deployment-1.7.2.Final.jar (19 kB) | quarkus-smallrye-health-deployment-1.7.2.Final.jar (29 kB) | quarkus-smallrye-metrics-spi-1.7.2.Final.jar (6.3 kB)                                                                                                                                                                                                                                                                                                                 Downloaded from central: https://repo.maven.apache.org/maven2/io/quarkus/quarkus-swagger-ui-deployment/1.7.2.Final/quarkus-swagger-ui-deployment-1.7.2.Final.jar (14 kB at 8.1 kB/s)
Downloading from central: https://repo.maven.apache.org/maven2/io/quarkus/quarkus-smallrye-metrics-deployment/1.7.2.Final/quarkus-smallrye-metrics-deployment-1.7.2.Final.jar
Downloaded from central: https://repo.maven.apache.org/maven2/io/quarkus/quarkus-smallrye-openapi-deployment/1.7.2.Final/quarkus-smallrye-openapi-deployment-1.7.2.Final.jar (19 kB at 11 kB/s)
Downloading from central: https://repo.maven.apache.org/maven2/io/quarkus/quarkus-jackson/1.7.2.Final/quarkus-jackson-1.7.2.Final.jar
Downloaded from central: https://repo.maven.apache.org/maven2/io/quarkus/quarkus-smallrye-health-spi/1.7.2.Final/quarkus-smallrye-health-spi-1.7.2.Final.jar (3.8 kB at 2.2 kB/s)
Downloading from central: https://repo.maven.apache.org/maven2/io/quarkus/quarkus-kubernetes-client/1.7.2.Final/quarkus-kubernetes-client-1.7.2.Final.jar
Progress (3): quarkus-smallrye-health-deployment-1.7.2.Final.jar (29 kB) | quarkus-smallrye-metrics-spi-1.7.2.Final.jar (6.3 kB) | quarkus-smallrye-metrics-deployment-1.7.2.Final.jar (2.7/31 kB)Progress (3): quarkus-smallrye-health-deployment-1.7.2.Final.jar (29 kB) | quarkus-smallrye-metrics-spi-1.7.2.Final.jar (6.3 kB) | quarkus-smallrye-metrics-deployment-1.7.2.Final.jar (5.5/31 kB)Progress (4): quarkus-smallrye-health-deployment-1.7.2.Final.jar (29 kB) | quarkus-smallrye-metrics-spi-1.7.2.Final.jar (6.3 kB) | quarkus-smallrye-metrics-deployment-1.7.2.Final.jar (5.5/31 kB) | quarkus-jackson-1.7.2.Final.jar (2.7/5.2 kB)Progress (4): quarkus-smallrye-health-deployment-1.7.2.Final.jar (29 kB) | quarkus-smallrye-metrics-spi-1.7.2.Final.jar (6.3 kB) | quarkus-smallrye-metrics-deployment-1.7.2.Final.jar (8.2/31 kB) | quarkus-jackson-1.7.2.Final.jar (2.7/5.2 kB)Progress (4): quarkus-smallrye-health-deployment-1.7.2.Final.jar (29 kB) | quarkus-smallrye-metrics-spi-1.7.2.Final.jar (6.3 kB) | quarkus-smallrye-metrics-deployment-1.7.2.Final.jar (11/31 kB) | quarkus-jackson-1.7.2.Final.jar (2.7/5.2 kB) Progress (4): quarkus-smallrye-health-deployment-1.7.2.Final.jar (29 kB) | quarkus-smallrye-metrics-spi-1.7.2.Final.jar (6.3 kB) | quarkus-smallrye-metrics-deployment-1.7.2.Final.jar (14/31 kB) | quarkus-jackson-1.7.2.Final.jar (2.7/5.2 kB)Progress (4): quarkus-smallrye-health-deployment-1.7.2.Final.jar (29 kB) | quarkus-smallrye-metrics-spi-1.7.2.Final.jar (6.3 kB) | quarkus-smallrye-metrics-deployment-1.7.2.Final.jar (16/31 kB) | quarkus-jackson-1.7.2.Final.jar (2.7/5.2 kB)Progress (4): quarkus-smallrye-health-deployment-1.7.2.Final.jar (29 kB) | quarkus-smallrye-metrics-spi-1.7.2.Final.jar (6.3 kB) | quarkus-smallrye-metrics-deployment-1.7.2.Final.jar (19/31 kB) | quarkus-jackson-1.7.2.Final.jar (2.7/5.2 kB)Progress (4): quarkus-smallrye-health-deployment-1.7.2.Final.jar (29 kB) | quarkus-smallrye-metrics-spi-1.7.2.Final.jar (6.3 kB) | quarkus-smallrye-metrics-deployment-1.7.2.Final.jar (22/31 kB) | quarkus-jackson-1.7.2.Final.jar (2.7/5.2 kB)Progress (4): quarkus-smallrye-health-deployment-1.7.2.Final.jar (29 kB) | quarkus-smallrye-metrics-spi-1.7.2.Final.jar (6.3 kB) | quarkus-smallrye-metrics-deployment-1.7.2.Final.jar (25/31 kB) | quarkus-jackson-1.7.2.Final.jar (2.7/5.2 kB)Progress (4): quarkus-smallrye-health-deployment-1.7.2.Final.jar (29 kB) | quarkus-smallrye-metrics-spi-1.7.2.Final.jar (6.3 kB) | quarkus-smallrye-metrics-deployment-1.7.2.Final.jar (27/31 kB) | quarkus-jackson-1.7.2.Final.jar (2.7/5.2 kB)Progress (4): quarkus-smallrye-health-deployment-1.7.2.Final.jar (29 kB) | quarkus-smallrye-metrics-spi-1.7.2.Final.jar (6.3 kB) | quarkus-smallrye-metrics-deployment-1.7.2.Final.jar (30/31 kB) | quarkus-jackson-1.7.2.Final.jar (2.7/5.2 kB)Progress (4): quarkus-smallrye-health-deployment-1.7.2.Final.jar (29 kB) | quarkus-smallrye-metrics-spi-1.7.2.Final.jar (6.3 kB) | quarkus-smallrye-metrics-deployment-1.7.2.Final.jar (31 kB) | quarkus-jackson-1.7.2.Final.jar (2.7/5.2 kB)                                                                                                                                                                                                                                                Downloaded from central: https://repo.maven.apache.org/maven2/io/quarkus/quarkus-smallrye-metrics-spi/1.7.2.Final/quarkus-smallrye-metrics-spi-1.7.2.Final.jar (6.3 kB at 3.6 kB/s)
Downloading from central: https://repo.maven.apache.org/maven2/io/quarkus/quarkus-kubernetes-client-deployment-internal/1.7.2.Final/quarkus-kubernetes-client-deployment-internal-1.7.2.Final.jar
Progress (3): quarkus-smallrye-health-deployment-1.7.2.Final.jar (29 kB) | quarkus-smallrye-metrics-deployment-1.7.2.Final.jar (31 kB) | quarkus-jackson-1.7.2.Final.jar (5.2 kB)Progress (4): quarkus-smallrye-health-deployment-1.7.2.Final.jar (29 kB) | quarkus-smallrye-metrics-deployment-1.7.2.Final.jar (31 kB) | quarkus-jackson-1.7.2.Final.jar (5.2 kB) | quarkus-kubernetes-client-1.7.2.Final.jar (4.1/8.5 kB)                                                                                                                                                                                                                                          Downloaded from central: https://repo.maven.apache.org/maven2/io/quarkus/quarkus-smallrye-health-deployment/1.7.2.Final/quarkus-smallrye-health-deployment-1.7.2.Final.jar (29 kB at 16 kB/s)
Downloading from central: https://repo.maven.apache.org/maven2/com/squareup/okhttp3/logging-interceptor/3.12.12/logging-interceptor-3.12.12.jar
Progress (3): quarkus-smallrye-metrics-deployment-1.7.2.Final.jar (31 kB) | quarkus-jackson-1.7.2.Final.jar (5.2 kB) | quarkus-kubernetes-client-1.7.2.Final.jar (8.2/8.5 kB)Progress (3): quarkus-smallrye-metrics-deployment-1.7.2.Final.jar (31 kB) | quarkus-jackson-1.7.2.Final.jar (5.2 kB) | quarkus-kubernetes-client-1.7.2.Final.jar (8.5 kB)    Progress (4): quarkus-smallrye-metrics-deployment-1.7.2.Final.jar (31 kB) | quarkus-jackson-1.7.2.Final.jar (5.2 kB) | quarkus-kubernetes-client-1.7.2.Final.jar (8.5 kB) | quarkus-kubernetes-client-deployment-internal-1.7.2.Final.jar (4.1/5.3 kB)Progress (5): quarkus-smallrye-metrics-deployment-1.7.2.Final.jar (31 kB) | quarkus-jackson-1.7.2.Final.jar (5.2 kB) | quarkus-kubernetes-client-1.7.2.Final.jar (8.5 kB) | quarkus-kubernetes-client-deployment-internal-1.7.2.Final.jar (4.1/5.3 kB) | logging-interceptor-3.12.12.jar (4.1/12 kB)Progress (5): quarkus-smallrye-metrics-deployment-1.7.2.Final.jar (31 kB) | quarkus-jackson-1.7.2.Final.jar (5.2 kB) | quarkus-kubernetes-client-1.7.2.Final.jar (8.5 kB) | quarkus-kubernetes-client-deployment-internal-1.7.2.Final.jar (5.3 kB) | logging-interceptor-3.12.12.jar (4.1/12 kB)    Progress (5): quarkus-smallrye-metrics-deployment-1.7.2.Final.jar (31 kB) | quarkus-jackson-1.7.2.Final.jar (5.2 kB) | quarkus-kubernetes-client-1.7.2.Final.jar (8.5 kB) | quarkus-kubernetes-client-deployment-internal-1.7.2.Final.jar (5.3 kB) | logging-interceptor-3.12.12.jar (8.2/12 kB)Progress (5): quarkus-smallrye-metrics-deployment-1.7.2.Final.jar (31 kB) | quarkus-jackson-1.7.2.Final.jar (5.2 kB) | quarkus-kubernetes-client-1.7.2.Final.jar (8.5 kB) | quarkus-kubernetes-client-deployment-internal-1.7.2.Final.jar (5.3 kB) | logging-interceptor-3.12.12.jar (12/12 kB) Progress (5): quarkus-smallrye-metrics-deployment-1.7.2.Final.jar (31 kB) | quarkus-jackson-1.7.2.Final.jar (5.2 kB) | quarkus-kubernetes-client-1.7.2.Final.jar (8.5 kB) | quarkus-kubernetes-client-deployment-internal-1.7.2.Final.jar (5.3 kB) | logging-interceptor-3.12.12.jar (12 kB)                                                                                                                                                                                                                                                                                               Downloaded from central: https://repo.maven.apache.org/maven2/io/quarkus/quarkus-smallrye-metrics-deployment/1.7.2.Final/quarkus-smallrye-metrics-deployment-1.7.2.Final.jar (31 kB at 16 kB/s)
Downloading from central: https://repo.maven.apache.org/maven2/io/quarkus/quarkus-kubernetes-client-spi/1.7.2.Final/quarkus-kubernetes-client-spi-1.7.2.Final.jar
Downloaded from central: https://repo.maven.apache.org/maven2/io/quarkus/quarkus-jackson/1.7.2.Final/quarkus-jackson-1.7.2.Final.jar (5.2 kB at 2.7 kB/s)
Downloading from central: https://repo.maven.apache.org/maven2/io/quarkus/quarkus-container-image-s2i/1.7.2.Final/quarkus-container-image-s2i-1.7.2.Final.jar
Downloaded from central: https://repo.maven.apache.org/maven2/io/quarkus/quarkus-kubernetes-client/1.7.2.Final/quarkus-kubernetes-client-1.7.2.Final.jar (8.5 kB at 4.5 kB/s)
Downloading from central: https://repo.maven.apache.org/maven2/io/quarkus/quarkus-container-image-spi/1.7.2.Final/quarkus-container-image-spi-1.7.2.Final.jar
Progress (3): quarkus-kubernetes-client-deployment-internal-1.7.2.Final.jar (5.3 kB) | logging-interceptor-3.12.12.jar (12 kB) | quarkus-kubernetes-client-spi-1.7.2.Final.jar (3.6 kB)Progress (4): quarkus-kubernetes-client-deployment-internal-1.7.2.Final.jar (5.3 kB) | logging-interceptor-3.12.12.jar (12 kB) | quarkus-kubernetes-client-spi-1.7.2.Final.jar (3.6 kB) | quarkus-container-image-s2i-1.7.2.Final.jar (2.7/3.1 kB)                                                                                                                                                                                                                                                  Downloaded from central: https://repo.maven.apache.org/maven2/io/quarkus/quarkus-kubernetes-client-deployment-internal/1.7.2.Final/quarkus-kubernetes-client-deployment-internal-1.7.2.Final.jar (5.3 kB at 2.7 kB/s)
Downloading from central: https://repo.maven.apache.org/maven2/io/quarkus/quarkus-container-image-util/1.7.2.Final/quarkus-container-image-util-1.7.2.Final.jar
Progress (3): logging-interceptor-3.12.12.jar (12 kB) | quarkus-kubernetes-client-spi-1.7.2.Final.jar (3.6 kB) | quarkus-container-image-s2i-1.7.2.Final.jar (3.1 kB)                                                                                                                                                                     Downloaded from central: https://repo.maven.apache.org/maven2/com/squareup/okhttp3/logging-interceptor/3.12.12/logging-interceptor-3.12.12.jar (12 kB at 6.3 kB/s)
Downloading from central: https://repo.maven.apache.org/maven2/io/quarkus/quarkus-container-image-deployment/1.7.2.Final/quarkus-container-image-deployment-1.7.2.Final.jar
Progress (3): quarkus-kubernetes-client-spi-1.7.2.Final.jar (3.6 kB) | quarkus-container-image-s2i-1.7.2.Final.jar (3.1 kB) | quarkus-container-image-spi-1.7.2.Final.jar (2.7/6.5 kB)Progress (3): quarkus-kubernetes-client-spi-1.7.2.Final.jar (3.6 kB) | quarkus-container-image-s2i-1.7.2.Final.jar (3.1 kB) | quarkus-container-image-spi-1.7.2.Final.jar (5.5/6.5 kB)Progress (3): quarkus-kubernetes-client-spi-1.7.2.Final.jar (3.6 kB) | quarkus-container-image-s2i-1.7.2.Final.jar (3.1 kB) | quarkus-container-image-spi-1.7.2.Final.jar (6.5 kB)    Progress (4): quarkus-kubernetes-client-spi-1.7.2.Final.jar (3.6 kB) | quarkus-container-image-s2i-1.7.2.Final.jar (3.1 kB) | quarkus-container-image-spi-1.7.2.Final.jar (6.5 kB) | quarkus-container-image-util-1.7.2.Final.jar (3.6 kB)Progress (5): quarkus-kubernetes-client-spi-1.7.2.Final.jar (3.6 kB) | quarkus-container-image-s2i-1.7.2.Final.jar (3.1 kB) | quarkus-container-image-spi-1.7.2.Final.jar (6.5 kB) | quarkus-container-image-util-1.7.2.Final.jar (3.6 kB) | quarkus-container-image-deployment-1.7.2.Final.jar (2.7/11 kB)Progress (5): quarkus-kubernetes-client-spi-1.7.2.Final.jar (3.6 kB) | quarkus-container-image-s2i-1.7.2.Final.jar (3.1 kB) | quarkus-container-image-spi-1.7.2.Final.jar (6.5 kB) | quarkus-container-image-util-1.7.2.Final.jar (3.6 kB) | quarkus-container-image-deployment-1.7.2.Final.jar (5.5/11 kB)Progress (5): quarkus-kubernetes-client-spi-1.7.2.Final.jar (3.6 kB) | quarkus-container-image-s2i-1.7.2.Final.jar (3.1 kB) | quarkus-container-image-spi-1.7.2.Final.jar (6.5 kB) | quarkus-container-image-util-1.7.2.Final.jar (3.6 kB) | quarkus-container-image-deployment-1.7.2.Final.jar (8.2/11 kB)Progress (5): quarkus-kubernetes-client-spi-1.7.2.Final.jar (3.6 kB) | quarkus-container-image-s2i-1.7.2.Final.jar (3.1 kB) | quarkus-container-image-spi-1.7.2.Final.jar (6.5 kB) | quarkus-container-image-util-1.7.2.Final.jar (3.6 kB) | quarkus-container-image-deployment-1.7.2.Final.jar (11/11 kB) Progress (5): quarkus-kubernetes-client-spi-1.7.2.Final.jar (3.6 kB) | quarkus-container-image-s2i-1.7.2.Final.jar (3.1 kB) | quarkus-container-image-spi-1.7.2.Final.jar (6.5 kB) | quarkus-container-image-util-1.7.2.Final.jar (3.6 kB) | quarkus-container-image-deployment-1.7.2.Final.jar (11 kB)                                                                                                                                                                                                                                                                                                          Downloaded from central: https://repo.maven.apache.org/maven2/io/quarkus/quarkus-kubernetes-client-spi/1.7.2.Final/quarkus-kubernetes-client-spi-1.7.2.Final.jar (3.6 kB at 1.7 kB/s)
Downloading from central: https://repo.maven.apache.org/maven2/io/quarkus/quarkus-container-image-s2i-deployment/1.7.2.Final/quarkus-container-image-s2i-deployment-1.7.2.Final.jar
Downloaded from central: https://repo.maven.apache.org/maven2/io/quarkus/quarkus-container-image-s2i/1.7.2.Final/quarkus-container-image-s2i-1.7.2.Final.jar (3.1 kB at 1.5 kB/s)
Downloading from central: https://repo.maven.apache.org/maven2/io/quarkus/quarkus-kubernetes/1.7.2.Final/quarkus-kubernetes-1.7.2.Final.jar
Downloaded from central: https://repo.maven.apache.org/maven2/io/quarkus/quarkus-container-image-spi/1.7.2.Final/quarkus-container-image-spi-1.7.2.Final.jar (6.5 kB at 3.1 kB/s)
Downloading from central: https://repo.maven.apache.org/maven2/io/quarkus/quarkus-kubernetes-deployment/1.7.2.Final/quarkus-kubernetes-deployment-1.7.2.Final.jar
Progress (3): quarkus-container-image-util-1.7.2.Final.jar (3.6 kB) | quarkus-container-image-deployment-1.7.2.Final.jar (11 kB) | quarkus-kubernetes-1.7.2.Final.jar (2.7/3.0 kB)Progress (4): quarkus-container-image-util-1.7.2.Final.jar (3.6 kB) | quarkus-container-image-deployment-1.7.2.Final.jar (11 kB) | quarkus-kubernetes-1.7.2.Final.jar (2.7/3.0 kB) | quarkus-container-image-s2i-deployment-1.7.2.Final.jar (4.1/25 kB)                                                                                                                                                                                                                                                       Downloaded from central: https://repo.maven.apache.org/maven2/io/quarkus/quarkus-container-image-util/1.7.2.Final/quarkus-container-image-util-1.7.2.Final.jar (3.6 kB at 1.7 kB/s)
Downloading from central: https://repo.maven.apache.org/maven2/io/quarkus/quarkus-openshift-deployment/1.7.2.Final/quarkus-openshift-deployment-1.7.2.Final.jar
Downloaded from central: https://repo.maven.apache.org/maven2/io/quarkus/quarkus-container-image-deployment/1.7.2.Final/quarkus-container-image-deployment-1.7.2.Final.jar (11 kB at 5.3 kB/s)
Downloading from central: https://repo.maven.apache.org/maven2/io/quarkus/quarkus-jaeger-deployment/1.7.2.Final/quarkus-jaeger-deployment-1.7.2.Final.jar
Progress (3): quarkus-kubernetes-1.7.2.Final.jar (2.7/3.0 kB) | quarkus-container-image-s2i-deployment-1.7.2.Final.jar (4.1/25 kB) | quarkus-kubernetes-deployment-1.7.2.Final.jar (4.1/148 kB)Progress (3): quarkus-kubernetes-1.7.2.Final.jar (3.0 kB) | quarkus-container-image-s2i-deployment-1.7.2.Final.jar (4.1/25 kB) | quarkus-kubernetes-deployment-1.7.2.Final.jar (4.1/148 kB)    Progress (3): quarkus-kubernetes-1.7.2.Final.jar (3.0 kB) | quarkus-container-image-s2i-deployment-1.7.2.Final.jar (8.2/25 kB) | quarkus-kubernetes-deployment-1.7.2.Final.jar (4.1/148 kB)Progress (3): quarkus-kubernetes-1.7.2.Final.jar (3.0 kB) | quarkus-container-image-s2i-deployment-1.7.2.Final.jar (12/25 kB) | quarkus-kubernetes-deployment-1.7.2.Final.jar (4.1/148 kB) Progress (3): quarkus-kubernetes-1.7.2.Final.jar (3.0 kB) | quarkus-container-image-s2i-deployment-1.7.2.Final.jar (16/25 kB) | quarkus-kubernetes-deployment-1.7.2.Final.jar (4.1/148 kB)Progress (3): quarkus-kubernetes-1.7.2.Final.jar (3.0 kB) | quarkus-container-image-s2i-deployment-1.7.2.Final.jar (20/25 kB) | quarkus-kubernetes-deployment-1.7.2.Final.jar (4.1/148 kB)Progress (3): quarkus-kubernetes-1.7.2.Final.jar (3.0 kB) | quarkus-container-image-s2i-deployment-1.7.2.Final.jar (25/25 kB) | quarkus-kubernetes-deployment-1.7.2.Final.jar (4.1/148 kB)Progress (3): quarkus-kubernetes-1.7.2.Final.jar (3.0 kB) | quarkus-container-image-s2i-deployment-1.7.2.Final.jar (25 kB) | quarkus-kubernetes-deployment-1.7.2.Final.jar (4.1/148 kB)   Progress (3): quarkus-kubernetes-1.7.2.Final.jar (3.0 kB) | quarkus-container-image-s2i-deployment-1.7.2.Final.jar (25 kB) | quarkus-kubernetes-deployment-1.7.2.Final.jar (8.2/148 kB)Progress (3): quarkus-kubernetes-1.7.2.Final.jar (3.0 kB) | quarkus-container-image-s2i-deployment-1.7.2.Final.jar (25 kB) | quarkus-kubernetes-deployment-1.7.2.Final.jar (12/148 kB) Progress (3): quarkus-kubernetes-1.7.2.Final.jar (3.0 kB) | quarkus-container-image-s2i-deployment-1.7.2.Final.jar (25 kB) | quarkus-kubernetes-deployment-1.7.2.Final.jar (16/148 kB)Progress (3): quarkus-kubernetes-1.7.2.Final.jar (3.0 kB) | quarkus-container-image-s2i-deployment-1.7.2.Final.jar (25 kB) | quarkus-kubernetes-deployment-1.7.2.Final.jar (20/148 kB)Progress (3): quarkus-kubernetes-1.7.2.Final.jar (3.0 kB) | quarkus-container-image-s2i-deployment-1.7.2.Final.jar (25 kB) | quarkus-kubernetes-deployment-1.7.2.Final.jar (25/148 kB)Progress (3): quarkus-kubernetes-1.7.2.Final.jar (3.0 kB) | quarkus-container-image-s2i-deployment-1.7.2.Final.jar (25 kB) | quarkus-kubernetes-deployment-1.7.2.Final.jar (29/148 kB)Progress (3): quarkus-kubernetes-1.7.2.Final.jar (3.0 kB) | quarkus-container-image-s2i-deployment-1.7.2.Final.jar (25 kB) | quarkus-kubernetes-deployment-1.7.2.Final.jar (33/148 kB)Progress (3): quarkus-kubernetes-1.7.2.Final.jar (3.0 kB) | quarkus-container-image-s2i-deployment-1.7.2.Final.jar (25 kB) | quarkus-kubernetes-deployment-1.7.2.Final.jar (37/148 kB)Progress (3): quarkus-kubernetes-1.7.2.Final.jar (3.0 kB) | quarkus-container-image-s2i-deployment-1.7.2.Final.jar (25 kB) | quarkus-kubernetes-deployment-1.7.2.Final.jar (41/148 kB)Progress (3): quarkus-kubernetes-1.7.2.Final.jar (3.0 kB) | quarkus-container-image-s2i-deployment-1.7.2.Final.jar (25 kB) | quarkus-kubernetes-deployment-1.7.2.Final.jar (45/148 kB)Progress (3): quarkus-kubernetes-1.7.2.Final.jar (3.0 kB) | quarkus-container-image-s2i-deployment-1.7.2.Final.jar (25 kB) | quarkus-kubernetes-deployment-1.7.2.Final.jar (49/148 kB)Progress (3): quarkus-kubernetes-1.7.2.Final.jar (3.0 kB) | quarkus-container-image-s2i-deployment-1.7.2.Final.jar (25 kB) | quarkus-kubernetes-deployment-1.7.2.Final.jar (53/148 kB)Progress (3): quarkus-kubernetes-1.7.2.Final.jar (3.0 kB) | quarkus-container-image-s2i-deployment-1.7.2.Final.jar (25 kB) | quarkus-kubernetes-deployment-1.7.2.Final.jar (57/148 kB)Progress (3): quarkus-kubernetes-1.7.2.Final.jar (3.0 kB) | quarkus-container-image-s2i-deployment-1.7.2.Final.jar (25 kB) | quarkus-kubernetes-deployment-1.7.2.Final.jar (61/148 kB)Progress (3): quarkus-kubernetes-1.7.2.Final.jar (3.0 kB) | quarkus-container-image-s2i-deployment-1.7.2.Final.jar (25 kB) | quarkus-kubernetes-deployment-1.7.2.Final.jar (66/148 kB)Progress (3): quarkus-kubernetes-1.7.2.Final.jar (3.0 kB) | quarkus-container-image-s2i-deployment-1.7.2.Final.jar (25 kB) | quarkus-kubernetes-deployment-1.7.2.Final.jar (70/148 kB)Progress (3): quarkus-kubernetes-1.7.2.Final.jar (3.0 kB) | quarkus-container-image-s2i-deployment-1.7.2.Final.jar (25 kB) | quarkus-kubernetes-deployment-1.7.2.Final.jar (74/148 kB)Progress (3): quarkus-kubernetes-1.7.2.Final.jar (3.0 kB) | quarkus-container-image-s2i-deployment-1.7.2.Final.jar (25 kB) | quarkus-kubernetes-deployment-1.7.2.Final.jar (78/148 kB)Progress (3): quarkus-kubernetes-1.7.2.Final.jar (3.0 kB) | quarkus-container-image-s2i-deployment-1.7.2.Final.jar (25 kB) | quarkus-kubernetes-deployment-1.7.2.Final.jar (82/148 kB)Progress (3): quarkus-kubernetes-1.7.2.Final.jar (3.0 kB) | quarkus-container-image-s2i-deployment-1.7.2.Final.jar (25 kB) | quarkus-kubernetes-deployment-1.7.2.Final.jar (86/148 kB)Progress (3): quarkus-kubernetes-1.7.2.Final.jar (3.0 kB) | quarkus-container-image-s2i-deployment-1.7.2.Final.jar (25 kB) | quarkus-kubernetes-deployment-1.7.2.Final.jar (90/148 kB)Progress (4): quarkus-kubernetes-1.7.2.Final.jar (3.0 kB) | quarkus-container-image-s2i-deployment-1.7.2.Final.jar (25 kB) | quarkus-kubernetes-deployment-1.7.2.Final.jar (90/148 kB) | quarkus-openshift-deployment-1.7.2.Final.jar (4.1/4.1 kB)Progress (4): quarkus-kubernetes-1.7.2.Final.jar (3.0 kB) | quarkus-container-image-s2i-deployment-1.7.2.Final.jar (25 kB) | quarkus-kubernetes-deployment-1.7.2.Final.jar (94/148 kB) | quarkus-openshift-deployment-1.7.2.Final.jar (4.1/4.1 kB)Progress (4): quarkus-kubernetes-1.7.2.Final.jar (3.0 kB) | quarkus-container-image-s2i-deployment-1.7.2.Final.jar (25 kB) | quarkus-kubernetes-deployment-1.7.2.Final.jar (98/148 kB) | quarkus-openshift-deployment-1.7.2.Final.jar (4.1/4.1 kB)Progress (4): quarkus-kubernetes-1.7.2.Final.jar (3.0 kB) | quarkus-container-image-s2i-deployment-1.7.2.Final.jar (25 kB) | quarkus-kubernetes-deployment-1.7.2.Final.jar (102/148 kB) | quarkus-openshift-deployment-1.7.2.Final.jar (4.1/4.1 kB)Progress (4): quarkus-kubernetes-1.7.2.Final.jar (3.0 kB) | quarkus-container-image-s2i-deployment-1.7.2.Final.jar (25 kB) | quarkus-kubernetes-deployment-1.7.2.Final.jar (106/148 kB) | quarkus-openshift-deployment-1.7.2.Final.jar (4.1/4.1 kB)Progress (4): quarkus-kubernetes-1.7.2.Final.jar (3.0 kB) | quarkus-container-image-s2i-deployment-1.7.2.Final.jar (25 kB) | quarkus-kubernetes-deployment-1.7.2.Final.jar (111/148 kB) | quarkus-openshift-deployment-1.7.2.Final.jar (4.1/4.1 kB)Progress (4): quarkus-kubernetes-1.7.2.Final.jar (3.0 kB) | quarkus-container-image-s2i-deployment-1.7.2.Final.jar (25 kB) | quarkus-kubernetes-deployment-1.7.2.Final.jar (115/148 kB) | quarkus-openshift-deployment-1.7.2.Final.jar (4.1/4.1 kB)Progress (4): quarkus-kubernetes-1.7.2.Final.jar (3.0 kB) | quarkus-container-image-s2i-deployment-1.7.2.Final.jar (25 kB) | quarkus-kubernetes-deployment-1.7.2.Final.jar (119/148 kB) | quarkus-openshift-deployment-1.7.2.Final.jar (4.1/4.1 kB)Progress (5): quarkus-kubernetes-1.7.2.Final.jar (3.0 kB) | quarkus-container-image-s2i-deployment-1.7.2.Final.jar (25 kB) | quarkus-kubernetes-deployment-1.7.2.Final.jar (119/148 kB) | quarkus-openshift-deployment-1.7.2.Final.jar (4.1/4.1 kB) | quarkus-jaeger-deployment-1.7.2.Final.jar (2.7/5.8 kB)Progress (5): quarkus-kubernetes-1.7.2.Final.jar (3.0 kB) | quarkus-container-image-s2i-deployment-1.7.2.Final.jar (25 kB) | quarkus-kubernetes-deployment-1.7.2.Final.jar (123/148 kB) | quarkus-openshift-deployment-1.7.2.Final.jar (4.1/4.1 kB) | quarkus-jaeger-deployment-1.7.2.Final.jar (2.7/5.8 kB)Progress (5): quarkus-kubernetes-1.7.2.Final.jar (3.0 kB) | quarkus-container-image-s2i-deployment-1.7.2.Final.jar (25 kB) | quarkus-kubernetes-deployment-1.7.2.Final.jar (127/148 kB) | quarkus-openshift-deployment-1.7.2.Final.jar (4.1/4.1 kB) | quarkus-jaeger-deployment-1.7.2.Final.jar (2.7/5.8 kB)Progress (5): quarkus-kubernetes-1.7.2.Final.jar (3.0 kB) | quarkus-container-image-s2i-deployment-1.7.2.Final.jar (25 kB) | quarkus-kubernetes-deployment-1.7.2.Final.jar (131/148 kB) | quarkus-openshift-deployment-1.7.2.Final.jar (4.1/4.1 kB) | quarkus-jaeger-deployment-1.7.2.Final.jar (2.7/5.8 kB)Progress (5): quarkus-kubernetes-1.7.2.Final.jar (3.0 kB) | quarkus-container-image-s2i-deployment-1.7.2.Final.jar (25 kB) | quarkus-kubernetes-deployment-1.7.2.Final.jar (135/148 kB) | quarkus-openshift-deployment-1.7.2.Final.jar (4.1/4.1 kB) | quarkus-jaeger-deployment-1.7.2.Final.jar (2.7/5.8 kB)Progress (5): quarkus-kubernetes-1.7.2.Final.jar (3.0 kB) | quarkus-container-image-s2i-deployment-1.7.2.Final.jar (25 kB) | quarkus-kubernetes-deployment-1.7.2.Final.jar (139/148 kB) | quarkus-openshift-deployment-1.7.2.Final.jar (4.1/4.1 kB) | quarkus-jaeger-deployment-1.7.2.Final.jar (2.7/5.8 kB)Progress (5): quarkus-kubernetes-1.7.2.Final.jar (3.0 kB) | quarkus-container-image-s2i-deployment-1.7.2.Final.jar (25 kB) | quarkus-kubernetes-deployment-1.7.2.Final.jar (143/148 kB) | quarkus-openshift-deployment-1.7.2.Final.jar (4.1/4.1 kB) | quarkus-jaeger-deployment-1.7.2.Final.jar (2.7/5.8 kB)Progress (5): quarkus-kubernetes-1.7.2.Final.jar (3.0 kB) | quarkus-container-image-s2i-deployment-1.7.2.Final.jar (25 kB) | quarkus-kubernetes-deployment-1.7.2.Final.jar (147/148 kB) | quarkus-openshift-deployment-1.7.2.Final.jar (4.1/4.1 kB) | quarkus-jaeger-deployment-1.7.2.Final.jar (2.7/5.8 kB)Progress (5): quarkus-kubernetes-1.7.2.Final.jar (3.0 kB) | quarkus-container-image-s2i-deployment-1.7.2.Final.jar (25 kB) | quarkus-kubernetes-deployment-1.7.2.Final.jar (148 kB) | quarkus-openshift-deployment-1.7.2.Final.jar (4.1/4.1 kB) | quarkus-jaeger-deployment-1.7.2.Final.jar (2.7/5.8 kB)    Progress (5): quarkus-kubernetes-1.7.2.Final.jar (3.0 kB) | quarkus-container-image-s2i-deployment-1.7.2.Final.jar (25 kB) | quarkus-kubernetes-deployment-1.7.2.Final.jar (148 kB) | quarkus-openshift-deployment-1.7.2.Final.jar (4.1 kB) | quarkus-jaeger-deployment-1.7.2.Final.jar (2.7/5.8 kB)    Progress (5): quarkus-kubernetes-1.7.2.Final.jar (3.0 kB) | quarkus-container-image-s2i-deployment-1.7.2.Final.jar (25 kB) | quarkus-kubernetes-deployment-1.7.2.Final.jar (148 kB) | quarkus-openshift-deployment-1.7.2.Final.jar (4.1 kB) | quarkus-jaeger-deployment-1.7.2.Final.jar (5.5/5.8 kB)Progress (5): quarkus-kubernetes-1.7.2.Final.jar (3.0 kB) | quarkus-container-image-s2i-deployment-1.7.2.Final.jar (25 kB) | quarkus-kubernetes-deployment-1.7.2.Final.jar (148 kB) | quarkus-openshift-deployment-1.7.2.Final.jar (4.1 kB) | quarkus-jaeger-deployment-1.7.2.Final.jar (5.8 kB)                                                                                                                                                                                                                                                                                                    Downloaded from central: https://repo.maven.apache.org/maven2/io/quarkus/quarkus-kubernetes/1.7.2.Final/quarkus-kubernetes-1.7.2.Final.jar (3.0 kB at 1.3 kB/s)
Downloading from central: https://repo.maven.apache.org/maven2/io/quarkus/quarkus-smallrye-opentracing-deployment/1.7.2.Final/quarkus-smallrye-opentracing-deployment-1.7.2.Final.jar
Downloaded from central: https://repo.maven.apache.org/maven2/io/quarkus/quarkus-container-image-s2i-deployment/1.7.2.Final/quarkus-container-image-s2i-deployment-1.7.2.Final.jar (25 kB at 11 kB/s)
Downloading from central: https://repo.maven.apache.org/maven2/io/quarkus/quarkus-jdbc-h2-deployment/1.7.2.Final/quarkus-jdbc-h2-deployment-1.7.2.Final.jar
Downloaded from central: https://repo.maven.apache.org/maven2/io/quarkus/quarkus-kubernetes-deployment/1.7.2.Final/quarkus-kubernetes-deployment-1.7.2.Final.jar (148 kB at 63 kB/s)
Downloaded from central: https://repo.maven.apache.org/maven2/io/quarkus/quarkus-openshift-deployment/1.7.2.Final/quarkus-openshift-deployment-1.7.2.Final.jar (4.1 kB at 1.8 kB/s)
Downloaded from central: https://repo.maven.apache.org/maven2/io/quarkus/quarkus-jaeger-deployment/1.7.2.Final/quarkus-jaeger-deployment-1.7.2.Final.jar (5.8 kB at 2.5 kB/s)
Progress (1): quarkus-smallrye-opentracing-deployment-1.7.2.Final.jar (2.7/5.7 kB)Progress (2): quarkus-smallrye-opentracing-deployment-1.7.2.Final.jar (2.7/5.7 kB) | quarkus-jdbc-h2-deployment-1.7.2.Final.jar (4.1/5.5 kB)Progress (2): quarkus-smallrye-opentracing-deployment-1.7.2.Final.jar (5.5/5.7 kB) | quarkus-jdbc-h2-deployment-1.7.2.Final.jar (4.1/5.5 kB)Progress (2): quarkus-smallrye-opentracing-deployment-1.7.2.Final.jar (5.7 kB) | quarkus-jdbc-h2-deployment-1.7.2.Final.jar (4.1/5.5 kB)    Progress (2): quarkus-smallrye-opentracing-deployment-1.7.2.Final.jar (5.7 kB) | quarkus-jdbc-h2-deployment-1.7.2.Final.jar (5.5 kB)                                                                                                                                        Downloaded from central: https://repo.maven.apache.org/maven2/io/quarkus/quarkus-smallrye-opentracing-deployment/1.7.2.Final/quarkus-smallrye-opentracing-deployment-1.7.2.Final.jar (5.7 kB at 2.3 kB/s)
Downloaded from central: https://repo.maven.apache.org/maven2/io/quarkus/quarkus-jdbc-h2-deployment/1.7.2.Final/quarkus-jdbc-h2-deployment-1.7.2.Final.jar (5.5 kB at 2.3 kB/s)
&amp#27;[38;5;145m20:25:18&amp#27;[39m&amp#27;[38;5;188m &amp#27;[39m&amp#27;[38;5;137mWARN &amp#27;[39m&amp#27;[38;5;188m traceId=&amp#27;[39m&amp#27;[38;5;85m&amp#27;[39m&amp#27;[38;5;188m,spanId=&amp#27;[39m&amp#27;[38;5;85m&amp#27;[39m&amp#27;[38;5;188m, sampled=&amp#27;[39m&amp#27;[38;5;85m&amp#27;[39m&amp#27;[38;5;188m [&amp#27;[39m&amp#27;[38;5;69mio.qu.config&amp#27;[39m&amp#27;[38;5;188m] (&amp#27;[39m&amp#27;[38;5;71mmain&amp#27;[39m&amp#27;[38;5;188m) &amp#27;[39m&amp#27;[38;5;151m&amp#27;[39mUnrecognized configuration key "&amp#27;[38;5;188mquarkus.openshift.annotations.sidecar.jaegertracing.io/inject&amp#27;[39m" was provided; it will be ignored; verify that the dependency extension for this configuration is set or you did not make a typo&amp#27;[39m&amp#27;[38;5;203m&amp#27;[39m&amp#27;[38;5;227m
&amp#27;[39mHibernate: 
    
    drop table if exists Villain CASCADE 
Hibernate: 
    
    drop sequence if exists hibernate_sequence
Hibernate: create sequence hibernate_sequence start with 1 increment by 1
Hibernate: 
    
    create table Villain (
       id bigint not null,
        level integer not null check (level>=1),
        name varchar(50) not null,
        otherName varchar(255),
        picture varchar(255),
        powers TEXT,
        primary key (id)
    )
Hibernate: 
    INSERT INTO villain(id, name, otherName, picture, powers, level) VALUES (nextval('hibernate_sequence'), 'Buuccolo', 'Majin Buu', 'https://www.superherodb.com/pictures2/portraits/11/050/15355.jpg', 'Accelerated Healing, Adaptation, Agility, Flight, Immortality, Intelligence, Invulnerability, Reflexes, Self-Sustenance, Size Changing, Spatial Awareness, Stamina, Stealth, Super Breath, Super Speed, Super Strength, Teleportation', 22)
Hibernate: 
    INSERT INTO villain(id, name, otherName, picture, powers, level) VALUES (nextval('hibernate_sequence'), 'Darth Vader', 'Anakin Skywalker', 'https://www.superherodb.com/pictures2/portraits/10/050/10444.jpg', 'Accelerated Healing, Agility, Astral Projection, Cloaking, Danger Sense, Durability, Electrokinesis, Energy Blasts, Enhanced Hearing, Enhanced Senses, Force Fields, Hypnokinesis, Illusions, Intelligence, Jump, Light Control, Marksmanship, Precognition, Psionic Powers, Reflexes, Stealth, Super Speed, Telekinesis, Telepathy, The Force, Weapons Master', 13)
Hibernate: 
    INSERT INTO villain(id, name, otherName, picture, powers, level) VALUES (nextval('hibernate_sequence'), 'The Rival (CW)', 'Edward Clariss', 'https://www.superherodb.com/pictures2/portraits/11/050/13846.jpg', 'Accelerated Healing, Agility, Bullet Time, Durability, Electrokinesis, Endurance, Enhanced Senses, Intangibility, Marksmanship, Phasing, Reflexes, Speed Force, Stamina, Super Speed, Super Strength', 10)
Hibernate: 
    INSERT INTO villain(id, name, otherName, picture, powers, level) VALUES (nextval('hibernate_sequence'), 'William Stryker (FOX)', 'William Stryker, Jr.', 'https://www.superherodb.com/pictures2/portraits/10/050/13957.jpg', 'Intelligence, Intuitive aptitude, Marksmanship, Weapon-based Powers', 9)
Hibernate: 
    INSERT INTO villain(id, name, otherName, picture, powers, level) VALUES (nextval('hibernate_sequence'), 'Annihilus', 'Annihilus', 'https://www.superherodb.com/pictures2/portraits/10/050/1307.jpg', 'Agility, Durability, Flight, Reflexes, Stamina, Super Speed, Super Strength', 8)
Hibernate: 
    INSERT INTO villain(id, name, otherName, picture, powers, level) VALUES (nextval('hibernate_sequence'), 'Angel Salvadore (FOX)', 'Angel Salvadore', 'https://www.superherodb.com/pictures2/portraits/11/050/14367.jpg', 'Animal Attributes, Animal Oriented Powers, Energy Blasts, Flight, Regeneration, Toxin and Disease Control', 3)
Hibernate: 
    INSERT INTO villain(id, name, otherName, picture, powers, level) VALUES (nextval('hibernate_sequence'), 'Laufey (MCU)', 'Laufey', 'https://www.superherodb.com/pictures2/portraits/11/050/13974.jpg', 'Cold Resistance, Cryokinesis, Durability, Invulnerability, Longevity, Super Strength', 7)
Hibernate: 
    INSERT INTO villain(id, name, otherName, picture, powers, level) VALUES (nextval('hibernate_sequence'), 'Tobias Whale (CW)', 'Tobias Whale', 'https://www.superherodb.com/pictures2/portraits/11/050/15894.jpg', 'Durability, Endurance, Longevity, Marksmanship, Stamina, Super Strength', 5)
Hibernate: 
    INSERT INTO villain(id, name, otherName, picture, powers, level) VALUES (nextval('hibernate_sequence'), 'Towa', 'Towa', 'https://www.superherodb.com/pictures2/portraits/10/050/14841.jpg',         'Agility, Biokinesis, Durability, Energy Armor, Energy Beams, Energy Blasts, Energy Manipulation, Enhanced Senses, Flight, Force Fields, Intelligence, Magic, Mind Control, Portal Creation, Possession, Power Augmentation, Power Nullifier, Power Sense, Reflexes, Resurrection, Self-Sustenance, Size Changing, Stamina, Summoning, Super Speed, Super Strength, Teleportation, Time Travel, Umbrakinesis', 35)
Hibernate: 
    INSERT INTO villain(id, name, otherName, picture, powers, level) VALUES (nextval('hibernate_sequence'), 'Hela (MCU)', 'Hela Odinsdottir', 'https://www.superherodb.com/pictures2/portraits/11/050/12595.jpg', 'Accelerated Healing, Darkforce Manipulation, Durability, Elasticity, Longevity, Matter Manipulation, Portal Creation, Reflexes, Regeneration, Super Speed, Super Strength, Telekinesis', 17)
Hibernate: 
    INSERT INTO villain(id, name, otherName, picture, powers, level) VALUES (nextval('hibernate_sequence'), 'Queen Azshara', '', 'https://www.superherodb.com/pictures2/portraits/11/050/14261.jpg', 'Accelerated Healing, Astral Projection, Astral Travel, Darkforce Manipulation, Element Control, Energy Beams, Energy Blasts, Energy Manipulation, Enhanced Senses, Fire Control, Flight, Force Fields, Hair Manipulation, Heat Generation, Immortality, Invisibility, Magic, Matter Manipulation, Mind Blast, Phasing, Possession, Psionic Powers, Telepathy, Teleportation', 39)
Hibernate: 
    INSERT INTO villain(id, name, otherName, picture, powers, level) VALUES (nextval('hibernate_sequence'), 'Proto-Goblin', 'Nels Van Adder', 'https://www.superherodb.com/pictures2/portraits/10/050/1402.jpg', 'Agility, Durability, Natural Weapons, Super Strength', 5)
Hibernate: 
    INSERT INTO villain(id, name, otherName, picture, powers, level) VALUES (nextval('hibernate_sequence'), 'Ego (MCU)', 'Ego', 'https://www.superherodb.com/pictures2/portraits/11/050/13892.jpg', 'Durability, Element Control, Energy Manipulation, Flight, Immortality, Intelligence, Invulnerability, Light Control, Matter Manipulation, Molecular Manipulation, Self-Sustenance, Shapeshifting, Super Strength', 22)
Hibernate: 
    INSERT INTO villain(id, name, otherName, picture, powers, level) VALUES (nextval('hibernate_sequence'), 'Starscream', 'Starscream', 'https://www.superherodb.com/pictures2/portraits/10/050/10598.jpg',         'Agility, Biokinesis, Durability, Energy Beams, Energy Blasts, Energy Constructs, Energy Manipulation, Flight, Intelligence, Invulnerability, Jump, Longevity, Marksmanship, Natural Armor, Natural Weapons, Physical Anomaly, Shapeshifting, Size Changing, Stamina, Stealth, Super Speed, Super Strength, Toxin and Disease Resistance, Weapon-based Powers, Weapons Master', 11)
Hibernate: 
    INSERT INTO villain(id, name, otherName, picture, powers, level) VALUES (nextval('hibernate_sequence'), 'Janemba', 'Janemba', 'https://www.superherodb.com/pictures2/portraits/10/050/11523.jpg',         'Absorption, Agility, Duplication, Elasticity, Energy Absorption, Energy Armor, Energy Beams, Energy Blasts, Energy Manipulation, Enhanced Senses, Flight, Force Fields, Immortality, Invulnerability, Magic, Matter Manipulation, Molecular Manipulation, Portal Creation, Possession, Power Absorption, Power Augmentation, Power Nullifier, Power Sense, Reality Warping, Reflexes, Regeneration, Self-Sustenance, Stamina, Super Speed, Super Strength, Telekinesis, Teleportation, Weapon-based Powers, Weapons Master',         50)
Hibernate: 
    INSERT INTO villain(id, name, otherName, picture, powers, level) VALUES (nextval('hibernate_sequence'), 'Green Goblin II', 'Harold Osborn', 'https://www.superherodb.com/pictures2/portraits/10/050/25.jpg', 'Accelerated Healing, Durability, Insanity, Intelligence, Reflexes, Stamina, Super Speed, Super Strength', 7)
Hibernate: 
    INSERT INTO villain(id, name, otherName, picture, powers, level) VALUES (nextval('hibernate_sequence'), 'Elle Bishop', '', 'https://www.superherodb.com/pictures2/portraits/10/050/1021.jpg', 'Electrokinesis', 5)
&amp#27;[38;5;145m20:25:20&amp#27;[39m&amp#27;[38;5;188m &amp#27;[39m&amp#27;[38;5;107mINFO &amp#27;[39m&amp#27;[38;5;188m traceId=&amp#27;[39m&amp#27;[38;5;85m&amp#27;[39m&amp#27;[38;5;188m,spanId=&amp#27;[39m&amp#27;[38;5;85m&amp#27;[39m&amp#27;[38;5;188m, sampled=&amp#27;[39m&amp#27;[38;5;85m&amp#27;[39m&amp#27;[38;5;188m [&amp#27;[39m&amp#27;[38;5;69mio.qu.wo.su.vi.VillainApplicationLifeCycle&amp#27;[39m&amp#27;[38;5;188m] (&amp#27;[39m&amp#27;[38;5;71mmain&amp#27;[39m&amp#27;[38;5;188m) &amp#27;[39m&amp#27;[38;5;151m __     ___ _ _       _             _    ____ ___ &amp#27;[39m&amp#27;[38;5;203m&amp#27;[39m&amp#27;[38;5;227m
&amp#27;[39m&amp#27;[38;5;145m20:25:20&amp#27;[39m&amp#27;[38;5;188m &amp#27;[39m&amp#27;[38;5;107mINFO &amp#27;[39m&amp#27;[38;5;188m traceId=&amp#27;[39m&amp#27;[38;5;85m&amp#27;[39m&amp#27;[38;5;188m,spanId=&amp#27;[39m&amp#27;[38;5;85m&amp#27;[39m&amp#27;[38;5;188m, sampled=&amp#27;[39m&amp#27;[38;5;85m&amp#27;[39m&amp#27;[38;5;188m [&amp#27;[39m&amp#27;[38;5;69mio.qu.wo.su.vi.VillainApplicationLifeCycle&amp#27;[39m&amp#27;[38;5;188m] (&amp#27;[39m&amp#27;[38;5;71mmain&amp#27;[39m&amp#27;[38;5;188m) &amp#27;[39m&amp#27;[38;5;151m \ \   / (_) | | __ _(_)_ __       / \  |  _ \_ _|&amp#27;[39m&amp#27;[38;5;203m&amp#27;[39m&amp#27;[38;5;227m
&amp#27;[39m&amp#27;[38;5;145m20:25:20&amp#27;[39m&amp#27;[38;5;188m &amp#27;[39m&amp#27;[38;5;107mINFO &amp#27;[39m&amp#27;[38;5;188m traceId=&amp#27;[39m&amp#27;[38;5;85m&amp#27;[39m&amp#27;[38;5;188m,spanId=&amp#27;[39m&amp#27;[38;5;85m&amp#27;[39m&amp#27;[38;5;188m, sampled=&amp#27;[39m&amp#27;[38;5;85m&amp#27;[39m&amp#27;[38;5;188m [&amp#27;[39m&amp#27;[38;5;69mio.qu.wo.su.vi.VillainApplicationLifeCycle&amp#27;[39m&amp#27;[38;5;188m] (&amp#27;[39m&amp#27;[38;5;71mmain&amp#27;[39m&amp#27;[38;5;188m) &amp#27;[39m&amp#27;[38;5;151m  \ \ / /| | | |/ _` | | '_ \     / _ \ | |_) | | &amp#27;[39m&amp#27;[38;5;203m&amp#27;[39m&amp#27;[38;5;227m
&amp#27;[39m&amp#27;[38;5;145m20:25:20&amp#27;[39m&amp#27;[38;5;188m &amp#27;[39m&amp#27;[38;5;107mINFO &amp#27;[39m&amp#27;[38;5;188m traceId=&amp#27;[39m&amp#27;[38;5;85m&amp#27;[39m&amp#27;[38;5;188m,spanId=&amp#27;[39m&amp#27;[38;5;85m&amp#27;[39m&amp#27;[38;5;188m, sampled=&amp#27;[39m&amp#27;[38;5;85m&amp#27;[39m&amp#27;[38;5;188m [&amp#27;[39m&amp#27;[38;5;69mio.qu.wo.su.vi.VillainApplicationLifeCycle&amp#27;[39m&amp#27;[38;5;188m] (&amp#27;[39m&amp#27;[38;5;71mmain&amp#27;[39m&amp#27;[38;5;188m) &amp#27;[39m&amp#27;[38;5;151m   \ V / | | | | (_| | | | | |   / ___ \|  __/| | &amp#27;[39m&amp#27;[38;5;203m&amp#27;[39m&amp#27;[38;5;227m
&amp#27;[39m&amp#27;[38;5;145m20:25:20&amp#27;[39m&amp#27;[38;5;188m &amp#27;[39m&amp#27;[38;5;107mINFO &amp#27;[39m&amp#27;[38;5;188m traceId=&amp#27;[39m&amp#27;[38;5;85m&amp#27;[39m&amp#27;[38;5;188m,spanId=&amp#27;[39m&amp#27;[38;5;85m&amp#27;[39m&amp#27;[38;5;188m, sampled=&amp#27;[39m&amp#27;[38;5;85m&amp#27;[39m&amp#27;[38;5;188m [&amp#27;[39m&amp#27;[38;5;69mio.qu.wo.su.vi.VillainApplicationLifeCycle&amp#27;[39m&amp#27;[38;5;188m] (&amp#27;[39m&amp#27;[38;5;71mmain&amp#27;[39m&amp#27;[38;5;188m) &amp#27;[39m&amp#27;[38;5;151m    \_/  |_|_|_|\__,_|_|_| |_|  /_/   \_\_|  |___|&amp#27;[39m&amp#27;[38;5;203m&amp#27;[39m&amp#27;[38;5;227m
&amp#27;[39m&amp#27;[38;5;145m20:25:20&amp#27;[39m&amp#27;[38;5;188m &amp#27;[39m&amp#27;[38;5;107mINFO &amp#27;[39m&amp#27;[38;5;188m traceId=&amp#27;[39m&amp#27;[38;5;85m&amp#27;[39m&amp#27;[38;5;188m,spanId=&amp#27;[39m&amp#27;[38;5;85m&amp#27;[39m&amp#27;[38;5;188m, sampled=&amp#27;[39m&amp#27;[38;5;85m&amp#27;[39m&amp#27;[38;5;188m [&amp#27;[39m&amp#27;[38;5;69mio.qu.wo.su.vi.VillainApplicationLifeCycle&amp#27;[39m&amp#27;[38;5;188m] (&amp#27;[39m&amp#27;[38;5;71mmain&amp#27;[39m&amp#27;[38;5;188m) &amp#27;[39m&amp#27;[38;5;151m                         Powered by Quarkus&amp#27;[39m&amp#27;[38;5;203m&amp#27;[39m&amp#27;[38;5;227m
&amp#27;[39m&amp#27;[38;5;145m20:25:20&amp#27;[39m&amp#27;[38;5;188m &amp#27;[39m&amp#27;[38;5;107mINFO &amp#27;[39m&amp#27;[38;5;188m traceId=&amp#27;[39m&amp#27;[38;5;85m&amp#27;[39m&amp#27;[38;5;188m,spanId=&amp#27;[39m&amp#27;[38;5;85m&amp#27;[39m&amp#27;[38;5;188m, sampled=&amp#27;[39m&amp#27;[38;5;85m&amp#27;[39m&amp#27;[38;5;188m [&amp#27;[39m&amp#27;[38;5;69mio.qu.wo.su.vi.VillainApplicationLifeCycle&amp#27;[39m&amp#27;[38;5;188m] (&amp#27;[39m&amp#27;[38;5;71mmain&amp#27;[39m&amp#27;[38;5;188m) &amp#27;[39m&amp#27;[38;5;151mThe application VILLAIN is starting with profile test&amp#27;[39m&amp#27;[38;5;203m&amp#27;[39m&amp#27;[38;5;227m
&amp#27;[39m&amp#27;[38;5;145m20:25:20&amp#27;[39m&amp#27;[38;5;188m &amp#27;[39m&amp#27;[38;5;107mINFO &amp#27;[39m&amp#27;[38;5;188m traceId=&amp#27;[39m&amp#27;[38;5;85m&amp#27;[39m&amp#27;[38;5;188m,spanId=&amp#27;[39m&amp#27;[38;5;85m&amp#27;[39m&amp#27;[38;5;188m, sampled=&amp#27;[39m&amp#27;[38;5;85m&amp#27;[39m&amp#27;[38;5;188m [&amp#27;[39m&amp#27;[38;5;69mio.quarkus&amp#27;[39m&amp#27;[38;5;188m] (&amp#27;[39m&amp#27;[38;5;71mmain&amp#27;[39m&amp#27;[38;5;188m) &amp#27;[39m&amp#27;[38;5;151m&amp#27;[39mQuarkus &amp#27;[38;5;188m1.7.2.Final&amp#27;[39m &amp#27;[38;5;188mon JVM&amp#27;[39m started in &amp#27;[38;5;188m8.329&amp#27;[39ms. &amp#27;[38;5;188mListening on: http://0.0.0.0:8081&amp#27;[39m&amp#27;[39m&amp#27;[38;5;203m&amp#27;[39m&amp#27;[38;5;227m
&amp#27;[39m&amp#27;[38;5;145m20:25:20&amp#27;[39m&amp#27;[38;5;188m &amp#27;[39m&amp#27;[38;5;107mINFO &amp#27;[39m&amp#27;[38;5;188m traceId=&amp#27;[39m&amp#27;[38;5;85m&amp#27;[39m&amp#27;[38;5;188m,spanId=&amp#27;[39m&amp#27;[38;5;85m&amp#27;[39m&amp#27;[38;5;188m, sampled=&amp#27;[39m&amp#27;[38;5;85m&amp#27;[39m&amp#27;[38;5;188m [&amp#27;[39m&amp#27;[38;5;69mio.quarkus&amp#27;[39m&amp#27;[38;5;188m] (&amp#27;[39m&amp#27;[38;5;71mmain&amp#27;[39m&amp#27;[38;5;188m) &amp#27;[39m&amp#27;[38;5;151m&amp#27;[39mProfile &amp#27;[38;5;188mtest&amp#27;[39m activated. &amp#27;[38;5;188m&amp#27;[39m&amp#27;[39m&amp#27;[38;5;203m&amp#27;[39m&amp#27;[38;5;227m
&amp#27;[39m&amp#27;[38;5;145m20:25:20&amp#27;[39m&amp#27;[38;5;188m &amp#27;[39m&amp#27;[38;5;107mINFO &amp#27;[39m&amp#27;[38;5;188m traceId=&amp#27;[39m&amp#27;[38;5;85m&amp#27;[39m&amp#27;[38;5;188m,spanId=&amp#27;[39m&amp#27;[38;5;85m&amp#27;[39m&amp#27;[38;5;188m, sampled=&amp#27;[39m&amp#27;[38;5;85m&amp#27;[39m&amp#27;[38;5;188m [&amp#27;[39m&amp#27;[38;5;69mio.quarkus&amp#27;[39m&amp#27;[38;5;188m] (&amp#27;[39m&amp#27;[38;5;71mmain&amp#27;[39m&amp#27;[38;5;188m) &amp#27;[39m&amp#27;[38;5;151m&amp#27;[39mInstalled features: [&amp#27;[38;5;188magroal, cdi, hibernate-orm, hibernate-orm-panache, hibernate-validator, jaeger, jdbc-h2, jdbc-postgresql, kubernetes, mutiny, narayana-jta, resteasy, resteasy-jsonb, smallrye-context-propagation, smallrye-health, smallrye-metrics, smallrye-openapi, smallrye-opentracing, swagger-ui&amp#27;[39m]&amp#27;[39m&amp#27;[38;5;203m&amp#27;[39m&amp#27;[38;5;227m
&amp#27;[39mHibernate: 
    select
        villain0_.id as id1_0_,
        villain0_.level as level2_0_,
        villain0_.name as name3_0_,
        villain0_.otherName as othernam4_0_,
        villain0_.picture as picture5_0_,
        villain0_.powers as powers6_0_ 
    from
        Villain villain0_
]]></system-out>
  </testcase>
  <testcase name="shouldAddAnItem" classname="io.quarkus.workshop.superheroes.villain.VillainResourceTest" time="0.899">
    <system-out><![CDATA[Hibernate: 
    call next value for hibernate_sequence
Hibernate: 
    insert 
    into
        Villain
        (level, name, otherName, picture, powers, id) 
    values
        (?, ?, ?, ?, ?, ?)
Hibernate: 
    select
        villain0_.id as id1_0_0_,
        villain0_.level as level2_0_0_,
        villain0_.name as name3_0_0_,
        villain0_.otherName as othernam4_0_0_,
        villain0_.picture as picture5_0_0_,
        villain0_.powers as powers6_0_0_ 
    from
        Villain villain0_ 
    where
        villain0_.id=?
Hibernate: 
    select
        villain0_.id as id1_0_,
        villain0_.level as level2_0_,
        villain0_.name as name3_0_,
        villain0_.otherName as othernam4_0_,
        villain0_.picture as picture5_0_,
        villain0_.powers as powers6_0_ 
    from
        Villain villain0_
]]></system-out>
  </testcase>
  <testcase name="testUpdatingAnItem" classname="io.quarkus.workshop.superheroes.villain.VillainResourceTest" time="0.131">
    <system-out><![CDATA[Hibernate: 
    select
        villain0_.id as id1_0_0_,
        villain0_.level as level2_0_0_,
        villain0_.name as name3_0_0_,
        villain0_.otherName as othernam4_0_0_,
        villain0_.picture as picture5_0_0_,
        villain0_.powers as powers6_0_0_ 
    from
        Villain villain0_ 
    where
        villain0_.id=?
Hibernate: 
    update
        Villain 
    set
        level=?,
        name=?,
        otherName=?,
        picture=?,
        powers=? 
    where
        id=?
Hibernate: 
    select
        villain0_.id as id1_0_,
        villain0_.level as level2_0_,
        villain0_.name as name3_0_,
        villain0_.otherName as othernam4_0_,
        villain0_.picture as picture5_0_,
        villain0_.powers as powers6_0_ 
    from
        Villain villain0_
]]></system-out>
  </testcase>
  <testcase name="shouldRemoveAnItem" classname="io.quarkus.workshop.superheroes.villain.VillainResourceTest" time="0.06">
    <system-out><![CDATA[Hibernate: 
    select
        villain0_.id as id1_0_0_,
        villain0_.level as level2_0_0_,
        villain0_.name as name3_0_0_,
        villain0_.otherName as othernam4_0_0_,
        villain0_.picture as picture5_0_0_,
        villain0_.powers as powers6_0_0_ 
    from
        Villain villain0_ 
    where
        villain0_.id=?
Hibernate: 
    delete 
    from
        Villain 
    where
        id=?
Hibernate: 
    select
        villain0_.id as id1_0_,
        villain0_.level as level2_0_,
        villain0_.name as name3_0_,
        villain0_.otherName as othernam4_0_,
        villain0_.picture as picture5_0_,
        villain0_.powers as powers6_0_ 
    from
        Villain villain0_
]]></system-out>
  </testcase>
  <testcase name="shouldGetRandomVillain" classname="io.quarkus.workshop.superheroes.villain.VillainResourceTest" time="0.042">
    <system-out><![CDATA[Hibernate: 
    select
        count(*) as col_0_0_ 
    from
        Villain villain0_
Hibernate: 
    select
        villain0_.id as id1_0_,
        villain0_.level as level2_0_,
        villain0_.name as name3_0_,
        villain0_.otherName as othernam4_0_,
        villain0_.picture as picture5_0_,
        villain0_.powers as powers6_0_ 
    from
        Villain villain0_ limit ? offset ?
]]></system-out>
  </testcase>
  <testcase name="shouldPingSwaggerUI" classname="io.quarkus.workshop.superheroes.villain.VillainResourceTest" time="0.035"/>
  <testcase name="shouldPingMetrics" classname="io.quarkus.workshop.superheroes.villain.VillainResourceTest" time="0.1"/>
  <testcase name="shouldPingReadiness" classname="io.quarkus.workshop.superheroes.villain.VillainResourceTest" time="0.055"/>
  <testcase name="shouldNotAddInvalidItem" classname="io.quarkus.workshop.superheroes.villain.VillainResourceTest" time="0.043"/>
  <testcase name="shouldPingLiveness" classname="io.quarkus.workshop.superheroes.villain.VillainResourceTest" time="0.01"/>
  <testcase name="shouldNotGetUnknownVillain" classname="io.quarkus.workshop.superheroes.villain.VillainResourceTest" time="0.02">
    <system-out><![CDATA[Hibernate: 
    select
        villain0_.id as id1_0_0_,
        villain0_.level as level2_0_0_,
        villain0_.name as name3_0_0_,
        villain0_.otherName as othernam4_0_0_,
        villain0_.picture as picture5_0_0_,
        villain0_.powers as powers6_0_0_ 
    from
        Villain villain0_ 
    where
        villain0_.id=?
]]></system-out>
  </testcase>
  <testcase name="testHelloEndpoint" classname="io.quarkus.workshop.superheroes.villain.VillainResourceTest" time="0.029"/>
  <testcase name="shouldPingOpenAPI" classname="io.quarkus.workshop.superheroes.villain.VillainResourceTest" time="0.014"/>
</testsuite>